-- Found ament_cmake: 1.3.8 (/opt/ros/humble/share/ament_cmake/cmake)
-- Override CMake install command with custom implementation using symlinks instead of copying resources
-- Found xarm_description: 0.0.0 (/overlay_ws/install/xarm_description/share/xarm_description/cmake)
-- Found rclcpp: 16.0.8 (/opt/ros/humble/share/rclcpp/cmake)
-- Found rosidl_generator_c: 3.1.5 (/opt/ros/humble/share/rosidl_generator_c/cmake)
-- Found rosidl_adapter: 3.1.5 (/opt/ros/humble/share/rosidl_adapter/cmake)
-- Found rosidl_generator_cpp: 3.1.5 (/opt/ros/humble/share/rosidl_generator_cpp/cmake)
-- Using all available rosidl_typesupport_c: rosidl_typesupport_fastrtps_c;rosidl_typesupport_introspection_c
-- Using all available rosidl_typesupport_cpp: rosidl_typesupport_fastrtps_cpp;rosidl_typesupport_introspection_cpp
-- Found rmw_implementation_cmake: 6.1.1 (/opt/ros/humble/share/rmw_implementation_cmake/cmake)
-- Found rmw_cyclonedds_cpp: 1.3.4 (/opt/ros/humble/share/rmw_cyclonedds_cpp/cmake)
-- Using RMW implementation 'rmw_cyclonedds_cpp' as default
-- Looking for pthread.h
-- Looking for pthread.h - found
-- Performing Test CMAKE_HAVE_LIBC_PTHREAD
-- Performing Test CMAKE_HAVE_LIBC_PTHREAD - Success
-- Found Threads: TRUE  
-- Found controller_manager: 2.40.0 (/opt/ros/humble/share/controller_manager/cmake)
-- Found xarm_moveit_config: 0.3.0 (/overlay_ws/install/xarm_moveit_config/share/xarm_moveit_config/cmake)
[31mCMake Error at CMakeLists.txt:14 (find_package):
  By not providing "Findgazebo_ros2_control.cmake" in CMAKE_MODULE_PATH this
  project has asked CMake to find a package configuration file provided by
  "gazebo_ros2_control", but CMake did not find one.

  Could not find a package configuration file provided by
  "gazebo_ros2_control" with any of the following names:

    gazebo_ros2_controlConfig.cmake
    gazebo_ros2_control-config.cmake

  Add the installation prefix of "gazebo_ros2_control" to CMAKE_PREFIX_PATH
  or set "gazebo_ros2_control_DIR" to a directory containing one of the above
  files.  If "gazebo_ros2_control" provides a separate development package or
  SDK, be sure it has been installed.

[0m
-- Configuring incomplete, errors occurred!
See also "/overlay_ws/build/flower_catcher_gazebo/CMakeFiles/CMakeOutput.log".
