[0.021s] Invoking command in '/overlay_ws/build/xarm_description': CMAKE_PREFIX_PATH=${CMAKE_PREFIX_PATH}:/opt/ros/humble /usr/bin/cmake --build /overlay_ws/build/xarm_description -- -j12 -l12
[0.157s] -- Found ament_cmake: 1.3.8 (/opt/ros/humble/share/ament_cmake/cmake)
[0.278s] -- Override CMake install command with custom implementation using symlinks instead of copying resources
[0.293s] -- Found xacro: 2.0.8 (/opt/ros/humble/share/xacro/cmake)
[0.329s] [31mCMake Error at CMakeLists.txt:11 (find_package):
[0.329s]   By not providing "Findjoint_state_publisher_gui.cmake" in CMAKE_MODULE_PATH
[0.329s]   this project has asked CMake to find a package configuration file provided
[0.329s]   by "joint_state_publisher_gui", but CMake did not find one.
[0.329s] 
[0.329s]   Could not find a package configuration file provided by
[0.329s]   "joint_state_publisher_gui" with any of the following names:
[0.329s] 
[0.329s]     joint_state_publisher_guiConfig.cmake
[0.329s]     joint_state_publisher_gui-config.cmake
[0.329s] 
[0.329s]   Add the installation prefix of "joint_state_publisher_gui" to
[0.329s]   CMAKE_PREFIX_PATH or set "joint_state_publisher_gui_DIR" to a directory
[0.329s]   containing one of the above files.  If "joint_state_publisher_gui" provides
[0.329s]   a separate development package or SDK, be sure it has been installed.
[0.329s] 
[0.329s] [0m
[0.330s] -- Configuring incomplete, errors occurred!
[0.330s] See also "/overlay_ws/build/xarm_description/CMakeFiles/CMakeOutput.log".
[0.335s] gmake: *** [Makefile:226: cmake_check_build_system] Error 1
[0.337s] Invoked command in '/overlay_ws/build/xarm_description' returned '2': CMAKE_PREFIX_PATH=${CMAKE_PREFIX_PATH}:/opt/ros/humble /usr/bin/cmake --build /overlay_ws/build/xarm_description -- -j12 -l12
