[0.010s] Invoking command in '/overlay_ws/build/xarm_moveit_config': CMAKE_PREFIX_PATH=${CMAKE_PREFIX_PATH}:/opt/ros/humble /usr/bin/cmake /overlay_ws/src/xarm_moveit_config -DAMENT_CMAKE_SYMLINK_INSTALL=1 -DCMAKE_INSTALL_PREFIX=/overlay_ws/install/xarm_moveit_config
[0.074s] -- The C compiler identification is GNU 11.4.0
[0.136s] -- The CXX compiler identification is GNU 11.4.0
[0.165s] -- Detecting C compiler ABI info
[0.331s] -- Detecting C compiler ABI info - done
[0.342s] -- Check for working C compiler: /usr/bin/cc - skipped
[0.346s] -- Detecting C compile features
[0.347s] -- Detecting C compile features - done
[0.351s] -- Detecting CXX compiler ABI info
[0.423s] -- Detecting CXX compiler ABI info - done
[0.429s] -- Check for working CXX compiler: /usr/bin/c++ - skipped
[0.430s] -- Detecting CXX compile features
[0.430s] -- Detecting CXX compile features - done
[0.435s] -- Found ament_cmake: 1.3.8 (/opt/ros/humble/share/ament_cmake/cmake)
[0.586s] -- Found Python3: /usr/bin/python3 (found version "3.10.12") found components: Interpreter 
[0.658s] -- Override CMake install command with custom implementation using symlinks instead of copying resources
[0.817s] -- Configuring done
[0.820s] -- Generating done
[0.820s] -- Build files have been written to: /overlay_ws/build/xarm_moveit_config
[0.825s] Invoked command in '/overlay_ws/build/xarm_moveit_config' returned '0': CMAKE_PREFIX_PATH=${CMAKE_PREFIX_PATH}:/opt/ros/humble /usr/bin/cmake /overlay_ws/src/xarm_moveit_config -DAMENT_CMAKE_SYMLINK_INSTALL=1 -DCMAKE_INSTALL_PREFIX=/overlay_ws/install/xarm_moveit_config
[0.825s] Invoking command in '/overlay_ws/build/xarm_moveit_config': CMAKE_PREFIX_PATH=${CMAKE_PREFIX_PATH}:/opt/ros/humble /usr/bin/cmake --build /overlay_ws/build/xarm_moveit_config -- -j12 -l12
[0.861s] Invoked command in '/overlay_ws/build/xarm_moveit_config' returned '0': CMAKE_PREFIX_PATH=${CMAKE_PREFIX_PATH}:/opt/ros/humble /usr/bin/cmake --build /overlay_ws/build/xarm_moveit_config -- -j12 -l12
[0.885s] Invoking command in '/overlay_ws/build/xarm_moveit_config': CMAKE_PREFIX_PATH=${CMAKE_PREFIX_PATH}:/opt/ros/humble /usr/bin/cmake --install /overlay_ws/build/xarm_moveit_config
[0.891s] -- Install configuration: ""
[0.892s] -- Execute custom install script
[0.892s] -- Symlinking: /overlay_ws/install/xarm_moveit_config/share/ament_index/resource_index/package_run_dependencies/xarm_moveit_config
[0.900s] -- Symlinking: /overlay_ws/install/xarm_moveit_config/share/ament_index/resource_index/parent_prefix_path/xarm_moveit_config
[0.908s] -- Symlinking: /overlay_ws/install/xarm_moveit_config/share/xarm_moveit_config/environment/ament_prefix_path.sh
[0.917s] -- Symlinking: /overlay_ws/install/xarm_moveit_config/share/xarm_moveit_config/environment/ament_prefix_path.dsv
[0.925s] -- Symlinking: /overlay_ws/install/xarm_moveit_config/share/xarm_moveit_config/environment/path.sh
[0.934s] -- Symlinking: /overlay_ws/install/xarm_moveit_config/share/xarm_moveit_config/environment/path.dsv
[0.943s] -- Symlinking: /overlay_ws/install/xarm_moveit_config/share/xarm_moveit_config/local_setup.bash
[0.952s] -- Symlinking: /overlay_ws/install/xarm_moveit_config/share/xarm_moveit_config/local_setup.sh
[0.964s] -- Symlinking: /overlay_ws/install/xarm_moveit_config/share/xarm_moveit_config/local_setup.zsh
[0.973s] -- Symlinking: /overlay_ws/install/xarm_moveit_config/share/xarm_moveit_config/local_setup.dsv
[0.983s] -- Symlinking: /overlay_ws/install/xarm_moveit_config/share/xarm_moveit_config/package.dsv
[0.991s] -- Symlinking: /overlay_ws/install/xarm_moveit_config/share/ament_index/resource_index/packages/xarm_moveit_config
[1.000s] -- Symlinking: /overlay_ws/install/xarm_moveit_config/share/xarm_moveit_config/cmake/xarm_moveit_configConfig.cmake
[1.009s] -- Symlinking: /overlay_ws/install/xarm_moveit_config/share/xarm_moveit_config/cmake/xarm_moveit_configConfig-version.cmake
[1.018s] -- Symlinking: /overlay_ws/install/xarm_moveit_config/share/xarm_moveit_config/package.xml
[1.028s] -- Symlinking: /overlay_ws/install/xarm_moveit_config/share/xarm_moveit_config/launch/demo.launch.py
[1.036s] -- Symlinking: /overlay_ws/install/xarm_moveit_config/share/xarm_moveit_config/launch/move_group.launch.py
[1.045s] -- Symlinking: /overlay_ws/install/xarm_moveit_config/share/xarm_moveit_config/launch/moveit_rviz.launch.py
[1.054s] -- Symlinking: /overlay_ws/install/xarm_moveit_config/share/xarm_moveit_config/launch/rsp.launch.py
[1.064s] -- Symlinking: /overlay_ws/install/xarm_moveit_config/share/xarm_moveit_config/launch/setup_assistant.launch.py
[1.074s] -- Symlinking: /overlay_ws/install/xarm_moveit_config/share/xarm_moveit_config/launch/spawn_controllers.launch.py
[1.083s] -- Symlinking: /overlay_ws/install/xarm_moveit_config/share/xarm_moveit_config/launch/static_virtual_joint_tfs.launch.py
[1.091s] -- Symlinking: /overlay_ws/install/xarm_moveit_config/share/xarm_moveit_config/launch/warehouse_db.launch.py
[1.100s] -- Symlinking: /overlay_ws/install/xarm_moveit_config/share/xarm_moveit_config/config/initial_positions.yaml
[1.109s] -- Symlinking: /overlay_ws/install/xarm_moveit_config/share/xarm_moveit_config/config/joint_limits.yaml
[1.117s] -- Symlinking: /overlay_ws/install/xarm_moveit_config/share/xarm_moveit_config/config/kinematics.yaml
[1.126s] -- Symlinking: /overlay_ws/install/xarm_moveit_config/share/xarm_moveit_config/config/moveit.rviz
[1.134s] -- Symlinking: /overlay_ws/install/xarm_moveit_config/share/xarm_moveit_config/config/moveit_controllers.yaml
[1.143s] -- Symlinking: /overlay_ws/install/xarm_moveit_config/share/xarm_moveit_config/config/pilz_cartesian_limits.yaml
[1.152s] -- Symlinking: /overlay_ws/install/xarm_moveit_config/share/xarm_moveit_config/config/ros2_controllers.yaml
[1.161s] -- Symlinking: /overlay_ws/install/xarm_moveit_config/share/xarm_moveit_config/config/xarm.ros2_control.xacro
[1.171s] -- Symlinking: /overlay_ws/install/xarm_moveit_config/share/xarm_moveit_config/config/xarm.srdf
[1.181s] -- Symlinking: /overlay_ws/install/xarm_moveit_config/share/xarm_moveit_config/config/xarm.urdf.xacro
[1.189s] -- Symlinking: /overlay_ws/install/xarm_moveit_config/share/xarm_moveit_config/rviz/view_robot.rviz
[1.198s] -- Symlinking: /overlay_ws/install/xarm_moveit_config/share/xarm_moveit_config/.setup_assistant
[1.210s] Invoked command in '/overlay_ws/build/xarm_moveit_config' returned '0': CMAKE_PREFIX_PATH=${CMAKE_PREFIX_PATH}:/opt/ros/humble /usr/bin/cmake --install /overlay_ws/build/xarm_moveit_config
