-- Install configuration: ""
-- Execute custom install script
-- Up-to-date symlink: /overlay_ws/install/xarm_description/share/xarm_description//launch/display.launch.py
-- Up-to-date symlink: /overlay_ws/install/xarm_description/share/xarm_description//meshes/stls/base.stl
-- Up-to-date symlink: /overlay_ws/install/xarm_description/share/xarm_description//meshes/stls/finger_l.stl
-- Up-to-date symlink: /overlay_ws/install/xarm_description/share/xarm_description//meshes/stls/finger_r.stl
-- Up-to-date symlink: /overlay_ws/install/xarm_description/share/xarm_description//meshes/stls/gripper_base.stl
-- Up-to-date symlink: /overlay_ws/install/xarm_description/share/xarm_description//meshes/stls/link2.stl
-- Up-to-date symlink: /overlay_ws/install/xarm_description/share/xarm_description//meshes/stls/link3.stl
-- Up-to-date symlink: /overlay_ws/install/xarm_description/share/xarm_description//meshes/stls/link4.stl
-- Up-to-date symlink: /overlay_ws/install/xarm_description/share/xarm_description//meshes/stls/link5.stl
-- Up-to-date symlink: /overlay_ws/install/xarm_description/share/xarm_description//meshes/stls/link6.stl
-- Up-to-date symlink: /overlay_ws/install/xarm_description/share/xarm_description//rviz/view_robot.rviz
-- Up-to-date symlink: /overlay_ws/install/xarm_description/share/xarm_description//urdf/gripper.urdf.xacro
-- Up-to-date symlink: /overlay_ws/install/xarm_description/share/xarm_description//urdf/xarm.urdf.xacro
-- Up-to-date symlink: /overlay_ws/install/xarm_description/share/xarm_description//urdf/xarm_world.urdf.xacro
-- Up-to-date symlink: /overlay_ws/install/xarm_description/share/ament_index/resource_index/package_run_dependencies/xarm_description
-- Up-to-date symlink: /overlay_ws/install/xarm_description/share/ament_index/resource_index/parent_prefix_path/xarm_description
-- Up-to-date symlink: /overlay_ws/install/xarm_description/share/xarm_description/environment/ament_prefix_path.sh
-- Up-to-date symlink: /overlay_ws/install/xarm_description/share/xarm_description/environment/ament_prefix_path.dsv
-- Up-to-date symlink: /overlay_ws/install/xarm_description/share/xarm_description/environment/path.sh
-- Up-to-date symlink: /overlay_ws/install/xarm_description/share/xarm_description/environment/path.dsv
-- Up-to-date symlink: /overlay_ws/install/xarm_description/share/xarm_description/local_setup.bash
-- Up-to-date symlink: /overlay_ws/install/xarm_description/share/xarm_description/local_setup.sh
-- Up-to-date symlink: /overlay_ws/install/xarm_description/share/xarm_description/local_setup.zsh
-- Up-to-date symlink: /overlay_ws/install/xarm_description/share/xarm_description/local_setup.dsv
-- Symlinking: /overlay_ws/install/xarm_description/share/xarm_description/package.dsv
-- Up-to-date symlink: /overlay_ws/install/xarm_description/share/ament_index/resource_index/packages/xarm_description
-- Up-to-date symlink: /overlay_ws/install/xarm_description/share/xarm_description/cmake/xarm_descriptionConfig.cmake
-- Up-to-date symlink: /overlay_ws/install/xarm_description/share/xarm_description/cmake/xarm_descriptionConfig-version.cmake
-- Up-to-date symlink: /overlay_ws/install/xarm_description/share/xarm_description/package.xml
