[0.096s] DEBUG:colcon:Command line arguments: ['/usr/bin/colcon', 'build', '--symlink-install']
[0.096s] DEBUG:colcon:Parsed command line arguments: Namespace(log_base=None, log_level=None, verb_name='build', build_base='build', install_base='install', merge_install=False, symlink_install=True, test_result_base=None, continue_on_error=False, executor='parallel', parallel_workers=12, event_handlers=None, ignore_user_meta=False, metas=['./colcon.meta'], base_paths=['.'], packages_ignore=None, packages_ignore_regex=None, paths=None, packages_up_to=None, packages_up_to_regex=None, packages_above=None, packages_above_and_dependencies=None, packages_above_depth=None, packages_select_by_dep=None, packages_skip_by_dep=None, packages_skip_up_to=None, packages_select_build_failed=False, packages_skip_build_finished=False, packages_select_test_failures=False, packages_skip_test_passed=False, packages_select=None, packages_skip=None, packages_select_regex=None, packages_skip_regex=None, packages_start=None, packages_end=None, cmake_args=None, cmake_target=None, cmake_target_skip_unavailable=False, cmake_clean_cache=False, cmake_clean_first=False, cmake_force_configure=False, ament_cmake_args=None, catkin_cmake_args=None, catkin_skip_building_tests=False, mixin_files=None, mixin=None, verb_parser=<colcon_mixin.mixin.mixin_argument.MixinArgumentDecorator object at 0x757859878220>, verb_extension=<colcon_core.verb.build.BuildVerb object at 0x75785998c8b0>, main=<bound method BuildVerb.main of <colcon_core.verb.build.BuildVerb object at 0x75785998c8b0>>, mixin_verb=('build',))
[0.234s] Level 1:colcon.colcon_core.package_discovery:discover_packages(colcon_meta) check parameters
[0.234s] Level 1:colcon.colcon_core.package_discovery:discover_packages(recursive) check parameters
[0.234s] Level 1:colcon.colcon_core.package_discovery:discover_packages(ignore) check parameters
[0.234s] Level 1:colcon.colcon_core.package_discovery:discover_packages(path) check parameters
[0.234s] Level 1:colcon.colcon_core.package_discovery:discover_packages(colcon_meta) discover
[0.234s] Level 1:colcon.colcon_core.package_discovery:discover_packages(recursive) discover
[0.234s] INFO:colcon.colcon_core.package_discovery:Crawling recursively for packages in '/overlay_ws'
[0.234s] Level 1:colcon.colcon_core.package_identification:_identify(.) by extensions ['ignore', 'ignore_ament_install']
[0.235s] Level 1:colcon.colcon_core.package_identification:_identify(.) by extension 'ignore'
[0.235s] Level 1:colcon.colcon_core.package_identification:_identify(.) by extension 'ignore_ament_install'
[0.235s] Level 1:colcon.colcon_core.package_identification:_identify(.) by extensions ['colcon_pkg']
[0.235s] Level 1:colcon.colcon_core.package_identification:_identify(.) by extension 'colcon_pkg'
[0.235s] Level 1:colcon.colcon_core.package_identification:_identify(.) by extensions ['colcon_meta']
[0.235s] Level 1:colcon.colcon_core.package_identification:_identify(.) by extension 'colcon_meta'
[0.235s] Level 1:colcon.colcon_core.package_identification:_identify(.) by extensions ['ros']
[0.235s] Level 1:colcon.colcon_core.package_identification:_identify(.) by extension 'ros'
[0.245s] Level 1:colcon.colcon_core.package_identification:_identify(.) by extensions ['cmake', 'python']
[0.246s] Level 1:colcon.colcon_core.package_identification:_identify(.) by extension 'cmake'
[0.246s] Level 1:colcon.colcon_core.package_identification:_identify(.) by extension 'python'
[0.246s] Level 1:colcon.colcon_core.package_identification:_identify(.) by extensions ['python_setup_py']
[0.246s] Level 1:colcon.colcon_core.package_identification:_identify(.) by extension 'python_setup_py'
[0.246s] Level 1:colcon.colcon_core.package_identification:_identify(build) by extensions ['ignore', 'ignore_ament_install']
[0.246s] Level 1:colcon.colcon_core.package_identification:_identify(build) by extension 'ignore'
[0.246s] Level 1:colcon.colcon_core.package_identification:_identify(build) ignored
[0.246s] Level 1:colcon.colcon_core.package_identification:_identify(install) by extensions ['ignore', 'ignore_ament_install']
[0.246s] Level 1:colcon.colcon_core.package_identification:_identify(install) by extension 'ignore'
[0.246s] Level 1:colcon.colcon_core.package_identification:_identify(install) ignored
[0.246s] Level 1:colcon.colcon_core.package_identification:_identify(log) by extensions ['ignore', 'ignore_ament_install']
[0.246s] Level 1:colcon.colcon_core.package_identification:_identify(log) by extension 'ignore'
[0.246s] Level 1:colcon.colcon_core.package_identification:_identify(log) ignored
[0.246s] Level 1:colcon.colcon_core.package_identification:_identify(src) by extensions ['ignore', 'ignore_ament_install']
[0.247s] Level 1:colcon.colcon_core.package_identification:_identify(src) by extension 'ignore'
[0.247s] Level 1:colcon.colcon_core.package_identification:_identify(src) by extension 'ignore_ament_install'
[0.247s] Level 1:colcon.colcon_core.package_identification:_identify(src) by extensions ['colcon_pkg']
[0.247s] Level 1:colcon.colcon_core.package_identification:_identify(src) by extension 'colcon_pkg'
[0.247s] Level 1:colcon.colcon_core.package_identification:_identify(src) by extensions ['colcon_meta']
[0.247s] Level 1:colcon.colcon_core.package_identification:_identify(src) by extension 'colcon_meta'
[0.247s] Level 1:colcon.colcon_core.package_identification:_identify(src) by extensions ['ros']
[0.247s] Level 1:colcon.colcon_core.package_identification:_identify(src) by extension 'ros'
[0.247s] Level 1:colcon.colcon_core.package_identification:_identify(src) by extensions ['cmake', 'python']
[0.247s] Level 1:colcon.colcon_core.package_identification:_identify(src) by extension 'cmake'
[0.247s] Level 1:colcon.colcon_core.package_identification:_identify(src) by extension 'python'
[0.247s] Level 1:colcon.colcon_core.package_identification:_identify(src) by extensions ['python_setup_py']
[0.247s] Level 1:colcon.colcon_core.package_identification:_identify(src) by extension 'python_setup_py'
[0.247s] Level 1:colcon.colcon_core.package_identification:_identify(src/xarm_description) by extensions ['ignore', 'ignore_ament_install']
[0.247s] Level 1:colcon.colcon_core.package_identification:_identify(src/xarm_description) by extension 'ignore'
[0.247s] Level 1:colcon.colcon_core.package_identification:_identify(src/xarm_description) by extension 'ignore_ament_install'
[0.247s] Level 1:colcon.colcon_core.package_identification:_identify(src/xarm_description) by extensions ['colcon_pkg']
[0.247s] Level 1:colcon.colcon_core.package_identification:_identify(src/xarm_description) by extension 'colcon_pkg'
[0.247s] Level 1:colcon.colcon_core.package_identification:_identify(src/xarm_description) by extensions ['colcon_meta']
[0.247s] Level 1:colcon.colcon_core.package_identification:_identify(src/xarm_description) by extension 'colcon_meta'
[0.248s] Level 1:colcon.colcon_core.package_identification:_identify(src/xarm_description) by extensions ['ros']
[0.248s] Level 1:colcon.colcon_core.package_identification:_identify(src/xarm_description) by extension 'ros'
[0.250s] DEBUG:colcon.colcon_core.package_identification:Package 'src/xarm_description' with type 'ros.ament_cmake' and name 'xarm_description'
[0.250s] Level 1:colcon.colcon_core.package_identification:_identify(src/xarm_gazebo) by extensions ['ignore', 'ignore_ament_install']
[0.250s] Level 1:colcon.colcon_core.package_identification:_identify(src/xarm_gazebo) by extension 'ignore'
[0.250s] Level 1:colcon.colcon_core.package_identification:_identify(src/xarm_gazebo) by extension 'ignore_ament_install'
[0.250s] Level 1:colcon.colcon_core.package_identification:_identify(src/xarm_gazebo) by extensions ['colcon_pkg']
[0.250s] Level 1:colcon.colcon_core.package_identification:_identify(src/xarm_gazebo) by extension 'colcon_pkg'
[0.250s] Level 1:colcon.colcon_core.package_identification:_identify(src/xarm_gazebo) by extensions ['colcon_meta']
[0.250s] Level 1:colcon.colcon_core.package_identification:_identify(src/xarm_gazebo) by extension 'colcon_meta'
[0.250s] Level 1:colcon.colcon_core.package_identification:_identify(src/xarm_gazebo) by extensions ['ros']
[0.250s] Level 1:colcon.colcon_core.package_identification:_identify(src/xarm_gazebo) by extension 'ros'
[0.251s] DEBUG:colcon.colcon_core.package_identification:Package 'src/xarm_gazebo' with type 'ros.ament_cmake' and name 'flower_catcher_gazebo'
[0.251s] Level 1:colcon.colcon_core.package_identification:_identify(src/xarm_moveit_config) by extensions ['ignore', 'ignore_ament_install']
[0.251s] Level 1:colcon.colcon_core.package_identification:_identify(src/xarm_moveit_config) by extension 'ignore'
[0.251s] Level 1:colcon.colcon_core.package_identification:_identify(src/xarm_moveit_config) by extension 'ignore_ament_install'
[0.251s] Level 1:colcon.colcon_core.package_identification:_identify(src/xarm_moveit_config) by extensions ['colcon_pkg']
[0.251s] Level 1:colcon.colcon_core.package_identification:_identify(src/xarm_moveit_config) by extension 'colcon_pkg'
[0.251s] Level 1:colcon.colcon_core.package_identification:_identify(src/xarm_moveit_config) by extensions ['colcon_meta']
[0.251s] Level 1:colcon.colcon_core.package_identification:_identify(src/xarm_moveit_config) by extension 'colcon_meta'
[0.251s] Level 1:colcon.colcon_core.package_identification:_identify(src/xarm_moveit_config) by extensions ['ros']
[0.251s] Level 1:colcon.colcon_core.package_identification:_identify(src/xarm_moveit_config) by extension 'ros'
[0.252s] DEBUG:colcon.colcon_core.package_identification:Package 'src/xarm_moveit_config' with type 'ros.ament_cmake' and name 'xarm_moveit_config'
[0.252s] Level 1:colcon.colcon_core.package_discovery:discover_packages(recursive) using defaults
[0.252s] Level 1:colcon.colcon_core.package_discovery:discover_packages(ignore) discover
[0.252s] Level 1:colcon.colcon_core.package_discovery:discover_packages(ignore) using defaults
[0.252s] Level 1:colcon.colcon_core.package_discovery:discover_packages(path) discover
[0.252s] Level 1:colcon.colcon_core.package_discovery:discover_packages(path) using defaults
[0.270s] Level 5:colcon.colcon_core.verb:set package 'xarm_description' build argument 'cmake_args' from command line to 'None'
[0.271s] Level 5:colcon.colcon_core.verb:set package 'xarm_description' build argument 'cmake_target' from command line to 'None'
[0.271s] Level 5:colcon.colcon_core.verb:set package 'xarm_description' build argument 'cmake_target_skip_unavailable' from command line to 'False'
[0.271s] Level 5:colcon.colcon_core.verb:set package 'xarm_description' build argument 'cmake_clean_cache' from command line to 'False'
[0.271s] Level 5:colcon.colcon_core.verb:set package 'xarm_description' build argument 'cmake_clean_first' from command line to 'False'
[0.271s] Level 5:colcon.colcon_core.verb:set package 'xarm_description' build argument 'cmake_force_configure' from command line to 'False'
[0.271s] Level 5:colcon.colcon_core.verb:set package 'xarm_description' build argument 'ament_cmake_args' from command line to 'None'
[0.271s] Level 5:colcon.colcon_core.verb:set package 'xarm_description' build argument 'catkin_cmake_args' from command line to 'None'
[0.271s] Level 5:colcon.colcon_core.verb:set package 'xarm_description' build argument 'catkin_skip_building_tests' from command line to 'False'
[0.271s] DEBUG:colcon.colcon_core.verb:Building package 'xarm_description' with the following arguments: {'ament_cmake_args': None, 'build_base': '/overlay_ws/build/xarm_description', 'catkin_cmake_args': None, 'catkin_skip_building_tests': False, 'cmake_args': None, 'cmake_clean_cache': False, 'cmake_clean_first': False, 'cmake_force_configure': False, 'cmake_target': None, 'cmake_target_skip_unavailable': False, 'install_base': '/overlay_ws/install/xarm_description', 'merge_install': False, 'path': '/overlay_ws/src/xarm_description', 'symlink_install': True, 'test_result_base': None}
[0.271s] Level 5:colcon.colcon_core.verb:set package 'xarm_moveit_config' build argument 'cmake_args' from command line to 'None'
[0.271s] Level 5:colcon.colcon_core.verb:set package 'xarm_moveit_config' build argument 'cmake_target' from command line to 'None'
[0.271s] Level 5:colcon.colcon_core.verb:set package 'xarm_moveit_config' build argument 'cmake_target_skip_unavailable' from command line to 'False'
[0.271s] Level 5:colcon.colcon_core.verb:set package 'xarm_moveit_config' build argument 'cmake_clean_cache' from command line to 'False'
[0.271s] Level 5:colcon.colcon_core.verb:set package 'xarm_moveit_config' build argument 'cmake_clean_first' from command line to 'False'
[0.271s] Level 5:colcon.colcon_core.verb:set package 'xarm_moveit_config' build argument 'cmake_force_configure' from command line to 'False'
[0.271s] Level 5:colcon.colcon_core.verb:set package 'xarm_moveit_config' build argument 'ament_cmake_args' from command line to 'None'
[0.271s] Level 5:colcon.colcon_core.verb:set package 'xarm_moveit_config' build argument 'catkin_cmake_args' from command line to 'None'
[0.271s] Level 5:colcon.colcon_core.verb:set package 'xarm_moveit_config' build argument 'catkin_skip_building_tests' from command line to 'False'
[0.271s] DEBUG:colcon.colcon_core.verb:Building package 'xarm_moveit_config' with the following arguments: {'ament_cmake_args': None, 'build_base': '/overlay_ws/build/xarm_moveit_config', 'catkin_cmake_args': None, 'catkin_skip_building_tests': False, 'cmake_args': None, 'cmake_clean_cache': False, 'cmake_clean_first': False, 'cmake_force_configure': False, 'cmake_target': None, 'cmake_target_skip_unavailable': False, 'install_base': '/overlay_ws/install/xarm_moveit_config', 'merge_install': False, 'path': '/overlay_ws/src/xarm_moveit_config', 'symlink_install': True, 'test_result_base': None}
[0.272s] Level 5:colcon.colcon_core.verb:set package 'flower_catcher_gazebo' build argument 'cmake_args' from command line to 'None'
[0.272s] Level 5:colcon.colcon_core.verb:set package 'flower_catcher_gazebo' build argument 'cmake_target' from command line to 'None'
[0.272s] Level 5:colcon.colcon_core.verb:set package 'flower_catcher_gazebo' build argument 'cmake_target_skip_unavailable' from command line to 'False'
[0.272s] Level 5:colcon.colcon_core.verb:set package 'flower_catcher_gazebo' build argument 'cmake_clean_cache' from command line to 'False'
[0.272s] Level 5:colcon.colcon_core.verb:set package 'flower_catcher_gazebo' build argument 'cmake_clean_first' from command line to 'False'
[0.272s] Level 5:colcon.colcon_core.verb:set package 'flower_catcher_gazebo' build argument 'cmake_force_configure' from command line to 'False'
[0.272s] Level 5:colcon.colcon_core.verb:set package 'flower_catcher_gazebo' build argument 'ament_cmake_args' from command line to 'None'
[0.272s] Level 5:colcon.colcon_core.verb:set package 'flower_catcher_gazebo' build argument 'catkin_cmake_args' from command line to 'None'
[0.272s] Level 5:colcon.colcon_core.verb:set package 'flower_catcher_gazebo' build argument 'catkin_skip_building_tests' from command line to 'False'
[0.272s] DEBUG:colcon.colcon_core.verb:Building package 'flower_catcher_gazebo' with the following arguments: {'ament_cmake_args': None, 'build_base': '/overlay_ws/build/flower_catcher_gazebo', 'catkin_cmake_args': None, 'catkin_skip_building_tests': False, 'cmake_args': None, 'cmake_clean_cache': False, 'cmake_clean_first': False, 'cmake_force_configure': False, 'cmake_target': None, 'cmake_target_skip_unavailable': False, 'install_base': '/overlay_ws/install/flower_catcher_gazebo', 'merge_install': False, 'path': '/overlay_ws/src/xarm_gazebo', 'symlink_install': True, 'test_result_base': None}
[0.272s] INFO:colcon.colcon_core.executor:Executing jobs using 'parallel' executor
[0.273s] DEBUG:colcon.colcon_parallel_executor.executor.parallel:run_until_complete
[0.273s] INFO:colcon.colcon_ros.task.ament_cmake.build:Building ROS package in '/overlay_ws/src/xarm_description' with build type 'ament_cmake'
[0.273s] INFO:colcon.colcon_cmake.task.cmake.build:Building CMake package in '/overlay_ws/src/xarm_description'
[0.275s] INFO:colcon.colcon_core.plugin_system:Skipping extension 'colcon_core.shell.bat': Not used on non-Windows systems
[0.275s] INFO:colcon.colcon_core.shell:Skip shell extension 'powershell' for command environment: Not usable outside of PowerShell
[0.275s] DEBUG:colcon.colcon_core.shell:Skip shell extension 'dsv' for command environment
[0.285s] DEBUG:colcon.colcon_core.event_handler.log_command:Invoking command in '/overlay_ws/build/xarm_description': CMAKE_PREFIX_PATH=${CMAKE_PREFIX_PATH}:/opt/ros/humble /usr/bin/cmake --build /overlay_ws/build/xarm_description -- -j12 -l12
[0.319s] DEBUG:colcon.colcon_core.event_handler.log_command:Invoked command in '/overlay_ws/build/xarm_description' returned '0': CMAKE_PREFIX_PATH=${CMAKE_PREFIX_PATH}:/opt/ros/humble /usr/bin/cmake --build /overlay_ws/build/xarm_description -- -j12 -l12
[0.347s] DEBUG:colcon.colcon_core.event_handler.log_command:Invoking command in '/overlay_ws/build/xarm_description': CMAKE_PREFIX_PATH=${CMAKE_PREFIX_PATH}:/opt/ros/humble /usr/bin/cmake --install /overlay_ws/build/xarm_description
[0.367s] Level 1:colcon.colcon_core.environment:create_environment_scripts_only(xarm_description)
[0.367s] DEBUG:colcon.colcon_core.event_handler.log_command:Invoked command in '/overlay_ws/build/xarm_description' returned '0': CMAKE_PREFIX_PATH=${CMAKE_PREFIX_PATH}:/opt/ros/humble /usr/bin/cmake --install /overlay_ws/build/xarm_description
[0.369s] Level 1:colcon.colcon_core.environment:checking '/overlay_ws/install/xarm_description' for CMake module files
[0.370s] Level 1:colcon.colcon_core.environment:checking '/overlay_ws/install/xarm_description' for CMake config files
[0.370s] Level 1:colcon.colcon_core.shell:create_environment_hook('xarm_description', 'cmake_prefix_path')
[0.370s] INFO:colcon.colcon_core.shell:Creating environment hook '/overlay_ws/install/xarm_description/share/xarm_description/hook/cmake_prefix_path.ps1'
[0.371s] INFO:colcon.colcon_core.shell:Creating environment descriptor '/overlay_ws/install/xarm_description/share/xarm_description/hook/cmake_prefix_path.dsv'
[0.371s] INFO:colcon.colcon_core.shell:Creating environment hook '/overlay_ws/install/xarm_description/share/xarm_description/hook/cmake_prefix_path.sh'
[0.372s] Level 1:colcon.colcon_core.environment:checking '/overlay_ws/install/xarm_description/bin'
[0.372s] Level 1:colcon.colcon_core.environment:checking '/overlay_ws/install/xarm_description/lib/pkgconfig/xarm_description.pc'
[0.373s] Level 1:colcon.colcon_core.environment:checking '/overlay_ws/install/xarm_description/lib/python3.10/site-packages'
[0.373s] Level 1:colcon.colcon_core.environment:checking '/overlay_ws/install/xarm_description/bin'
[0.374s] INFO:colcon.colcon_core.shell:Creating package script '/overlay_ws/install/xarm_description/share/xarm_description/package.ps1'
[0.374s] INFO:colcon.colcon_core.shell:Creating package descriptor '/overlay_ws/install/xarm_description/share/xarm_description/package.dsv'
[0.375s] INFO:colcon.colcon_core.shell:Creating package script '/overlay_ws/install/xarm_description/share/xarm_description/package.sh'
[0.375s] INFO:colcon.colcon_core.shell:Creating package script '/overlay_ws/install/xarm_description/share/xarm_description/package.bash'
[0.376s] INFO:colcon.colcon_core.shell:Creating package script '/overlay_ws/install/xarm_description/share/xarm_description/package.zsh'
[0.376s] Level 1:colcon.colcon_core.environment:create_file_with_runtime_dependencies(/overlay_ws/install/xarm_description/share/colcon-core/packages/xarm_description)
[0.397s] Level 1:colcon.colcon_core.environment:create_environment_scripts_only(xarm_description)
[0.397s] Level 1:colcon.colcon_core.environment:checking '/overlay_ws/install/xarm_description' for CMake module files
[0.398s] Level 1:colcon.colcon_core.environment:checking '/overlay_ws/install/xarm_description' for CMake config files
[0.398s] Level 1:colcon.colcon_core.shell:create_environment_hook('xarm_description', 'cmake_prefix_path')
[0.398s] INFO:colcon.colcon_core.shell:Creating environment hook '/overlay_ws/install/xarm_description/share/xarm_description/hook/cmake_prefix_path.ps1'
[0.398s] INFO:colcon.colcon_core.shell:Creating environment descriptor '/overlay_ws/install/xarm_description/share/xarm_description/hook/cmake_prefix_path.dsv'
[0.399s] INFO:colcon.colcon_core.shell:Creating environment hook '/overlay_ws/install/xarm_description/share/xarm_description/hook/cmake_prefix_path.sh'
[0.399s] Level 1:colcon.colcon_core.environment:checking '/overlay_ws/install/xarm_description/bin'
[0.399s] Level 1:colcon.colcon_core.environment:checking '/overlay_ws/install/xarm_description/lib/pkgconfig/xarm_description.pc'
[0.399s] Level 1:colcon.colcon_core.environment:checking '/overlay_ws/install/xarm_description/lib/python3.10/site-packages'
[0.400s] Level 1:colcon.colcon_core.environment:checking '/overlay_ws/install/xarm_description/bin'
[0.400s] INFO:colcon.colcon_core.shell:Creating package script '/overlay_ws/install/xarm_description/share/xarm_description/package.ps1'
[0.400s] INFO:colcon.colcon_core.shell:Creating package descriptor '/overlay_ws/install/xarm_description/share/xarm_description/package.dsv'
[0.401s] INFO:colcon.colcon_core.shell:Creating package script '/overlay_ws/install/xarm_description/share/xarm_description/package.sh'
[0.401s] INFO:colcon.colcon_core.shell:Creating package script '/overlay_ws/install/xarm_description/share/xarm_description/package.bash'
[0.402s] INFO:colcon.colcon_core.shell:Creating package script '/overlay_ws/install/xarm_description/share/xarm_description/package.zsh'
[0.402s] Level 1:colcon.colcon_core.environment:create_file_with_runtime_dependencies(/overlay_ws/install/xarm_description/share/colcon-core/packages/xarm_description)
[0.403s] INFO:colcon.colcon_ros.task.ament_cmake.build:Building ROS package in '/overlay_ws/src/xarm_moveit_config' with build type 'ament_cmake'
[0.403s] INFO:colcon.colcon_cmake.task.cmake.build:Building CMake package in '/overlay_ws/src/xarm_moveit_config'
[0.403s] INFO:colcon.colcon_core.shell:Skip shell extension 'powershell' for command environment: Not usable outside of PowerShell
[0.403s] DEBUG:colcon.colcon_core.shell:Skip shell extension 'dsv' for command environment
[0.418s] DEBUG:colcon.colcon_core.event_handler.log_command:Invoking command in '/overlay_ws/build/xarm_moveit_config': CMAKE_PREFIX_PATH=/overlay_ws/install/xarm_description:/overlay_ws/install/xarm_moveit_config:/overlay_ws/install/micro_ros_agent:/overlay_ws/install/micro_ros_msgs:/xarm_ws/install/micro_ros_setup:/opt/ros/humble /usr/bin/cmake --build /overlay_ws/build/xarm_moveit_config -- -j12 -l12
[0.468s] DEBUG:colcon.colcon_core.event_handler.log_command:Invoked command in '/overlay_ws/build/xarm_moveit_config' returned '0': CMAKE_PREFIX_PATH=/overlay_ws/install/xarm_description:/overlay_ws/install/xarm_moveit_config:/overlay_ws/install/micro_ros_agent:/overlay_ws/install/micro_ros_msgs:/xarm_ws/install/micro_ros_setup:/opt/ros/humble /usr/bin/cmake --build /overlay_ws/build/xarm_moveit_config -- -j12 -l12
[0.499s] DEBUG:colcon.colcon_core.event_handler.log_command:Invoking command in '/overlay_ws/build/xarm_moveit_config': CMAKE_PREFIX_PATH=/overlay_ws/install/xarm_description:/overlay_ws/install/xarm_moveit_config:/overlay_ws/install/micro_ros_agent:/overlay_ws/install/micro_ros_msgs:/xarm_ws/install/micro_ros_setup:/opt/ros/humble /usr/bin/cmake --install /overlay_ws/build/xarm_moveit_config
[0.529s] Level 1:colcon.colcon_core.environment:create_environment_scripts_only(xarm_moveit_config)
[0.530s] DEBUG:colcon.colcon_core.event_handler.log_command:Invoked command in '/overlay_ws/build/xarm_moveit_config' returned '0': CMAKE_PREFIX_PATH=/overlay_ws/install/xarm_description:/overlay_ws/install/xarm_moveit_config:/overlay_ws/install/micro_ros_agent:/overlay_ws/install/micro_ros_msgs:/xarm_ws/install/micro_ros_setup:/opt/ros/humble /usr/bin/cmake --install /overlay_ws/build/xarm_moveit_config
[0.530s] Level 1:colcon.colcon_core.environment:checking '/overlay_ws/install/xarm_moveit_config' for CMake module files
[0.531s] Level 1:colcon.colcon_core.environment:checking '/overlay_ws/install/xarm_moveit_config' for CMake config files
[0.531s] Level 1:colcon.colcon_core.shell:create_environment_hook('xarm_moveit_config', 'cmake_prefix_path')
[0.531s] INFO:colcon.colcon_core.shell:Creating environment hook '/overlay_ws/install/xarm_moveit_config/share/xarm_moveit_config/hook/cmake_prefix_path.ps1'
[0.532s] INFO:colcon.colcon_core.shell:Creating environment descriptor '/overlay_ws/install/xarm_moveit_config/share/xarm_moveit_config/hook/cmake_prefix_path.dsv'
[0.532s] INFO:colcon.colcon_core.shell:Creating environment hook '/overlay_ws/install/xarm_moveit_config/share/xarm_moveit_config/hook/cmake_prefix_path.sh'
[0.533s] Level 1:colcon.colcon_core.environment:checking '/overlay_ws/install/xarm_moveit_config/bin'
[0.533s] Level 1:colcon.colcon_core.environment:checking '/overlay_ws/install/xarm_moveit_config/lib/pkgconfig/xarm_moveit_config.pc'
[0.533s] Level 1:colcon.colcon_core.environment:checking '/overlay_ws/install/xarm_moveit_config/lib/python3.10/site-packages'
[0.534s] Level 1:colcon.colcon_core.environment:checking '/overlay_ws/install/xarm_moveit_config/bin'
[0.534s] INFO:colcon.colcon_core.shell:Creating package script '/overlay_ws/install/xarm_moveit_config/share/xarm_moveit_config/package.ps1'
[0.534s] INFO:colcon.colcon_core.shell:Creating package descriptor '/overlay_ws/install/xarm_moveit_config/share/xarm_moveit_config/package.dsv'
[0.535s] INFO:colcon.colcon_core.shell:Creating package script '/overlay_ws/install/xarm_moveit_config/share/xarm_moveit_config/package.sh'
[0.535s] INFO:colcon.colcon_core.shell:Creating package script '/overlay_ws/install/xarm_moveit_config/share/xarm_moveit_config/package.bash'
[0.536s] INFO:colcon.colcon_core.shell:Creating package script '/overlay_ws/install/xarm_moveit_config/share/xarm_moveit_config/package.zsh'
[0.536s] Level 1:colcon.colcon_core.environment:create_file_with_runtime_dependencies(/overlay_ws/install/xarm_moveit_config/share/colcon-core/packages/xarm_moveit_config)
[0.565s] Level 1:colcon.colcon_core.environment:create_environment_scripts_only(xarm_moveit_config)
[0.566s] Level 1:colcon.colcon_core.environment:checking '/overlay_ws/install/xarm_moveit_config' for CMake module files
[0.567s] Level 1:colcon.colcon_core.environment:checking '/overlay_ws/install/xarm_moveit_config' for CMake config files
[0.567s] Level 1:colcon.colcon_core.shell:create_environment_hook('xarm_moveit_config', 'cmake_prefix_path')
[0.567s] INFO:colcon.colcon_core.shell:Creating environment hook '/overlay_ws/install/xarm_moveit_config/share/xarm_moveit_config/hook/cmake_prefix_path.ps1'
[0.568s] INFO:colcon.colcon_core.shell:Creating environment descriptor '/overlay_ws/install/xarm_moveit_config/share/xarm_moveit_config/hook/cmake_prefix_path.dsv'
[0.568s] INFO:colcon.colcon_core.shell:Creating environment hook '/overlay_ws/install/xarm_moveit_config/share/xarm_moveit_config/hook/cmake_prefix_path.sh'
[0.568s] Level 1:colcon.colcon_core.environment:checking '/overlay_ws/install/xarm_moveit_config/bin'
[0.569s] Level 1:colcon.colcon_core.environment:checking '/overlay_ws/install/xarm_moveit_config/lib/pkgconfig/xarm_moveit_config.pc'
[0.569s] Level 1:colcon.colcon_core.environment:checking '/overlay_ws/install/xarm_moveit_config/lib/python3.10/site-packages'
[0.569s] Level 1:colcon.colcon_core.environment:checking '/overlay_ws/install/xarm_moveit_config/bin'
[0.569s] INFO:colcon.colcon_core.shell:Creating package script '/overlay_ws/install/xarm_moveit_config/share/xarm_moveit_config/package.ps1'
[0.570s] INFO:colcon.colcon_core.shell:Creating package descriptor '/overlay_ws/install/xarm_moveit_config/share/xarm_moveit_config/package.dsv'
[0.571s] INFO:colcon.colcon_core.shell:Creating package script '/overlay_ws/install/xarm_moveit_config/share/xarm_moveit_config/package.sh'
[0.571s] INFO:colcon.colcon_core.shell:Creating package script '/overlay_ws/install/xarm_moveit_config/share/xarm_moveit_config/package.bash'
[0.571s] INFO:colcon.colcon_core.shell:Creating package script '/overlay_ws/install/xarm_moveit_config/share/xarm_moveit_config/package.zsh'
[0.572s] Level 1:colcon.colcon_core.environment:create_file_with_runtime_dependencies(/overlay_ws/install/xarm_moveit_config/share/colcon-core/packages/xarm_moveit_config)
[0.572s] INFO:colcon.colcon_ros.task.ament_cmake.build:Building ROS package in '/overlay_ws/src/xarm_gazebo' with build type 'ament_cmake'
[0.572s] INFO:colcon.colcon_cmake.task.cmake.build:Building CMake package in '/overlay_ws/src/xarm_gazebo'
[0.573s] INFO:colcon.colcon_core.shell:Skip shell extension 'powershell' for command environment: Not usable outside of PowerShell
[0.573s] DEBUG:colcon.colcon_core.shell:Skip shell extension 'dsv' for command environment
[0.586s] DEBUG:colcon.colcon_core.event_handler.log_command:Invoking command in '/overlay_ws/build/flower_catcher_gazebo': CMAKE_PREFIX_PATH=${CMAKE_PREFIX_PATH}:/opt/ros/humble /usr/bin/cmake /overlay_ws/src/xarm_gazebo -DAMENT_CMAKE_SYMLINK_INSTALL=1 -DCMAKE_INSTALL_PREFIX=/overlay_ws/install/flower_catcher_gazebo
[2.754s] DEBUG:colcon.colcon_core.event_handler.log_command:Invoked command in '/overlay_ws/build/flower_catcher_gazebo' returned '1': CMAKE_PREFIX_PATH=${CMAKE_PREFIX_PATH}:/opt/ros/humble /usr/bin/cmake /overlay_ws/src/xarm_gazebo -DAMENT_CMAKE_SYMLINK_INSTALL=1 -DCMAKE_INSTALL_PREFIX=/overlay_ws/install/flower_catcher_gazebo
[2.766s] Level 1:colcon.colcon_core.environment:create_environment_scripts_only(flower_catcher_gazebo)
[2.767s] Level 1:colcon.colcon_core.environment:checking '/overlay_ws/install/flower_catcher_gazebo' for CMake module files
[2.767s] Level 1:colcon.colcon_core.environment:checking '/overlay_ws/install/flower_catcher_gazebo' for CMake config files
[2.767s] Level 1:colcon.colcon_core.environment:checking '/overlay_ws/install/flower_catcher_gazebo/bin'
[2.767s] Level 1:colcon.colcon_core.environment:checking '/overlay_ws/install/flower_catcher_gazebo/lib/pkgconfig/flower_catcher_gazebo.pc'
[2.767s] Level 1:colcon.colcon_core.environment:checking '/overlay_ws/install/flower_catcher_gazebo/lib/python3.10/site-packages'
[2.767s] Level 1:colcon.colcon_core.environment:checking '/overlay_ws/install/flower_catcher_gazebo/bin'
[2.768s] INFO:colcon.colcon_core.shell:Creating package script '/overlay_ws/install/flower_catcher_gazebo/share/flower_catcher_gazebo/package.ps1'
[2.768s] INFO:colcon.colcon_core.shell:Creating package descriptor '/overlay_ws/install/flower_catcher_gazebo/share/flower_catcher_gazebo/package.dsv'
[2.768s] INFO:colcon.colcon_core.shell:Creating package script '/overlay_ws/install/flower_catcher_gazebo/share/flower_catcher_gazebo/package.sh'
[2.768s] INFO:colcon.colcon_core.shell:Creating package script '/overlay_ws/install/flower_catcher_gazebo/share/flower_catcher_gazebo/package.bash'
[2.769s] INFO:colcon.colcon_core.shell:Creating package script '/overlay_ws/install/flower_catcher_gazebo/share/flower_catcher_gazebo/package.zsh'
[2.769s] Level 1:colcon.colcon_core.environment:create_file_with_runtime_dependencies(/overlay_ws/install/flower_catcher_gazebo/share/colcon-core/packages/flower_catcher_gazebo)
[2.779s] DEBUG:colcon.colcon_parallel_executor.executor.parallel:closing loop
[2.779s] DEBUG:colcon.colcon_parallel_executor.executor.parallel:loop closed
[2.779s] DEBUG:colcon.colcon_parallel_executor.executor.parallel:run_until_complete finished with '1'
[2.780s] DEBUG:colcon.colcon_core.event_reactor:joining thread
[2.787s] INFO:colcon.colcon_core.plugin_system:Skipping extension 'colcon_notification.desktop_notification.notify_send': Could not find 'notify-send'
[2.787s] INFO:colcon.colcon_core.plugin_system:Skipping extension 'colcon_notification.desktop_notification.terminal_notifier': Not used on non-Darwin systems
[2.787s] INFO:colcon.colcon_core.plugin_system:Skipping extension 'colcon_notification.desktop_notification.win32': Not used on non-Windows systems
[2.787s] INFO:colcon.colcon_notification.desktop_notification:Sending desktop notification using 'notify2'
[2.789s] DEBUG:colcon.colcon_notification.desktop_notification.notify2:Failed to initialize notify2: org.freedesktop.DBus.Error.Spawn.ExecFailed: /usr/bin/dbus-launch terminated abnormally without any error message
[2.789s] DEBUG:colcon.colcon_core.event_reactor:joined thread
[2.790s] INFO:colcon.colcon_core.shell:Creating prefix script '/overlay_ws/install/local_setup.ps1'
[2.791s] INFO:colcon.colcon_core.shell:Creating prefix util module '/overlay_ws/install/_local_setup_util_ps1.py'
[2.792s] INFO:colcon.colcon_core.shell:Creating prefix chain script '/overlay_ws/install/setup.ps1'
[2.793s] INFO:colcon.colcon_core.shell:Creating prefix script '/overlay_ws/install/local_setup.sh'
[2.793s] INFO:colcon.colcon_core.shell:Creating prefix util module '/overlay_ws/install/_local_setup_util_sh.py'
[2.794s] INFO:colcon.colcon_core.shell:Creating prefix chain script '/overlay_ws/install/setup.sh'
[2.795s] INFO:colcon.colcon_core.shell:Creating prefix script '/overlay_ws/install/local_setup.bash'
[2.795s] INFO:colcon.colcon_core.shell:Creating prefix chain script '/overlay_ws/install/setup.bash'
[2.796s] INFO:colcon.colcon_core.shell:Creating prefix script '/overlay_ws/install/local_setup.zsh'
[2.814s] INFO:colcon.colcon_core.shell:Creating prefix chain script '/overlay_ws/install/setup.zsh'
