[0.108s] DEBUG:colcon:Command line arguments: ['/usr/bin/colcon', 'build', '--symlink-install']
[0.108s] DEBUG:colcon:Parsed command line arguments: Namespace(log_base=None, log_level=None, verb_name='build', build_base='build', install_base='install', merge_install=False, symlink_install=True, test_result_base=None, continue_on_error=False, executor='parallel', parallel_workers=12, event_handlers=None, ignore_user_meta=False, metas=['./colcon.meta'], base_paths=['.'], packages_ignore=None, packages_ignore_regex=None, paths=None, packages_up_to=None, packages_up_to_regex=None, packages_above=None, packages_above_and_dependencies=None, packages_above_depth=None, packages_select_by_dep=None, packages_skip_by_dep=None, packages_skip_up_to=None, packages_select_build_failed=False, packages_skip_build_finished=False, packages_select_test_failures=False, packages_skip_test_passed=False, packages_select=None, packages_skip=None, packages_select_regex=None, packages_skip_regex=None, packages_start=None, packages_end=None, cmake_args=None, cmake_target=None, cmake_target_skip_unavailable=False, cmake_clean_cache=False, cmake_clean_first=False, cmake_force_configure=False, ament_cmake_args=None, catkin_cmake_args=None, catkin_skip_building_tests=False, mixin_files=None, mixin=None, verb_parser=<colcon_mixin.mixin.mixin_argument.MixinArgumentDecorator object at 0x7fe35cc10490>, verb_extension=<colcon_core.verb.build.BuildVerb object at 0x7fe35cd1cb20>, main=<bound method BuildVerb.main of <colcon_core.verb.build.BuildVerb object at 0x7fe35cd1cb20>>, mixin_verb=('build',))
[0.266s] Level 1:colcon.colcon_core.package_discovery:discover_packages(colcon_meta) check parameters
[0.267s] Level 1:colcon.colcon_core.package_discovery:discover_packages(recursive) check parameters
[0.267s] Level 1:colcon.colcon_core.package_discovery:discover_packages(ignore) check parameters
[0.267s] Level 1:colcon.colcon_core.package_discovery:discover_packages(path) check parameters
[0.267s] Level 1:colcon.colcon_core.package_discovery:discover_packages(colcon_meta) discover
[0.267s] Level 1:colcon.colcon_core.package_discovery:discover_packages(recursive) discover
[0.267s] INFO:colcon.colcon_core.package_discovery:Crawling recursively for packages in '/overlay_ws'
[0.267s] Level 1:colcon.colcon_core.package_identification:_identify(.) by extensions ['ignore', 'ignore_ament_install']
[0.267s] Level 1:colcon.colcon_core.package_identification:_identify(.) by extension 'ignore'
[0.267s] Level 1:colcon.colcon_core.package_identification:_identify(.) by extension 'ignore_ament_install'
[0.267s] Level 1:colcon.colcon_core.package_identification:_identify(.) by extensions ['colcon_pkg']
[0.267s] Level 1:colcon.colcon_core.package_identification:_identify(.) by extension 'colcon_pkg'
[0.267s] Level 1:colcon.colcon_core.package_identification:_identify(.) by extensions ['colcon_meta']
[0.267s] Level 1:colcon.colcon_core.package_identification:_identify(.) by extension 'colcon_meta'
[0.267s] Level 1:colcon.colcon_core.package_identification:_identify(.) by extensions ['ros']
[0.267s] Level 1:colcon.colcon_core.package_identification:_identify(.) by extension 'ros'
[0.279s] Level 1:colcon.colcon_core.package_identification:_identify(.) by extensions ['cmake', 'python']
[0.279s] Level 1:colcon.colcon_core.package_identification:_identify(.) by extension 'cmake'
[0.279s] Level 1:colcon.colcon_core.package_identification:_identify(.) by extension 'python'
[0.279s] Level 1:colcon.colcon_core.package_identification:_identify(.) by extensions ['python_setup_py']
[0.279s] Level 1:colcon.colcon_core.package_identification:_identify(.) by extension 'python_setup_py'
[0.279s] Level 1:colcon.colcon_core.package_identification:_identify(build) by extensions ['ignore', 'ignore_ament_install']
[0.279s] Level 1:colcon.colcon_core.package_identification:_identify(build) by extension 'ignore'
[0.279s] Level 1:colcon.colcon_core.package_identification:_identify(build) ignored
[0.279s] Level 1:colcon.colcon_core.package_identification:_identify(install) by extensions ['ignore', 'ignore_ament_install']
[0.279s] Level 1:colcon.colcon_core.package_identification:_identify(install) by extension 'ignore'
[0.279s] Level 1:colcon.colcon_core.package_identification:_identify(install) ignored
[0.279s] Level 1:colcon.colcon_core.package_identification:_identify(log) by extensions ['ignore', 'ignore_ament_install']
[0.279s] Level 1:colcon.colcon_core.package_identification:_identify(log) by extension 'ignore'
[0.280s] Level 1:colcon.colcon_core.package_identification:_identify(log) ignored
[0.280s] Level 1:colcon.colcon_core.package_identification:_identify(src) by extensions ['ignore', 'ignore_ament_install']
[0.280s] Level 1:colcon.colcon_core.package_identification:_identify(src) by extension 'ignore'
[0.280s] Level 1:colcon.colcon_core.package_identification:_identify(src) by extension 'ignore_ament_install'
[0.280s] Level 1:colcon.colcon_core.package_identification:_identify(src) by extensions ['colcon_pkg']
[0.280s] Level 1:colcon.colcon_core.package_identification:_identify(src) by extension 'colcon_pkg'
[0.280s] Level 1:colcon.colcon_core.package_identification:_identify(src) by extensions ['colcon_meta']
[0.280s] Level 1:colcon.colcon_core.package_identification:_identify(src) by extension 'colcon_meta'
[0.280s] Level 1:colcon.colcon_core.package_identification:_identify(src) by extensions ['ros']
[0.280s] Level 1:colcon.colcon_core.package_identification:_identify(src) by extension 'ros'
[0.280s] Level 1:colcon.colcon_core.package_identification:_identify(src) by extensions ['cmake', 'python']
[0.280s] Level 1:colcon.colcon_core.package_identification:_identify(src) by extension 'cmake'
[0.280s] Level 1:colcon.colcon_core.package_identification:_identify(src) by extension 'python'
[0.280s] Level 1:colcon.colcon_core.package_identification:_identify(src) by extensions ['python_setup_py']
[0.280s] Level 1:colcon.colcon_core.package_identification:_identify(src) by extension 'python_setup_py'
[0.281s] Level 1:colcon.colcon_core.package_identification:_identify(src/xarm_description) by extensions ['ignore', 'ignore_ament_install']
[0.281s] Level 1:colcon.colcon_core.package_identification:_identify(src/xarm_description) by extension 'ignore'
[0.281s] Level 1:colcon.colcon_core.package_identification:_identify(src/xarm_description) by extension 'ignore_ament_install'
[0.281s] Level 1:colcon.colcon_core.package_identification:_identify(src/xarm_description) by extensions ['colcon_pkg']
[0.281s] Level 1:colcon.colcon_core.package_identification:_identify(src/xarm_description) by extension 'colcon_pkg'
[0.281s] Level 1:colcon.colcon_core.package_identification:_identify(src/xarm_description) by extensions ['colcon_meta']
[0.281s] Level 1:colcon.colcon_core.package_identification:_identify(src/xarm_description) by extension 'colcon_meta'
[0.281s] Level 1:colcon.colcon_core.package_identification:_identify(src/xarm_description) by extensions ['ros']
[0.281s] Level 1:colcon.colcon_core.package_identification:_identify(src/xarm_description) by extension 'ros'
[0.283s] DEBUG:colcon.colcon_core.package_identification:Package 'src/xarm_description' with type 'ros.ament_cmake' and name 'xarm_description'
[0.283s] Level 1:colcon.colcon_core.package_identification:_identify(src/xarm_gazebo) by extensions ['ignore', 'ignore_ament_install']
[0.284s] Level 1:colcon.colcon_core.package_identification:_identify(src/xarm_gazebo) by extension 'ignore'
[0.284s] Level 1:colcon.colcon_core.package_identification:_identify(src/xarm_gazebo) by extension 'ignore_ament_install'
[0.284s] Level 1:colcon.colcon_core.package_identification:_identify(src/xarm_gazebo) by extensions ['colcon_pkg']
[0.284s] Level 1:colcon.colcon_core.package_identification:_identify(src/xarm_gazebo) by extension 'colcon_pkg'
[0.284s] Level 1:colcon.colcon_core.package_identification:_identify(src/xarm_gazebo) by extensions ['colcon_meta']
[0.284s] Level 1:colcon.colcon_core.package_identification:_identify(src/xarm_gazebo) by extension 'colcon_meta'
[0.284s] Level 1:colcon.colcon_core.package_identification:_identify(src/xarm_gazebo) by extensions ['ros']
[0.284s] Level 1:colcon.colcon_core.package_identification:_identify(src/xarm_gazebo) by extension 'ros'
[0.286s] DEBUG:colcon.colcon_core.package_identification:Package 'src/xarm_gazebo' with type 'ros.ament_cmake' and name 'flower_catcher_gazebo'
[0.286s] Level 1:colcon.colcon_core.package_identification:_identify(src/xarm_moveit_config) by extensions ['ignore', 'ignore_ament_install']
[0.286s] Level 1:colcon.colcon_core.package_identification:_identify(src/xarm_moveit_config) by extension 'ignore'
[0.286s] Level 1:colcon.colcon_core.package_identification:_identify(src/xarm_moveit_config) by extension 'ignore_ament_install'
[0.286s] Level 1:colcon.colcon_core.package_identification:_identify(src/xarm_moveit_config) by extensions ['colcon_pkg']
[0.286s] Level 1:colcon.colcon_core.package_identification:_identify(src/xarm_moveit_config) by extension 'colcon_pkg'
[0.286s] Level 1:colcon.colcon_core.package_identification:_identify(src/xarm_moveit_config) by extensions ['colcon_meta']
[0.286s] Level 1:colcon.colcon_core.package_identification:_identify(src/xarm_moveit_config) by extension 'colcon_meta'
[0.286s] Level 1:colcon.colcon_core.package_identification:_identify(src/xarm_moveit_config) by extensions ['ros']
[0.286s] Level 1:colcon.colcon_core.package_identification:_identify(src/xarm_moveit_config) by extension 'ros'
[0.287s] DEBUG:colcon.colcon_core.package_identification:Package 'src/xarm_moveit_config' with type 'ros.ament_cmake' and name 'xarm_moveit_config'
[0.287s] Level 1:colcon.colcon_core.package_discovery:discover_packages(recursive) using defaults
[0.287s] Level 1:colcon.colcon_core.package_discovery:discover_packages(ignore) discover
[0.287s] Level 1:colcon.colcon_core.package_discovery:discover_packages(ignore) using defaults
[0.287s] Level 1:colcon.colcon_core.package_discovery:discover_packages(path) discover
[0.287s] Level 1:colcon.colcon_core.package_discovery:discover_packages(path) using defaults
[0.308s] Level 5:colcon.colcon_core.verb:set package 'xarm_description' build argument 'cmake_args' from command line to 'None'
[0.308s] Level 5:colcon.colcon_core.verb:set package 'xarm_description' build argument 'cmake_target' from command line to 'None'
[0.308s] Level 5:colcon.colcon_core.verb:set package 'xarm_description' build argument 'cmake_target_skip_unavailable' from command line to 'False'
[0.308s] Level 5:colcon.colcon_core.verb:set package 'xarm_description' build argument 'cmake_clean_cache' from command line to 'False'
[0.308s] Level 5:colcon.colcon_core.verb:set package 'xarm_description' build argument 'cmake_clean_first' from command line to 'False'
[0.308s] Level 5:colcon.colcon_core.verb:set package 'xarm_description' build argument 'cmake_force_configure' from command line to 'False'
[0.308s] Level 5:colcon.colcon_core.verb:set package 'xarm_description' build argument 'ament_cmake_args' from command line to 'None'
[0.308s] Level 5:colcon.colcon_core.verb:set package 'xarm_description' build argument 'catkin_cmake_args' from command line to 'None'
[0.308s] Level 5:colcon.colcon_core.verb:set package 'xarm_description' build argument 'catkin_skip_building_tests' from command line to 'False'
[0.308s] DEBUG:colcon.colcon_core.verb:Building package 'xarm_description' with the following arguments: {'ament_cmake_args': None, 'build_base': '/overlay_ws/build/xarm_description', 'catkin_cmake_args': None, 'catkin_skip_building_tests': False, 'cmake_args': None, 'cmake_clean_cache': False, 'cmake_clean_first': False, 'cmake_force_configure': False, 'cmake_target': None, 'cmake_target_skip_unavailable': False, 'install_base': '/overlay_ws/install/xarm_description', 'merge_install': False, 'path': '/overlay_ws/src/xarm_description', 'symlink_install': True, 'test_result_base': None}
[0.309s] Level 5:colcon.colcon_core.verb:set package 'xarm_moveit_config' build argument 'cmake_args' from command line to 'None'
[0.309s] Level 5:colcon.colcon_core.verb:set package 'xarm_moveit_config' build argument 'cmake_target' from command line to 'None'
[0.309s] Level 5:colcon.colcon_core.verb:set package 'xarm_moveit_config' build argument 'cmake_target_skip_unavailable' from command line to 'False'
[0.309s] Level 5:colcon.colcon_core.verb:set package 'xarm_moveit_config' build argument 'cmake_clean_cache' from command line to 'False'
[0.309s] Level 5:colcon.colcon_core.verb:set package 'xarm_moveit_config' build argument 'cmake_clean_first' from command line to 'False'
[0.309s] Level 5:colcon.colcon_core.verb:set package 'xarm_moveit_config' build argument 'cmake_force_configure' from command line to 'False'
[0.309s] Level 5:colcon.colcon_core.verb:set package 'xarm_moveit_config' build argument 'ament_cmake_args' from command line to 'None'
[0.309s] Level 5:colcon.colcon_core.verb:set package 'xarm_moveit_config' build argument 'catkin_cmake_args' from command line to 'None'
[0.309s] Level 5:colcon.colcon_core.verb:set package 'xarm_moveit_config' build argument 'catkin_skip_building_tests' from command line to 'False'
[0.309s] DEBUG:colcon.colcon_core.verb:Building package 'xarm_moveit_config' with the following arguments: {'ament_cmake_args': None, 'build_base': '/overlay_ws/build/xarm_moveit_config', 'catkin_cmake_args': None, 'catkin_skip_building_tests': False, 'cmake_args': None, 'cmake_clean_cache': False, 'cmake_clean_first': False, 'cmake_force_configure': False, 'cmake_target': None, 'cmake_target_skip_unavailable': False, 'install_base': '/overlay_ws/install/xarm_moveit_config', 'merge_install': False, 'path': '/overlay_ws/src/xarm_moveit_config', 'symlink_install': True, 'test_result_base': None}
[0.309s] Level 5:colcon.colcon_core.verb:set package 'flower_catcher_gazebo' build argument 'cmake_args' from command line to 'None'
[0.310s] Level 5:colcon.colcon_core.verb:set package 'flower_catcher_gazebo' build argument 'cmake_target' from command line to 'None'
[0.310s] Level 5:colcon.colcon_core.verb:set package 'flower_catcher_gazebo' build argument 'cmake_target_skip_unavailable' from command line to 'False'
[0.310s] Level 5:colcon.colcon_core.verb:set package 'flower_catcher_gazebo' build argument 'cmake_clean_cache' from command line to 'False'
[0.310s] Level 5:colcon.colcon_core.verb:set package 'flower_catcher_gazebo' build argument 'cmake_clean_first' from command line to 'False'
[0.310s] Level 5:colcon.colcon_core.verb:set package 'flower_catcher_gazebo' build argument 'cmake_force_configure' from command line to 'False'
[0.310s] Level 5:colcon.colcon_core.verb:set package 'flower_catcher_gazebo' build argument 'ament_cmake_args' from command line to 'None'
[0.310s] Level 5:colcon.colcon_core.verb:set package 'flower_catcher_gazebo' build argument 'catkin_cmake_args' from command line to 'None'
[0.310s] Level 5:colcon.colcon_core.verb:set package 'flower_catcher_gazebo' build argument 'catkin_skip_building_tests' from command line to 'False'
[0.310s] DEBUG:colcon.colcon_core.verb:Building package 'flower_catcher_gazebo' with the following arguments: {'ament_cmake_args': None, 'build_base': '/overlay_ws/build/flower_catcher_gazebo', 'catkin_cmake_args': None, 'catkin_skip_building_tests': False, 'cmake_args': None, 'cmake_clean_cache': False, 'cmake_clean_first': False, 'cmake_force_configure': False, 'cmake_target': None, 'cmake_target_skip_unavailable': False, 'install_base': '/overlay_ws/install/flower_catcher_gazebo', 'merge_install': False, 'path': '/overlay_ws/src/xarm_gazebo', 'symlink_install': True, 'test_result_base': None}
[0.310s] INFO:colcon.colcon_core.executor:Executing jobs using 'parallel' executor
[0.311s] DEBUG:colcon.colcon_parallel_executor.executor.parallel:run_until_complete
[0.311s] INFO:colcon.colcon_ros.task.ament_cmake.build:Building ROS package in '/overlay_ws/src/xarm_description' with build type 'ament_cmake'
[0.311s] INFO:colcon.colcon_cmake.task.cmake.build:Building CMake package in '/overlay_ws/src/xarm_description'
[0.313s] INFO:colcon.colcon_core.plugin_system:Skipping extension 'colcon_core.shell.bat': Not used on non-Windows systems
[0.314s] INFO:colcon.colcon_core.shell:Skip shell extension 'powershell' for command environment: Not usable outside of PowerShell
[0.314s] DEBUG:colcon.colcon_core.shell:Skip shell extension 'dsv' for command environment
[0.325s] DEBUG:colcon.colcon_core.event_handler.log_command:Invoking command in '/overlay_ws/build/xarm_description': CMAKE_PREFIX_PATH=${CMAKE_PREFIX_PATH}:/opt/ros/humble /usr/bin/cmake --build /overlay_ws/build/xarm_description -- -j12 -l12
[0.359s] DEBUG:colcon.colcon_core.event_handler.log_command:Invoked command in '/overlay_ws/build/xarm_description' returned '0': CMAKE_PREFIX_PATH=${CMAKE_PREFIX_PATH}:/opt/ros/humble /usr/bin/cmake --build /overlay_ws/build/xarm_description -- -j12 -l12
[0.388s] DEBUG:colcon.colcon_core.event_handler.log_command:Invoking command in '/overlay_ws/build/xarm_description': CMAKE_PREFIX_PATH=${CMAKE_PREFIX_PATH}:/opt/ros/humble /usr/bin/cmake --install /overlay_ws/build/xarm_description
[0.409s] Level 1:colcon.colcon_core.environment:create_environment_scripts_only(xarm_description)
[0.409s] DEBUG:colcon.colcon_core.event_handler.log_command:Invoked command in '/overlay_ws/build/xarm_description' returned '0': CMAKE_PREFIX_PATH=${CMAKE_PREFIX_PATH}:/opt/ros/humble /usr/bin/cmake --install /overlay_ws/build/xarm_description
[0.411s] Level 1:colcon.colcon_core.environment:checking '/overlay_ws/install/xarm_description' for CMake module files
[0.412s] Level 1:colcon.colcon_core.environment:checking '/overlay_ws/install/xarm_description' for CMake config files
[0.412s] Level 1:colcon.colcon_core.shell:create_environment_hook('xarm_description', 'cmake_prefix_path')
[0.412s] INFO:colcon.colcon_core.shell:Creating environment hook '/overlay_ws/install/xarm_description/share/xarm_description/hook/cmake_prefix_path.ps1'
[0.412s] INFO:colcon.colcon_core.shell:Creating environment descriptor '/overlay_ws/install/xarm_description/share/xarm_description/hook/cmake_prefix_path.dsv'
[0.413s] INFO:colcon.colcon_core.shell:Creating environment hook '/overlay_ws/install/xarm_description/share/xarm_description/hook/cmake_prefix_path.sh'
[0.413s] Level 1:colcon.colcon_core.environment:checking '/overlay_ws/install/xarm_description/bin'
[0.414s] Level 1:colcon.colcon_core.environment:checking '/overlay_ws/install/xarm_description/lib/pkgconfig/xarm_description.pc'
[0.415s] Level 1:colcon.colcon_core.environment:checking '/overlay_ws/install/xarm_description/lib/python3.10/site-packages'
[0.415s] Level 1:colcon.colcon_core.environment:checking '/overlay_ws/install/xarm_description/bin'
[0.415s] INFO:colcon.colcon_core.shell:Creating package script '/overlay_ws/install/xarm_description/share/xarm_description/package.ps1'
[0.416s] INFO:colcon.colcon_core.shell:Creating package descriptor '/overlay_ws/install/xarm_description/share/xarm_description/package.dsv'
[0.417s] INFO:colcon.colcon_core.shell:Creating package script '/overlay_ws/install/xarm_description/share/xarm_description/package.sh'
[0.417s] INFO:colcon.colcon_core.shell:Creating package script '/overlay_ws/install/xarm_description/share/xarm_description/package.bash'
[0.418s] INFO:colcon.colcon_core.shell:Creating package script '/overlay_ws/install/xarm_description/share/xarm_description/package.zsh'
[0.418s] Level 1:colcon.colcon_core.environment:create_file_with_runtime_dependencies(/overlay_ws/install/xarm_description/share/colcon-core/packages/xarm_description)
[0.439s] Level 1:colcon.colcon_core.environment:create_environment_scripts_only(xarm_description)
[0.439s] Level 1:colcon.colcon_core.environment:checking '/overlay_ws/install/xarm_description' for CMake module files
[0.440s] Level 1:colcon.colcon_core.environment:checking '/overlay_ws/install/xarm_description' for CMake config files
[0.440s] Level 1:colcon.colcon_core.shell:create_environment_hook('xarm_description', 'cmake_prefix_path')
[0.440s] INFO:colcon.colcon_core.shell:Creating environment hook '/overlay_ws/install/xarm_description/share/xarm_description/hook/cmake_prefix_path.ps1'
[0.441s] INFO:colcon.colcon_core.shell:Creating environment descriptor '/overlay_ws/install/xarm_description/share/xarm_description/hook/cmake_prefix_path.dsv'
[0.441s] INFO:colcon.colcon_core.shell:Creating environment hook '/overlay_ws/install/xarm_description/share/xarm_description/hook/cmake_prefix_path.sh'
[0.442s] Level 1:colcon.colcon_core.environment:checking '/overlay_ws/install/xarm_description/bin'
[0.442s] Level 1:colcon.colcon_core.environment:checking '/overlay_ws/install/xarm_description/lib/pkgconfig/xarm_description.pc'
[0.442s] Level 1:colcon.colcon_core.environment:checking '/overlay_ws/install/xarm_description/lib/python3.10/site-packages'
[0.442s] Level 1:colcon.colcon_core.environment:checking '/overlay_ws/install/xarm_description/bin'
[0.443s] INFO:colcon.colcon_core.shell:Creating package script '/overlay_ws/install/xarm_description/share/xarm_description/package.ps1'
[0.443s] INFO:colcon.colcon_core.shell:Creating package descriptor '/overlay_ws/install/xarm_description/share/xarm_description/package.dsv'
[0.443s] INFO:colcon.colcon_core.shell:Creating package script '/overlay_ws/install/xarm_description/share/xarm_description/package.sh'
[0.444s] INFO:colcon.colcon_core.shell:Creating package script '/overlay_ws/install/xarm_description/share/xarm_description/package.bash'
[0.444s] INFO:colcon.colcon_core.shell:Creating package script '/overlay_ws/install/xarm_description/share/xarm_description/package.zsh'
[0.445s] Level 1:colcon.colcon_core.environment:create_file_with_runtime_dependencies(/overlay_ws/install/xarm_description/share/colcon-core/packages/xarm_description)
[0.445s] INFO:colcon.colcon_ros.task.ament_cmake.build:Building ROS package in '/overlay_ws/src/xarm_moveit_config' with build type 'ament_cmake'
[0.445s] INFO:colcon.colcon_cmake.task.cmake.build:Building CMake package in '/overlay_ws/src/xarm_moveit_config'
[0.445s] INFO:colcon.colcon_core.shell:Skip shell extension 'powershell' for command environment: Not usable outside of PowerShell
[0.445s] DEBUG:colcon.colcon_core.shell:Skip shell extension 'dsv' for command environment
[0.454s] DEBUG:colcon.colcon_core.event_handler.log_command:Invoking command in '/overlay_ws/build/xarm_moveit_config': CMAKE_PREFIX_PATH=/overlay_ws/install/xarm_description:/overlay_ws/install/xarm_moveit_config:/overlay_ws/install/micro_ros_agent:/overlay_ws/install/micro_ros_msgs:/xarm_ws/install/micro_ros_setup:/opt/ros/humble /usr/bin/cmake --build /overlay_ws/build/xarm_moveit_config -- -j12 -l12
[0.491s] DEBUG:colcon.colcon_core.event_handler.log_command:Invoked command in '/overlay_ws/build/xarm_moveit_config' returned '0': CMAKE_PREFIX_PATH=/overlay_ws/install/xarm_description:/overlay_ws/install/xarm_moveit_config:/overlay_ws/install/micro_ros_agent:/overlay_ws/install/micro_ros_msgs:/xarm_ws/install/micro_ros_setup:/opt/ros/humble /usr/bin/cmake --build /overlay_ws/build/xarm_moveit_config -- -j12 -l12
[0.515s] DEBUG:colcon.colcon_core.event_handler.log_command:Invoking command in '/overlay_ws/build/xarm_moveit_config': CMAKE_PREFIX_PATH=/overlay_ws/install/xarm_description:/overlay_ws/install/xarm_moveit_config:/overlay_ws/install/micro_ros_agent:/overlay_ws/install/micro_ros_msgs:/xarm_ws/install/micro_ros_setup:/opt/ros/humble /usr/bin/cmake --install /overlay_ws/build/xarm_moveit_config
[0.539s] Level 1:colcon.colcon_core.environment:create_environment_scripts_only(xarm_moveit_config)
[0.539s] Level 1:colcon.colcon_core.environment:checking '/overlay_ws/install/xarm_moveit_config' for CMake module files
[0.540s] DEBUG:colcon.colcon_core.event_handler.log_command:Invoked command in '/overlay_ws/build/xarm_moveit_config' returned '0': CMAKE_PREFIX_PATH=/overlay_ws/install/xarm_description:/overlay_ws/install/xarm_moveit_config:/overlay_ws/install/micro_ros_agent:/overlay_ws/install/micro_ros_msgs:/xarm_ws/install/micro_ros_setup:/opt/ros/humble /usr/bin/cmake --install /overlay_ws/build/xarm_moveit_config
[0.540s] Level 1:colcon.colcon_core.environment:checking '/overlay_ws/install/xarm_moveit_config' for CMake config files
[0.541s] Level 1:colcon.colcon_core.shell:create_environment_hook('xarm_moveit_config', 'cmake_prefix_path')
[0.541s] INFO:colcon.colcon_core.shell:Creating environment hook '/overlay_ws/install/xarm_moveit_config/share/xarm_moveit_config/hook/cmake_prefix_path.ps1'
[0.542s] INFO:colcon.colcon_core.shell:Creating environment descriptor '/overlay_ws/install/xarm_moveit_config/share/xarm_moveit_config/hook/cmake_prefix_path.dsv'
[0.542s] INFO:colcon.colcon_core.shell:Creating environment hook '/overlay_ws/install/xarm_moveit_config/share/xarm_moveit_config/hook/cmake_prefix_path.sh'
[0.542s] Level 1:colcon.colcon_core.environment:checking '/overlay_ws/install/xarm_moveit_config/bin'
[0.542s] Level 1:colcon.colcon_core.environment:checking '/overlay_ws/install/xarm_moveit_config/lib/pkgconfig/xarm_moveit_config.pc'
[0.543s] Level 1:colcon.colcon_core.environment:checking '/overlay_ws/install/xarm_moveit_config/lib/python3.10/site-packages'
[0.543s] Level 1:colcon.colcon_core.environment:checking '/overlay_ws/install/xarm_moveit_config/bin'
[0.543s] INFO:colcon.colcon_core.shell:Creating package script '/overlay_ws/install/xarm_moveit_config/share/xarm_moveit_config/package.ps1'
[0.544s] INFO:colcon.colcon_core.shell:Creating package descriptor '/overlay_ws/install/xarm_moveit_config/share/xarm_moveit_config/package.dsv'
[0.544s] INFO:colcon.colcon_core.shell:Creating package script '/overlay_ws/install/xarm_moveit_config/share/xarm_moveit_config/package.sh'
[0.544s] INFO:colcon.colcon_core.shell:Creating package script '/overlay_ws/install/xarm_moveit_config/share/xarm_moveit_config/package.bash'
[0.545s] INFO:colcon.colcon_core.shell:Creating package script '/overlay_ws/install/xarm_moveit_config/share/xarm_moveit_config/package.zsh'
[0.545s] Level 1:colcon.colcon_core.environment:create_file_with_runtime_dependencies(/overlay_ws/install/xarm_moveit_config/share/colcon-core/packages/xarm_moveit_config)
[0.568s] Level 1:colcon.colcon_core.environment:create_environment_scripts_only(xarm_moveit_config)
[0.569s] Level 1:colcon.colcon_core.environment:checking '/overlay_ws/install/xarm_moveit_config' for CMake module files
[0.569s] Level 1:colcon.colcon_core.environment:checking '/overlay_ws/install/xarm_moveit_config' for CMake config files
[0.569s] Level 1:colcon.colcon_core.shell:create_environment_hook('xarm_moveit_config', 'cmake_prefix_path')
[0.569s] INFO:colcon.colcon_core.shell:Creating environment hook '/overlay_ws/install/xarm_moveit_config/share/xarm_moveit_config/hook/cmake_prefix_path.ps1'
[0.570s] INFO:colcon.colcon_core.shell:Creating environment descriptor '/overlay_ws/install/xarm_moveit_config/share/xarm_moveit_config/hook/cmake_prefix_path.dsv'
[0.570s] INFO:colcon.colcon_core.shell:Creating environment hook '/overlay_ws/install/xarm_moveit_config/share/xarm_moveit_config/hook/cmake_prefix_path.sh'
[0.571s] Level 1:colcon.colcon_core.environment:checking '/overlay_ws/install/xarm_moveit_config/bin'
[0.571s] Level 1:colcon.colcon_core.environment:checking '/overlay_ws/install/xarm_moveit_config/lib/pkgconfig/xarm_moveit_config.pc'
[0.571s] Level 1:colcon.colcon_core.environment:checking '/overlay_ws/install/xarm_moveit_config/lib/python3.10/site-packages'
[0.571s] Level 1:colcon.colcon_core.environment:checking '/overlay_ws/install/xarm_moveit_config/bin'
[0.571s] INFO:colcon.colcon_core.shell:Creating package script '/overlay_ws/install/xarm_moveit_config/share/xarm_moveit_config/package.ps1'
[0.572s] INFO:colcon.colcon_core.shell:Creating package descriptor '/overlay_ws/install/xarm_moveit_config/share/xarm_moveit_config/package.dsv'
[0.572s] INFO:colcon.colcon_core.shell:Creating package script '/overlay_ws/install/xarm_moveit_config/share/xarm_moveit_config/package.sh'
[0.573s] INFO:colcon.colcon_core.shell:Creating package script '/overlay_ws/install/xarm_moveit_config/share/xarm_moveit_config/package.bash'
[0.573s] INFO:colcon.colcon_core.shell:Creating package script '/overlay_ws/install/xarm_moveit_config/share/xarm_moveit_config/package.zsh'
[0.573s] Level 1:colcon.colcon_core.environment:create_file_with_runtime_dependencies(/overlay_ws/install/xarm_moveit_config/share/colcon-core/packages/xarm_moveit_config)
[0.574s] INFO:colcon.colcon_ros.task.ament_cmake.build:Building ROS package in '/overlay_ws/src/xarm_gazebo' with build type 'ament_cmake'
[0.574s] INFO:colcon.colcon_cmake.task.cmake.build:Building CMake package in '/overlay_ws/src/xarm_gazebo'
[0.574s] INFO:colcon.colcon_core.shell:Skip shell extension 'powershell' for command environment: Not usable outside of PowerShell
[0.574s] DEBUG:colcon.colcon_core.shell:Skip shell extension 'dsv' for command environment
[0.585s] DEBUG:colcon.colcon_core.event_handler.log_command:Invoking command in '/overlay_ws/build/flower_catcher_gazebo': CMAKE_PREFIX_PATH=${CMAKE_PREFIX_PATH}:/opt/ros/humble /usr/bin/cmake /overlay_ws/src/xarm_gazebo -DAMENT_CMAKE_SYMLINK_INSTALL=1 -DCMAKE_INSTALL_PREFIX=/overlay_ws/install/flower_catcher_gazebo
[4.186s] DEBUG:colcon.colcon_core.event_handler.log_command:Invoked command in '/overlay_ws/build/flower_catcher_gazebo' returned '0': CMAKE_PREFIX_PATH=${CMAKE_PREFIX_PATH}:/opt/ros/humble /usr/bin/cmake /overlay_ws/src/xarm_gazebo -DAMENT_CMAKE_SYMLINK_INSTALL=1 -DCMAKE_INSTALL_PREFIX=/overlay_ws/install/flower_catcher_gazebo
[4.188s] DEBUG:colcon.colcon_core.event_handler.log_command:Invoking command in '/overlay_ws/build/flower_catcher_gazebo': CMAKE_PREFIX_PATH=${CMAKE_PREFIX_PATH}:/opt/ros/humble /usr/bin/cmake --build /overlay_ws/build/flower_catcher_gazebo -- -j12 -l12
[4.228s] DEBUG:colcon.colcon_core.event_handler.log_command:Invoked command in '/overlay_ws/build/flower_catcher_gazebo' returned '0': CMAKE_PREFIX_PATH=${CMAKE_PREFIX_PATH}:/opt/ros/humble /usr/bin/cmake --build /overlay_ws/build/flower_catcher_gazebo -- -j12 -l12
[4.250s] DEBUG:colcon.colcon_core.event_handler.log_command:Invoking command in '/overlay_ws/build/flower_catcher_gazebo': CMAKE_PREFIX_PATH=${CMAKE_PREFIX_PATH}:/opt/ros/humble /usr/bin/cmake --install /overlay_ws/build/flower_catcher_gazebo
[4.396s] Level 1:colcon.colcon_core.environment:create_environment_scripts_only(flower_catcher_gazebo)
[4.396s] Level 1:colcon.colcon_core.environment:checking '/overlay_ws/install/flower_catcher_gazebo' for CMake module files
[4.397s] DEBUG:colcon.colcon_core.event_handler.log_command:Invoked command in '/overlay_ws/build/flower_catcher_gazebo' returned '0': CMAKE_PREFIX_PATH=${CMAKE_PREFIX_PATH}:/opt/ros/humble /usr/bin/cmake --install /overlay_ws/build/flower_catcher_gazebo
[4.397s] Level 1:colcon.colcon_core.environment:checking '/overlay_ws/install/flower_catcher_gazebo' for CMake config files
[4.397s] Level 1:colcon.colcon_core.shell:create_environment_hook('flower_catcher_gazebo', 'cmake_prefix_path')
[4.397s] INFO:colcon.colcon_core.shell:Creating environment hook '/overlay_ws/install/flower_catcher_gazebo/share/flower_catcher_gazebo/hook/cmake_prefix_path.ps1'
[4.398s] INFO:colcon.colcon_core.shell:Creating environment descriptor '/overlay_ws/install/flower_catcher_gazebo/share/flower_catcher_gazebo/hook/cmake_prefix_path.dsv'
[4.398s] INFO:colcon.colcon_core.shell:Creating environment hook '/overlay_ws/install/flower_catcher_gazebo/share/flower_catcher_gazebo/hook/cmake_prefix_path.sh'
[4.398s] Level 1:colcon.colcon_core.environment:checking '/overlay_ws/install/flower_catcher_gazebo/bin'
[4.398s] Level 1:colcon.colcon_core.environment:checking '/overlay_ws/install/flower_catcher_gazebo/lib/pkgconfig/flower_catcher_gazebo.pc'
[4.398s] Level 1:colcon.colcon_core.environment:checking '/overlay_ws/install/flower_catcher_gazebo/lib/python3.10/site-packages'
[4.399s] Level 1:colcon.colcon_core.environment:checking '/overlay_ws/install/flower_catcher_gazebo/bin'
[4.399s] INFO:colcon.colcon_core.shell:Creating package script '/overlay_ws/install/flower_catcher_gazebo/share/flower_catcher_gazebo/package.ps1'
[4.399s] INFO:colcon.colcon_core.shell:Creating package descriptor '/overlay_ws/install/flower_catcher_gazebo/share/flower_catcher_gazebo/package.dsv'
[4.399s] INFO:colcon.colcon_core.shell:Creating package script '/overlay_ws/install/flower_catcher_gazebo/share/flower_catcher_gazebo/package.sh'
[4.400s] INFO:colcon.colcon_core.shell:Creating package script '/overlay_ws/install/flower_catcher_gazebo/share/flower_catcher_gazebo/package.bash'
[4.400s] INFO:colcon.colcon_core.shell:Creating package script '/overlay_ws/install/flower_catcher_gazebo/share/flower_catcher_gazebo/package.zsh'
[4.400s] Level 1:colcon.colcon_core.environment:create_file_with_runtime_dependencies(/overlay_ws/install/flower_catcher_gazebo/share/colcon-core/packages/flower_catcher_gazebo)
[4.422s] Level 1:colcon.colcon_core.environment:create_environment_scripts_only(flower_catcher_gazebo)
[4.422s] Level 1:colcon.colcon_core.environment:checking '/overlay_ws/install/flower_catcher_gazebo' for CMake module files
[4.422s] Level 1:colcon.colcon_core.environment:checking '/overlay_ws/install/flower_catcher_gazebo' for CMake config files
[4.423s] Level 1:colcon.colcon_core.shell:create_environment_hook('flower_catcher_gazebo', 'cmake_prefix_path')
[4.423s] INFO:colcon.colcon_core.shell:Creating environment hook '/overlay_ws/install/flower_catcher_gazebo/share/flower_catcher_gazebo/hook/cmake_prefix_path.ps1'
[4.423s] INFO:colcon.colcon_core.shell:Creating environment descriptor '/overlay_ws/install/flower_catcher_gazebo/share/flower_catcher_gazebo/hook/cmake_prefix_path.dsv'
[4.423s] INFO:colcon.colcon_core.shell:Creating environment hook '/overlay_ws/install/flower_catcher_gazebo/share/flower_catcher_gazebo/hook/cmake_prefix_path.sh'
[4.424s] Level 1:colcon.colcon_core.environment:checking '/overlay_ws/install/flower_catcher_gazebo/bin'
[4.424s] Level 1:colcon.colcon_core.environment:checking '/overlay_ws/install/flower_catcher_gazebo/lib/pkgconfig/flower_catcher_gazebo.pc'
[4.424s] Level 1:colcon.colcon_core.environment:checking '/overlay_ws/install/flower_catcher_gazebo/lib/python3.10/site-packages'
[4.424s] Level 1:colcon.colcon_core.environment:checking '/overlay_ws/install/flower_catcher_gazebo/bin'
[4.425s] INFO:colcon.colcon_core.shell:Creating package script '/overlay_ws/install/flower_catcher_gazebo/share/flower_catcher_gazebo/package.ps1'
[4.425s] INFO:colcon.colcon_core.shell:Creating package descriptor '/overlay_ws/install/flower_catcher_gazebo/share/flower_catcher_gazebo/package.dsv'
[4.425s] INFO:colcon.colcon_core.shell:Creating package script '/overlay_ws/install/flower_catcher_gazebo/share/flower_catcher_gazebo/package.sh'
[4.426s] INFO:colcon.colcon_core.shell:Creating package script '/overlay_ws/install/flower_catcher_gazebo/share/flower_catcher_gazebo/package.bash'
[4.426s] INFO:colcon.colcon_core.shell:Creating package script '/overlay_ws/install/flower_catcher_gazebo/share/flower_catcher_gazebo/package.zsh'
[4.426s] Level 1:colcon.colcon_core.environment:create_file_with_runtime_dependencies(/overlay_ws/install/flower_catcher_gazebo/share/colcon-core/packages/flower_catcher_gazebo)
[4.426s] DEBUG:colcon.colcon_parallel_executor.executor.parallel:closing loop
[4.427s] DEBUG:colcon.colcon_parallel_executor.executor.parallel:loop closed
[4.427s] DEBUG:colcon.colcon_parallel_executor.executor.parallel:run_until_complete finished with '0'
[4.427s] DEBUG:colcon.colcon_core.event_reactor:joining thread
[4.431s] INFO:colcon.colcon_core.plugin_system:Skipping extension 'colcon_notification.desktop_notification.notify_send': Could not find 'notify-send'
[4.431s] INFO:colcon.colcon_core.plugin_system:Skipping extension 'colcon_notification.desktop_notification.terminal_notifier': Not used on non-Darwin systems
[4.431s] INFO:colcon.colcon_core.plugin_system:Skipping extension 'colcon_notification.desktop_notification.win32': Not used on non-Windows systems
[4.431s] INFO:colcon.colcon_notification.desktop_notification:Sending desktop notification using 'notify2'
[4.433s] DEBUG:colcon.colcon_notification.desktop_notification.notify2:Failed to initialize notify2: org.freedesktop.DBus.Error.Spawn.ExecFailed: /usr/bin/dbus-launch terminated abnormally without any error message
[4.434s] DEBUG:colcon.colcon_core.event_reactor:joined thread
[4.434s] INFO:colcon.colcon_core.shell:Creating prefix script '/overlay_ws/install/local_setup.ps1'
[4.435s] INFO:colcon.colcon_core.shell:Creating prefix util module '/overlay_ws/install/_local_setup_util_ps1.py'
[4.436s] INFO:colcon.colcon_core.shell:Creating prefix chain script '/overlay_ws/install/setup.ps1'
[4.437s] INFO:colcon.colcon_core.shell:Creating prefix script '/overlay_ws/install/local_setup.sh'
[4.438s] INFO:colcon.colcon_core.shell:Creating prefix util module '/overlay_ws/install/_local_setup_util_sh.py'
[4.438s] INFO:colcon.colcon_core.shell:Creating prefix chain script '/overlay_ws/install/setup.sh'
[4.439s] INFO:colcon.colcon_core.shell:Creating prefix script '/overlay_ws/install/local_setup.bash'
[4.441s] INFO:colcon.colcon_core.shell:Creating prefix chain script '/overlay_ws/install/setup.bash'
[4.442s] INFO:colcon.colcon_core.shell:Creating prefix script '/overlay_ws/install/local_setup.zsh'
[4.442s] INFO:colcon.colcon_core.shell:Creating prefix chain script '/overlay_ws/install/setup.zsh'
