[0.010s] Invoking command in '/overlay_ws/build/flower_catcher_gazebo': CMAKE_PREFIX_PATH=${CMAKE_PREFIX_PATH}:/opt/ros/humble /usr/bin/cmake /overlay_ws/src/xarm_gazebo -DAMENT_CMAKE_SYMLINK_INSTALL=1 -DCMAKE_INSTALL_PREFIX=/overlay_ws/install/flower_catcher_gazebo
[0.025s] -- Found ament_cmake: 1.3.8 (/opt/ros/humble/share/ament_cmake/cmake)
[0.144s] -- Override CMake install command with custom implementation using symlinks instead of copying resources
[0.151s] -- Found xarm_description: 0.0.0 (/overlay_ws/install/xarm_description/share/xarm_description/cmake)
[0.151s] -- Found rclcpp: 16.0.8 (/opt/ros/humble/share/rclcpp/cmake)
[0.180s] -- Found rosidl_generator_c: 3.1.5 (/opt/ros/humble/share/rosidl_generator_c/cmake)
[0.183s] -- Found rosidl_adapter: 3.1.5 (/opt/ros/humble/share/rosidl_adapter/cmake)
[0.190s] -- Found rosidl_generator_cpp: 3.1.5 (/opt/ros/humble/share/rosidl_generator_cpp/cmake)
[0.202s] -- Using all available rosidl_typesupport_c: rosidl_typesupport_fastrtps_c;rosidl_typesupport_introspection_c
[0.220s] -- Using all available rosidl_typesupport_cpp: rosidl_typesupport_fastrtps_cpp;rosidl_typesupport_introspection_cpp
[0.286s] -- Found rmw_implementation_cmake: 6.1.1 (/opt/ros/humble/share/rmw_implementation_cmake/cmake)
[0.287s] -- Found rmw_cyclonedds_cpp: 1.3.4 (/opt/ros/humble/share/rmw_cyclonedds_cpp/cmake)
[0.321s] -- Using RMW implementation 'rmw_cyclonedds_cpp' as default
[0.505s] -- Found controller_manager: 2.40.0 (/opt/ros/humble/share/controller_manager/cmake)
[1.694s] -- Found xarm_moveit_config: 0.3.0 (/overlay_ws/install/xarm_moveit_config/share/xarm_moveit_config/cmake)
[1.698s] -- Found gazebo_ros2_control: 0.4.7 (/opt/ros/humble/share/gazebo_ros2_control/cmake)
[2.015s] -- Found PkgConfig: /usr/bin/pkg-config (found version "0.29.2") 
[2.016s] -- Checking for module 'bullet>=2.82'
[2.035s] --   Found bullet, version 3.05
[2.195s] -- Found fcl: /usr/include (found suitable version "0.7.0", minimum required is "0.5.0") 
[2.241s] -- Found assimp: /usr/include (found version "5.2.0") 
[2.270s] -- Found DART: /usr/include (Required is at least version "6.6") found components: dart 
[2.314s] -- Found Boost: /usr/lib/x86_64-linux-gnu/cmake/Boost-1.74.0/BoostConfig.cmake (found suitable version "1.74.0", minimum required is "1.40.0") found components: thread system filesystem program_options regex iostreams date_time 
[2.335s] -- Found Protobuf: /usr/lib/x86_64-linux-gnu/libprotobuf.so (found version "3.12.4") 
[2.347s] -- Looking for ignition-math6 -- found version 6.15.1
[2.366s] -- Searching for dependencies of ignition-math6
[2.369s] -- Looking for OGRE...
[2.369s] -- OGRE_PREFIX_WATCH changed.
[2.375s] -- Checking for module 'OGRE'
[2.387s] --   Found OGRE, version 1.9.0
[2.415s] -- Found Ogre Ghadamon (1.9.0)
[2.425s] -- Found OGRE: optimized;/usr/lib/x86_64-linux-gnu/libOgreMain.so;debug;/usr/lib/x86_64-linux-gnu/libOgreMain.so
[2.435s] -- Looking for OGRE_Paging...
[2.440s] -- Found OGRE_Paging: optimized;/usr/lib/x86_64-linux-gnu/libOgrePaging.so;debug;/usr/lib/x86_64-linux-gnu/libOgrePaging.so
[2.440s] -- Looking for OGRE_Terrain...
[2.445s] -- Found OGRE_Terrain: optimized;/usr/lib/x86_64-linux-gnu/libOgreTerrain.so;debug;/usr/lib/x86_64-linux-gnu/libOgreTerrain.so
[2.445s] -- Looking for OGRE_Property...
[2.451s] -- Found OGRE_Property: optimized;/usr/lib/x86_64-linux-gnu/libOgreProperty.so;debug;/usr/lib/x86_64-linux-gnu/libOgreProperty.so
[2.451s] -- Looking for OGRE_RTShaderSystem...
[2.456s] -- Found OGRE_RTShaderSystem: optimized;/usr/lib/x86_64-linux-gnu/libOgreRTShaderSystem.so;debug;/usr/lib/x86_64-linux-gnu/libOgreRTShaderSystem.so
[2.456s] -- Looking for OGRE_Volume...
[2.461s] -- Found OGRE_Volume: optimized;/usr/lib/x86_64-linux-gnu/libOgreVolume.so;debug;/usr/lib/x86_64-linux-gnu/libOgreVolume.so
[2.461s] -- Looking for OGRE_Overlay...
[2.466s] -- Found OGRE_Overlay: optimized;/usr/lib/x86_64-linux-gnu/libOgreOverlay.so;debug;/usr/lib/x86_64-linux-gnu/libOgreOverlay.so
[2.582s] -- Looking for ignition-math6 -- found version 6.15.1
[2.587s] -- Looking for ignition-transport8 -- found version 8.2.1
[2.588s] -- Searching for dependencies of ignition-transport8
[2.616s] -- Found Protobuf: /usr/lib/x86_64-linux-gnu/libprotobuf.so (found suitable version "3.12.4", minimum required is "3") 
[2.635s] -- Config-file not installed for ZeroMQ -- checking for pkg-config
[2.640s] -- Checking for module 'libzmq >= 4'
[2.653s] --   Found libzmq , version 4.3.4
[2.686s] -- Found ZeroMQ: TRUE (Required is at least version "4") 
[2.692s] -- Checking for module 'uuid'
[2.706s] --   Found uuid, version 2.37.2
[2.735s] -- Found UUID: TRUE  
[2.739s] -- Looking for ignition-msgs5 -- found version 5.8.1
[2.740s] -- Searching for dependencies of ignition-msgs5
[2.767s] -- Looking for ignition-math6 -- found version 6.15.1
[2.774s] -- Checking for module 'tinyxml2'
[2.787s] --   Found tinyxml2, version 9.0.0
[2.817s] -- Looking for ignition-msgs5 -- found version 5.8.1
[2.821s] -- Looking for ignition-common3 -- found version 3.14.0
[2.822s] -- Searching for dependencies of ignition-common3
[2.826s] -- Looking for dlfcn.h - found
[2.828s] -- Looking for libdl - found
[2.832s] -- Found DL: TRUE  
[2.853s] -- Found tinyobjloader: /usr/lib/x86_64-linux-gnu/cmake/tinyobjloader/tinyobjloader-config.cmake (found version "2.0.0") 
[2.854s] -- Searching for <ignition-common3> component [graphics]
[2.858s] -- Looking for ignition-common3-graphics -- found version 3.14.0
[2.859s] -- Searching for dependencies of ignition-common3-graphics
[2.859s] -- Looking for ignition-math6 -- found version 6.15.1
[2.864s] -- Looking for ignition-fuel_tools4 -- found version 4.4.0
[2.865s] -- Searching for dependencies of ignition-fuel_tools4
[2.944s] -- Found CURL: /usr/lib/x86_64-linux-gnu/libcurl.so (found version "7.81.0")  
[2.955s] -- Checking for module 'jsoncpp'
[2.966s] --   Found jsoncpp, version 1.9.5
[2.996s] -- Found JSONCPP: TRUE  
[3.001s] -- Checking for module 'libzip'
[3.013s] --   Found libzip, version 1.7.3
[3.042s] -- Found ZIP: TRUE  
[3.042s] -- Looking for ignition-common3 -- found version 3.14.0
[3.043s] -- Looking for ignition-math6 -- found version 6.15.1
[3.043s] -- Looking for ignition-msgs5 -- found version 5.8.1
[3.054s] -- Gazebo version: 11.10
[3.055s] -- Checking for module 'tbb'
[3.095s] --   Found tbb, version 2021.5.0
[3.475s] -- Found ros2_control: 2.40.0 (/opt/ros/humble/share/ros2_control/cmake)
[3.479s] -- Found ros2_controllers: 2.34.0 (/opt/ros/humble/share/ros2_controllers/cmake)
[3.483s] -- Found ament_lint_auto: 0.12.10 (/opt/ros/humble/share/ament_lint_auto/cmake)
[3.580s] -- Added test 'flake8' to check Python code syntax and style conventions
[3.581s] -- Added test 'lint_cmake' to check CMake code style
[3.582s] -- Added test 'pep257' to check Python code against some of the docstring style conventions in PEP 257
[3.584s] -- Added test 'xmllint' to check XML markup files
[3.586s] -- Configuring done
[3.598s] -- Generating done
[3.601s] -- Build files have been written to: /overlay_ws/build/flower_catcher_gazebo
[3.611s] Invoked command in '/overlay_ws/build/flower_catcher_gazebo' returned '0': CMAKE_PREFIX_PATH=${CMAKE_PREFIX_PATH}:/opt/ros/humble /usr/bin/cmake /overlay_ws/src/xarm_gazebo -DAMENT_CMAKE_SYMLINK_INSTALL=1 -DCMAKE_INSTALL_PREFIX=/overlay_ws/install/flower_catcher_gazebo
[3.613s] Invoking command in '/overlay_ws/build/flower_catcher_gazebo': CMAKE_PREFIX_PATH=${CMAKE_PREFIX_PATH}:/opt/ros/humble /usr/bin/cmake --build /overlay_ws/build/flower_catcher_gazebo -- -j12 -l12
[3.653s] Invoked command in '/overlay_ws/build/flower_catcher_gazebo' returned '0': CMAKE_PREFIX_PATH=${CMAKE_PREFIX_PATH}:/opt/ros/humble /usr/bin/cmake --build /overlay_ws/build/flower_catcher_gazebo -- -j12 -l12
[3.675s] Invoking command in '/overlay_ws/build/flower_catcher_gazebo': CMAKE_PREFIX_PATH=${CMAKE_PREFIX_PATH}:/opt/ros/humble /usr/bin/cmake --install /overlay_ws/build/flower_catcher_gazebo
[3.682s] -- Install configuration: ""
[3.682s] -- Execute custom install script
[3.682s] -- Symlinking: /overlay_ws/install/flower_catcher_gazebo/share/flower_catcher_gazebo//launch/sim_xarm.launch.py
[3.691s] -- Symlinking: /overlay_ws/install/flower_catcher_gazebo/share/flower_catcher_gazebo//launch/start_world.launch.py
[3.699s] -- Symlinking: /overlay_ws/install/flower_catcher_gazebo/share/flower_catcher_gazebo//worlds/xarm.world
[3.706s] -- Symlinking: /overlay_ws/install/flower_catcher_gazebo/share/ament_index/resource_index/package_run_dependencies/flower_catcher_gazebo
[3.714s] -- Symlinking: /overlay_ws/install/flower_catcher_gazebo/share/ament_index/resource_index/parent_prefix_path/flower_catcher_gazebo
[3.722s] -- Symlinking: /overlay_ws/install/flower_catcher_gazebo/share/flower_catcher_gazebo/environment/ament_prefix_path.sh
[3.729s] -- Symlinking: /overlay_ws/install/flower_catcher_gazebo/share/flower_catcher_gazebo/environment/ament_prefix_path.dsv
[3.737s] -- Symlinking: /overlay_ws/install/flower_catcher_gazebo/share/flower_catcher_gazebo/environment/path.sh
[3.744s] -- Symlinking: /overlay_ws/install/flower_catcher_gazebo/share/flower_catcher_gazebo/environment/path.dsv
[3.752s] -- Symlinking: /overlay_ws/install/flower_catcher_gazebo/share/flower_catcher_gazebo/local_setup.bash
[3.759s] -- Symlinking: /overlay_ws/install/flower_catcher_gazebo/share/flower_catcher_gazebo/local_setup.sh
[3.767s] -- Symlinking: /overlay_ws/install/flower_catcher_gazebo/share/flower_catcher_gazebo/local_setup.zsh
[3.775s] -- Symlinking: /overlay_ws/install/flower_catcher_gazebo/share/flower_catcher_gazebo/local_setup.dsv
[3.783s] -- Symlinking: /overlay_ws/install/flower_catcher_gazebo/share/flower_catcher_gazebo/package.dsv
[3.791s] -- Symlinking: /overlay_ws/install/flower_catcher_gazebo/share/ament_index/resource_index/packages/flower_catcher_gazebo
[3.798s] -- Symlinking: /overlay_ws/install/flower_catcher_gazebo/share/flower_catcher_gazebo/cmake/flower_catcher_gazeboConfig.cmake
[3.806s] -- Symlinking: /overlay_ws/install/flower_catcher_gazebo/share/flower_catcher_gazebo/cmake/flower_catcher_gazeboConfig-version.cmake
[3.813s] -- Symlinking: /overlay_ws/install/flower_catcher_gazebo/share/flower_catcher_gazebo/package.xml
[3.822s] Invoked command in '/overlay_ws/build/flower_catcher_gazebo' returned '0': CMAKE_PREFIX_PATH=${CMAKE_PREFIX_PATH}:/opt/ros/humble /usr/bin/cmake --install /overlay_ws/build/flower_catcher_gazebo
