running develop
running egg_info
creating arm_servos_pubs_subs.egg-info
writing arm_servos_pubs_subs.egg-info/PKG-INFO
writing dependency_links to arm_servos_pubs_subs.egg-info/dependency_links.txt
writing entry points to arm_servos_pubs_subs.egg-info/entry_points.txt
writing requirements to arm_servos_pubs_subs.egg-info/requires.txt
writing top-level names to arm_servos_pubs_subs.egg-info/top_level.txt
writing manifest file 'arm_servos_pubs_subs.egg-info/SOURCES.txt'
reading manifest file 'arm_servos_pubs_subs.egg-info/SOURCES.txt'
writing manifest file 'arm_servos_pubs_subs.egg-info/SOURCES.txt'
running build_ext
Creating /overlay_ws/install/arm_servos_pubs_subs/lib/python3.10/site-packages/arm-servos-pubs-subs.egg-link (link to .)
Installing listener script to /overlay_ws/install/arm_servos_pubs_subs/lib/arm_servos_pubs_subs
Installing talker script to /overlay_ws/install/arm_servos_pubs_subs/lib/arm_servos_pubs_subs

Installed /overlay_ws/build/arm_servos_pubs_subs
running install_data
creating /overlay_ws/install/arm_servos_pubs_subs/share/ament_index
creating /overlay_ws/install/arm_servos_pubs_subs/share/ament_index/resource_index
creating /overlay_ws/install/arm_servos_pubs_subs/share/ament_index/resource_index/packages
copying resource/arm_servos_pubs_subs -> /overlay_ws/install/arm_servos_pubs_subs/share/ament_index/resource_index/packages
copying package.xml -> /overlay_ws/install/arm_servos_pubs_subs/share/arm_servos_pubs_subs
