[0.450s] Invoking command in '/overlay_ws/build/arm_servos_pubs_subs': PYTHONPATH=/overlay_ws/build/arm_servos_pubs_subs/prefix_override:/overlay_ws/install/arm_servos_pubs_subs/lib/python3.10/site-packages:${PYTHONPATH} /usr/bin/python3 setup.py develop --editable --build-directory /overlay_ws/build/arm_servos_pubs_subs/build --no-deps install_data
[0.597s] running develop
[0.598s] /usr/lib/python3/dist-packages/setuptools/command/easy_install.py:158: EasyInstallDeprecationWarning: easy_install command is deprecated. Use build and pip and other standards-based tools.
[0.598s]   warnings.warn(
[0.599s] /usr/lib/python3/dist-packages/setuptools/command/install.py:34: SetuptoolsDeprecationWarning: setup.py install is deprecated. Use build and pip and other standards-based tools.
[0.600s]   warnings.warn(
[0.670s] running egg_info
[0.670s] creating arm_servos_pubs_subs.egg-info
[0.671s] writing arm_servos_pubs_subs.egg-info/PKG-INFO
[0.671s] writing dependency_links to arm_servos_pubs_subs.egg-info/dependency_links.txt
[0.671s] writing entry points to arm_servos_pubs_subs.egg-info/entry_points.txt
[0.671s] writing requirements to arm_servos_pubs_subs.egg-info/requires.txt
[0.671s] writing top-level names to arm_servos_pubs_subs.egg-info/top_level.txt
[0.671s] writing manifest file 'arm_servos_pubs_subs.egg-info/SOURCES.txt'
[0.672s] reading manifest file 'arm_servos_pubs_subs.egg-info/SOURCES.txt'
[0.672s] writing manifest file 'arm_servos_pubs_subs.egg-info/SOURCES.txt'
[0.674s] running build_ext
[0.674s] Creating /overlay_ws/install/arm_servos_pubs_subs/lib/python3.10/site-packages/arm-servos-pubs-subs.egg-link (link to .)
[0.674s] Installing listener script to /overlay_ws/install/arm_servos_pubs_subs/lib/arm_servos_pubs_subs
[0.674s] Installing talker script to /overlay_ws/install/arm_servos_pubs_subs/lib/arm_servos_pubs_subs
[0.674s] 
[0.674s] Installed /overlay_ws/build/arm_servos_pubs_subs
[0.675s] running install_data
[0.675s] creating /overlay_ws/install/arm_servos_pubs_subs/share/ament_index
[0.675s] creating /overlay_ws/install/arm_servos_pubs_subs/share/ament_index/resource_index
[0.675s] creating /overlay_ws/install/arm_servos_pubs_subs/share/ament_index/resource_index/packages
[0.675s] copying resource/arm_servos_pubs_subs -> /overlay_ws/install/arm_servos_pubs_subs/share/ament_index/resource_index/packages
[0.675s] copying package.xml -> /overlay_ws/install/arm_servos_pubs_subs/share/arm_servos_pubs_subs
[0.696s] Invoked command in '/overlay_ws/build/arm_servos_pubs_subs' returned '0': PYTHONPATH=/overlay_ws/build/arm_servos_pubs_subs/prefix_override:/overlay_ws/install/arm_servos_pubs_subs/lib/python3.10/site-packages:${PYTHONPATH} /usr/bin/python3 setup.py develop --editable --build-directory /overlay_ws/build/arm_servos_pubs_subs/build --no-deps install_data
