-- Found ament_cmake: 1.3.8 (/opt/ros/humble/share/ament_cmake/cmake)
-- Override CMake install command with custom implementation using symlinks instead of copying resources
-- Found xacro: 2.0.8 (/opt/ros/humble/share/xacro/cmake)
-- Found ament_lint_auto: 0.12.10 (/opt/ros/humble/share/ament_lint_auto/cmake)
-- Added test 'flake8' to check Python code syntax and style conventions
-- Added test 'lint_cmake' to check CMake code style
-- Added test 'pep257' to check Python code against some of the docstring style conventions in PEP 257
-- Added test 'xmllint' to check XML markup files
-- Configuring done
-- Generating done
-- Build files have been written to: /overlay_ws/build/xarm_description
-- Install configuration: ""
-- Execute custom install script
-- Up-to-date symlink: /overlay_ws/install/xarm_description/share/xarm_description//launch/display.launch.py
-- Up-to-date symlink: /overlay_ws/install/xarm_description/share/xarm_description//meshes/stls/base.stl
-- Symlinking: /overlay_ws/install/xarm_description/share/xarm_description//meshes/stls/finger_l.stl
-- Symlinking: /overlay_ws/install/xarm_description/share/xarm_description//meshes/stls/finger_r.stl
-- Symlinking: /overlay_ws/install/xarm_description/share/xarm_description//meshes/stls/gripper_base.stl
-- Up-to-date symlink: /overlay_ws/install/xarm_description/share/xarm_description//meshes/stls/link2.stl
-- Up-to-date symlink: /overlay_ws/install/xarm_description/share/xarm_description//meshes/stls/link3.stl
-- Up-to-date symlink: /overlay_ws/install/xarm_description/share/xarm_description//meshes/stls/link4.stl
-- Up-to-date symlink: /overlay_ws/install/xarm_description/share/xarm_description//meshes/stls/link5.stl
-- Up-to-date symlink: /overlay_ws/install/xarm_description/share/xarm_description//meshes/stls/link6.stl
-- Up-to-date symlink: /overlay_ws/install/xarm_description/share/xarm_description//rviz/view_robot.rviz
-- Symlinking: /overlay_ws/install/xarm_description/share/xarm_description//urdf/gripper.urdf.xacro
-- Up-to-date symlink: /overlay_ws/install/xarm_description/share/xarm_description//urdf/xarm.urdf.xacro
-- Up-to-date symlink: /overlay_ws/install/xarm_description/share/xarm_description//urdf/xarm_world.urdf.xacro
-- Up-to-date symlink: /overlay_ws/install/xarm_description/share/ament_index/resource_index/package_run_dependencies/xarm_description
-- Up-to-date symlink: /overlay_ws/install/xarm_description/share/ament_index/resource_index/parent_prefix_path/xarm_description
-- Up-to-date symlink: /overlay_ws/install/xarm_description/share/xarm_description/environment/ament_prefix_path.sh
-- Up-to-date symlink: /overlay_ws/install/xarm_description/share/xarm_description/environment/ament_prefix_path.dsv
-- Up-to-date symlink: /overlay_ws/install/xarm_description/share/xarm_description/environment/path.sh
-- Up-to-date symlink: /overlay_ws/install/xarm_description/share/xarm_description/environment/path.dsv
-- Up-to-date symlink: /overlay_ws/install/xarm_description/share/xarm_description/local_setup.bash
-- Up-to-date symlink: /overlay_ws/install/xarm_description/share/xarm_description/local_setup.sh
-- Up-to-date symlink: /overlay_ws/install/xarm_description/share/xarm_description/local_setup.zsh
-- Up-to-date symlink: /overlay_ws/install/xarm_description/share/xarm_description/local_setup.dsv
-- Symlinking: /overlay_ws/install/xarm_description/share/xarm_description/package.dsv
-- Up-to-date symlink: /overlay_ws/install/xarm_description/share/ament_index/resource_index/packages/xarm_description
-- Up-to-date symlink: /overlay_ws/install/xarm_description/share/xarm_description/cmake/xarm_descriptionConfig.cmake
-- Up-to-date symlink: /overlay_ws/install/xarm_description/share/xarm_description/cmake/xarm_descriptionConfig-version.cmake
-- Up-to-date symlink: /overlay_ws/install/xarm_description/share/xarm_description/package.xml
