[0.014s] Invoking command in '/overlay_ws/build/xarm_description': CMAKE_PREFIX_PATH=${CMAKE_PREFIX_PATH}:/opt/ros/humble /usr/bin/cmake --build /overlay_ws/build/xarm_description -- -j12 -l12
[0.034s] -- Found ament_cmake: 1.3.8 (/opt/ros/humble/share/ament_cmake/cmake)
[0.137s] -- Override CMake install command with custom implementation using symlinks instead of copying resources
[0.143s] -- Found xacro: 2.0.8 (/opt/ros/humble/share/xacro/cmake)
[0.144s] -- Found ament_lint_auto: 0.12.10 (/opt/ros/humble/share/ament_lint_auto/cmake)
[0.212s] -- Added test 'flake8' to check Python code syntax and style conventions
[0.213s] -- Added test 'lint_cmake' to check CMake code style
[0.213s] -- Added test 'pep257' to check Python code against some of the docstring style conventions in PEP 257
[0.215s] -- Added test 'xmllint' to check XML markup files
[0.216s] -- Configuring done
[0.221s] -- Generating done
[0.222s] -- Build files have been written to: /overlay_ws/build/xarm_description
[0.241s] Invoked command in '/overlay_ws/build/xarm_description' returned '0': CMAKE_PREFIX_PATH=${CMAKE_PREFIX_PATH}:/opt/ros/humble /usr/bin/cmake --build /overlay_ws/build/xarm_description -- -j12 -l12
[0.269s] Invoking command in '/overlay_ws/build/xarm_description': CMAKE_PREFIX_PATH=${CMAKE_PREFIX_PATH}:/opt/ros/humble /usr/bin/cmake --install /overlay_ws/build/xarm_description
[0.275s] -- Install configuration: ""
[0.276s] -- Execute custom install script
[0.276s] -- Up-to-date symlink: /overlay_ws/install/xarm_description/share/xarm_description//launch/display.launch.py
[0.276s] -- Up-to-date symlink: /overlay_ws/install/xarm_description/share/xarm_description//meshes/stls/base.stl
[0.276s] -- Symlinking: /overlay_ws/install/xarm_description/share/xarm_description//meshes/stls/finger_l.stl
[0.284s] -- Symlinking: /overlay_ws/install/xarm_description/share/xarm_description//meshes/stls/finger_r.stl
[0.292s] -- Symlinking: /overlay_ws/install/xarm_description/share/xarm_description//meshes/stls/gripper_base.stl
[0.299s] -- Up-to-date symlink: /overlay_ws/install/xarm_description/share/xarm_description//meshes/stls/link2.stl
[0.299s] -- Up-to-date symlink: /overlay_ws/install/xarm_description/share/xarm_description//meshes/stls/link3.stl
[0.300s] -- Up-to-date symlink: /overlay_ws/install/xarm_description/share/xarm_description//meshes/stls/link4.stl
[0.300s] -- Up-to-date symlink: /overlay_ws/install/xarm_description/share/xarm_description//meshes/stls/link5.stl
[0.300s] -- Up-to-date symlink: /overlay_ws/install/xarm_description/share/xarm_description//meshes/stls/link6.stl
[0.300s] -- Up-to-date symlink: /overlay_ws/install/xarm_description/share/xarm_description//rviz/view_robot.rviz
[0.300s] -- Symlinking: /overlay_ws/install/xarm_description/share/xarm_description//urdf/gripper.urdf.xacro
[0.308s] -- Up-to-date symlink: /overlay_ws/install/xarm_description/share/xarm_description//urdf/xarm.urdf.xacro
[0.308s] -- Up-to-date symlink: /overlay_ws/install/xarm_description/share/xarm_description//urdf/xarm_world.urdf.xacro
[0.308s] -- Up-to-date symlink: /overlay_ws/install/xarm_description/share/ament_index/resource_index/package_run_dependencies/xarm_description
[0.308s] -- Up-to-date symlink: /overlay_ws/install/xarm_description/share/ament_index/resource_index/parent_prefix_path/xarm_description
[0.312s] -- Up-to-date symlink: /overlay_ws/install/xarm_description/share/xarm_description/environment/ament_prefix_path.sh
[0.313s] -- Up-to-date symlink: /overlay_ws/install/xarm_description/share/xarm_description/environment/ament_prefix_path.dsv
[0.313s] -- Up-to-date symlink: /overlay_ws/install/xarm_description/share/xarm_description/environment/path.sh
[0.314s] -- Up-to-date symlink: /overlay_ws/install/xarm_description/share/xarm_description/environment/path.dsv
[0.315s] -- Up-to-date symlink: /overlay_ws/install/xarm_description/share/xarm_description/local_setup.bash
[0.315s] -- Up-to-date symlink: /overlay_ws/install/xarm_description/share/xarm_description/local_setup.sh
[0.316s] -- Up-to-date symlink: /overlay_ws/install/xarm_description/share/xarm_description/local_setup.zsh
[0.317s] -- Up-to-date symlink: /overlay_ws/install/xarm_description/share/xarm_description/local_setup.dsv
[0.317s] -- Symlinking: /overlay_ws/install/xarm_description/share/xarm_description/package.dsv
[0.346s] -- Up-to-date symlink: /overlay_ws/install/xarm_description/share/ament_index/resource_index/packages/xarm_description
[0.346s] -- Up-to-date symlink: /overlay_ws/install/xarm_description/share/xarm_description/cmake/xarm_descriptionConfig.cmake
[0.347s] -- Up-to-date symlink: /overlay_ws/install/xarm_description/share/xarm_description/cmake/xarm_descriptionConfig-version.cmake
[0.347s] -- Up-to-date symlink: /overlay_ws/install/xarm_description/share/xarm_description/package.xml
[0.350s] Invoked command in '/overlay_ws/build/xarm_description' returned '0': CMAKE_PREFIX_PATH=${CMAKE_PREFIX_PATH}:/opt/ros/humble /usr/bin/cmake --install /overlay_ws/build/xarm_description
