[0.204s] DEBUG:colcon:Command line arguments: ['/usr/bin/colcon', 'build', '--symlink-install']
[0.204s] DEBUG:colcon:Parsed command line arguments: Namespace(log_base=None, log_level=None, verb_name='build', build_base='build', install_base='install', merge_install=False, symlink_install=True, test_result_base=None, continue_on_error=False, executor='parallel', parallel_workers=12, event_handlers=None, ignore_user_meta=False, metas=['./colcon.meta'], base_paths=['.'], packages_ignore=None, packages_ignore_regex=None, paths=None, packages_up_to=None, packages_up_to_regex=None, packages_above=None, packages_above_and_dependencies=None, packages_above_depth=None, packages_select_by_dep=None, packages_skip_by_dep=None, packages_skip_up_to=None, packages_select_build_failed=False, packages_skip_build_finished=False, packages_select_test_failures=False, packages_skip_test_passed=False, packages_select=None, packages_skip=None, packages_select_regex=None, packages_skip_regex=None, packages_start=None, packages_end=None, cmake_args=None, cmake_target=None, cmake_target_skip_unavailable=False, cmake_clean_cache=False, cmake_clean_first=False, cmake_force_configure=False, ament_cmake_args=None, catkin_cmake_args=None, catkin_skip_building_tests=False, mixin_files=None, mixin=None, verb_parser=<colcon_mixin.mixin.mixin_argument.MixinArgumentDecorator object at 0x72e0456fc490>, verb_extension=<colcon_core.verb.build.BuildVerb object at 0x72e04580cb20>, main=<bound method BuildVerb.main of <colcon_core.verb.build.BuildVerb object at 0x72e04580cb20>>, mixin_verb=('build',))
[0.393s] Level 1:colcon.colcon_core.package_discovery:discover_packages(colcon_meta) check parameters
[0.393s] Level 1:colcon.colcon_core.package_discovery:discover_packages(recursive) check parameters
[0.393s] Level 1:colcon.colcon_core.package_discovery:discover_packages(ignore) check parameters
[0.393s] Level 1:colcon.colcon_core.package_discovery:discover_packages(path) check parameters
[0.393s] Level 1:colcon.colcon_core.package_discovery:discover_packages(colcon_meta) discover
[0.394s] Level 1:colcon.colcon_core.package_discovery:discover_packages(recursive) discover
[0.394s] INFO:colcon.colcon_core.package_discovery:Crawling recursively for packages in '/overlay_ws'
[0.394s] Level 1:colcon.colcon_core.package_identification:_identify(.) by extensions ['ignore', 'ignore_ament_install']
[0.394s] Level 1:colcon.colcon_core.package_identification:_identify(.) by extension 'ignore'
[0.394s] Level 1:colcon.colcon_core.package_identification:_identify(.) by extension 'ignore_ament_install'
[0.394s] Level 1:colcon.colcon_core.package_identification:_identify(.) by extensions ['colcon_pkg']
[0.394s] Level 1:colcon.colcon_core.package_identification:_identify(.) by extension 'colcon_pkg'
[0.394s] Level 1:colcon.colcon_core.package_identification:_identify(.) by extensions ['colcon_meta']
[0.394s] Level 1:colcon.colcon_core.package_identification:_identify(.) by extension 'colcon_meta'
[0.394s] Level 1:colcon.colcon_core.package_identification:_identify(.) by extensions ['ros']
[0.394s] Level 1:colcon.colcon_core.package_identification:_identify(.) by extension 'ros'
[0.405s] Level 1:colcon.colcon_core.package_identification:_identify(.) by extensions ['cmake', 'python']
[0.405s] Level 1:colcon.colcon_core.package_identification:_identify(.) by extension 'cmake'
[0.405s] Level 1:colcon.colcon_core.package_identification:_identify(.) by extension 'python'
[0.405s] Level 1:colcon.colcon_core.package_identification:_identify(.) by extensions ['python_setup_py']
[0.405s] Level 1:colcon.colcon_core.package_identification:_identify(.) by extension 'python_setup_py'
[0.405s] Level 1:colcon.colcon_core.package_identification:_identify(build) by extensions ['ignore', 'ignore_ament_install']
[0.405s] Level 1:colcon.colcon_core.package_identification:_identify(build) by extension 'ignore'
[0.406s] Level 1:colcon.colcon_core.package_identification:_identify(build) ignored
[0.406s] Level 1:colcon.colcon_core.package_identification:_identify(install) by extensions ['ignore', 'ignore_ament_install']
[0.406s] Level 1:colcon.colcon_core.package_identification:_identify(install) by extension 'ignore'
[0.406s] Level 1:colcon.colcon_core.package_identification:_identify(install) ignored
[0.406s] Level 1:colcon.colcon_core.package_identification:_identify(log) by extensions ['ignore', 'ignore_ament_install']
[0.406s] Level 1:colcon.colcon_core.package_identification:_identify(log) by extension 'ignore'
[0.406s] Level 1:colcon.colcon_core.package_identification:_identify(log) ignored
[0.406s] Level 1:colcon.colcon_core.package_identification:_identify(src) by extensions ['ignore', 'ignore_ament_install']
[0.406s] Level 1:colcon.colcon_core.package_identification:_identify(src) by extension 'ignore'
[0.406s] Level 1:colcon.colcon_core.package_identification:_identify(src) by extension 'ignore_ament_install'
[0.407s] Level 1:colcon.colcon_core.package_identification:_identify(src) by extensions ['colcon_pkg']
[0.407s] Level 1:colcon.colcon_core.package_identification:_identify(src) by extension 'colcon_pkg'
[0.407s] Level 1:colcon.colcon_core.package_identification:_identify(src) by extensions ['colcon_meta']
[0.407s] Level 1:colcon.colcon_core.package_identification:_identify(src) by extension 'colcon_meta'
[0.407s] Level 1:colcon.colcon_core.package_identification:_identify(src) by extensions ['ros']
[0.407s] Level 1:colcon.colcon_core.package_identification:_identify(src) by extension 'ros'
[0.407s] Level 1:colcon.colcon_core.package_identification:_identify(src) by extensions ['cmake', 'python']
[0.407s] Level 1:colcon.colcon_core.package_identification:_identify(src) by extension 'cmake'
[0.407s] Level 1:colcon.colcon_core.package_identification:_identify(src) by extension 'python'
[0.407s] Level 1:colcon.colcon_core.package_identification:_identify(src) by extensions ['python_setup_py']
[0.407s] Level 1:colcon.colcon_core.package_identification:_identify(src) by extension 'python_setup_py'
[0.407s] Level 1:colcon.colcon_core.package_identification:_identify(src/xarm_description) by extensions ['ignore', 'ignore_ament_install']
[0.407s] Level 1:colcon.colcon_core.package_identification:_identify(src/xarm_description) by extension 'ignore'
[0.408s] Level 1:colcon.colcon_core.package_identification:_identify(src/xarm_description) by extension 'ignore_ament_install'
[0.408s] Level 1:colcon.colcon_core.package_identification:_identify(src/xarm_description) by extensions ['colcon_pkg']
[0.408s] Level 1:colcon.colcon_core.package_identification:_identify(src/xarm_description) by extension 'colcon_pkg'
[0.408s] Level 1:colcon.colcon_core.package_identification:_identify(src/xarm_description) by extensions ['colcon_meta']
[0.408s] Level 1:colcon.colcon_core.package_identification:_identify(src/xarm_description) by extension 'colcon_meta'
[0.408s] Level 1:colcon.colcon_core.package_identification:_identify(src/xarm_description) by extensions ['ros']
[0.408s] Level 1:colcon.colcon_core.package_identification:_identify(src/xarm_description) by extension 'ros'
[0.410s] DEBUG:colcon.colcon_core.package_identification:Package 'src/xarm_description' with type 'ros.ament_cmake' and name 'xarm_description'
[0.410s] Level 1:colcon.colcon_core.package_identification:_identify(src/xarm_gazebo) by extensions ['ignore', 'ignore_ament_install']
[0.410s] Level 1:colcon.colcon_core.package_identification:_identify(src/xarm_gazebo) by extension 'ignore'
[0.410s] Level 1:colcon.colcon_core.package_identification:_identify(src/xarm_gazebo) by extension 'ignore_ament_install'
[0.411s] Level 1:colcon.colcon_core.package_identification:_identify(src/xarm_gazebo) by extensions ['colcon_pkg']
[0.411s] Level 1:colcon.colcon_core.package_identification:_identify(src/xarm_gazebo) by extension 'colcon_pkg'
[0.411s] Level 1:colcon.colcon_core.package_identification:_identify(src/xarm_gazebo) by extensions ['colcon_meta']
[0.411s] Level 1:colcon.colcon_core.package_identification:_identify(src/xarm_gazebo) by extension 'colcon_meta'
[0.411s] Level 1:colcon.colcon_core.package_identification:_identify(src/xarm_gazebo) by extensions ['ros']
[0.411s] Level 1:colcon.colcon_core.package_identification:_identify(src/xarm_gazebo) by extension 'ros'
[0.413s] DEBUG:colcon.colcon_core.package_identification:Package 'src/xarm_gazebo' with type 'ros.ament_cmake' and name 'xarm_gazebo'
[0.413s] Level 1:colcon.colcon_core.package_identification:_identify(src/xarm_moveit_config) by extensions ['ignore', 'ignore_ament_install']
[0.413s] Level 1:colcon.colcon_core.package_identification:_identify(src/xarm_moveit_config) by extension 'ignore'
[0.413s] Level 1:colcon.colcon_core.package_identification:_identify(src/xarm_moveit_config) by extension 'ignore_ament_install'
[0.413s] Level 1:colcon.colcon_core.package_identification:_identify(src/xarm_moveit_config) by extensions ['colcon_pkg']
[0.413s] Level 1:colcon.colcon_core.package_identification:_identify(src/xarm_moveit_config) by extension 'colcon_pkg'
[0.413s] Level 1:colcon.colcon_core.package_identification:_identify(src/xarm_moveit_config) by extensions ['colcon_meta']
[0.413s] Level 1:colcon.colcon_core.package_identification:_identify(src/xarm_moveit_config) by extension 'colcon_meta'
[0.413s] Level 1:colcon.colcon_core.package_identification:_identify(src/xarm_moveit_config) by extensions ['ros']
[0.413s] Level 1:colcon.colcon_core.package_identification:_identify(src/xarm_moveit_config) by extension 'ros'
[0.414s] DEBUG:colcon.colcon_core.package_identification:Package 'src/xarm_moveit_config' with type 'ros.ament_cmake' and name 'xarm_moveit_config'
[0.414s] Level 1:colcon.colcon_core.package_discovery:discover_packages(recursive) using defaults
[0.414s] Level 1:colcon.colcon_core.package_discovery:discover_packages(ignore) discover
[0.414s] Level 1:colcon.colcon_core.package_discovery:discover_packages(ignore) using defaults
[0.414s] Level 1:colcon.colcon_core.package_discovery:discover_packages(path) discover
[0.414s] Level 1:colcon.colcon_core.package_discovery:discover_packages(path) using defaults
[0.450s] Level 5:colcon.colcon_core.verb:set package 'xarm_description' build argument 'cmake_args' from command line to 'None'
[0.451s] Level 5:colcon.colcon_core.verb:set package 'xarm_description' build argument 'cmake_target' from command line to 'None'
[0.451s] Level 5:colcon.colcon_core.verb:set package 'xarm_description' build argument 'cmake_target_skip_unavailable' from command line to 'False'
[0.451s] Level 5:colcon.colcon_core.verb:set package 'xarm_description' build argument 'cmake_clean_cache' from command line to 'False'
[0.451s] Level 5:colcon.colcon_core.verb:set package 'xarm_description' build argument 'cmake_clean_first' from command line to 'False'
[0.451s] Level 5:colcon.colcon_core.verb:set package 'xarm_description' build argument 'cmake_force_configure' from command line to 'False'
[0.451s] Level 5:colcon.colcon_core.verb:set package 'xarm_description' build argument 'ament_cmake_args' from command line to 'None'
[0.451s] Level 5:colcon.colcon_core.verb:set package 'xarm_description' build argument 'catkin_cmake_args' from command line to 'None'
[0.451s] Level 5:colcon.colcon_core.verb:set package 'xarm_description' build argument 'catkin_skip_building_tests' from command line to 'False'
[0.451s] DEBUG:colcon.colcon_core.verb:Building package 'xarm_description' with the following arguments: {'ament_cmake_args': None, 'build_base': '/overlay_ws/build/xarm_description', 'catkin_cmake_args': None, 'catkin_skip_building_tests': False, 'cmake_args': None, 'cmake_clean_cache': False, 'cmake_clean_first': False, 'cmake_force_configure': False, 'cmake_target': None, 'cmake_target_skip_unavailable': False, 'install_base': '/overlay_ws/install/xarm_description', 'merge_install': False, 'path': '/overlay_ws/src/xarm_description', 'symlink_install': True, 'test_result_base': None}
[0.451s] Level 5:colcon.colcon_core.verb:set package 'xarm_moveit_config' build argument 'cmake_args' from command line to 'None'
[0.451s] Level 5:colcon.colcon_core.verb:set package 'xarm_moveit_config' build argument 'cmake_target' from command line to 'None'
[0.451s] Level 5:colcon.colcon_core.verb:set package 'xarm_moveit_config' build argument 'cmake_target_skip_unavailable' from command line to 'False'
[0.451s] Level 5:colcon.colcon_core.verb:set package 'xarm_moveit_config' build argument 'cmake_clean_cache' from command line to 'False'
[0.451s] Level 5:colcon.colcon_core.verb:set package 'xarm_moveit_config' build argument 'cmake_clean_first' from command line to 'False'
[0.451s] Level 5:colcon.colcon_core.verb:set package 'xarm_moveit_config' build argument 'cmake_force_configure' from command line to 'False'
[0.451s] Level 5:colcon.colcon_core.verb:set package 'xarm_moveit_config' build argument 'ament_cmake_args' from command line to 'None'
[0.451s] Level 5:colcon.colcon_core.verb:set package 'xarm_moveit_config' build argument 'catkin_cmake_args' from command line to 'None'
[0.451s] Level 5:colcon.colcon_core.verb:set package 'xarm_moveit_config' build argument 'catkin_skip_building_tests' from command line to 'False'
[0.451s] DEBUG:colcon.colcon_core.verb:Building package 'xarm_moveit_config' with the following arguments: {'ament_cmake_args': None, 'build_base': '/overlay_ws/build/xarm_moveit_config', 'catkin_cmake_args': None, 'catkin_skip_building_tests': False, 'cmake_args': None, 'cmake_clean_cache': False, 'cmake_clean_first': False, 'cmake_force_configure': False, 'cmake_target': None, 'cmake_target_skip_unavailable': False, 'install_base': '/overlay_ws/install/xarm_moveit_config', 'merge_install': False, 'path': '/overlay_ws/src/xarm_moveit_config', 'symlink_install': True, 'test_result_base': None}
[0.452s] Level 5:colcon.colcon_core.verb:set package 'xarm_gazebo' build argument 'cmake_args' from command line to 'None'
[0.452s] Level 5:colcon.colcon_core.verb:set package 'xarm_gazebo' build argument 'cmake_target' from command line to 'None'
[0.452s] Level 5:colcon.colcon_core.verb:set package 'xarm_gazebo' build argument 'cmake_target_skip_unavailable' from command line to 'False'
[0.452s] Level 5:colcon.colcon_core.verb:set package 'xarm_gazebo' build argument 'cmake_clean_cache' from command line to 'False'
[0.452s] Level 5:colcon.colcon_core.verb:set package 'xarm_gazebo' build argument 'cmake_clean_first' from command line to 'False'
[0.452s] Level 5:colcon.colcon_core.verb:set package 'xarm_gazebo' build argument 'cmake_force_configure' from command line to 'False'
[0.452s] Level 5:colcon.colcon_core.verb:set package 'xarm_gazebo' build argument 'ament_cmake_args' from command line to 'None'
[0.452s] Level 5:colcon.colcon_core.verb:set package 'xarm_gazebo' build argument 'catkin_cmake_args' from command line to 'None'
[0.452s] Level 5:colcon.colcon_core.verb:set package 'xarm_gazebo' build argument 'catkin_skip_building_tests' from command line to 'False'
[0.452s] DEBUG:colcon.colcon_core.verb:Building package 'xarm_gazebo' with the following arguments: {'ament_cmake_args': None, 'build_base': '/overlay_ws/build/xarm_gazebo', 'catkin_cmake_args': None, 'catkin_skip_building_tests': False, 'cmake_args': None, 'cmake_clean_cache': False, 'cmake_clean_first': False, 'cmake_force_configure': False, 'cmake_target': None, 'cmake_target_skip_unavailable': False, 'install_base': '/overlay_ws/install/xarm_gazebo', 'merge_install': False, 'path': '/overlay_ws/src/xarm_gazebo', 'symlink_install': True, 'test_result_base': None}
[0.452s] INFO:colcon.colcon_core.executor:Executing jobs using 'parallel' executor
[0.454s] DEBUG:colcon.colcon_parallel_executor.executor.parallel:run_until_complete
[0.454s] INFO:colcon.colcon_ros.task.ament_cmake.build:Building ROS package in '/overlay_ws/src/xarm_description' with build type 'ament_cmake'
[0.455s] INFO:colcon.colcon_cmake.task.cmake.build:Building CMake package in '/overlay_ws/src/xarm_description'
[0.459s] INFO:colcon.colcon_core.plugin_system:Skipping extension 'colcon_core.shell.bat': Not used on non-Windows systems
[0.460s] INFO:colcon.colcon_core.shell:Skip shell extension 'powershell' for command environment: Not usable outside of PowerShell
[0.460s] DEBUG:colcon.colcon_core.shell:Skip shell extension 'dsv' for command environment
[0.475s] DEBUG:colcon.colcon_core.event_handler.log_command:Invoking command in '/overlay_ws/build/xarm_description': CMAKE_PREFIX_PATH=${CMAKE_PREFIX_PATH}:/opt/ros/humble /usr/bin/cmake --build /overlay_ws/build/xarm_description -- -j12 -l12
[0.616s] DEBUG:colcon.colcon_core.event_handler.log_command:Invoked command in '/overlay_ws/build/xarm_description' returned '0': CMAKE_PREFIX_PATH=${CMAKE_PREFIX_PATH}:/opt/ros/humble /usr/bin/cmake --build /overlay_ws/build/xarm_description -- -j12 -l12
[0.656s] DEBUG:colcon.colcon_core.event_handler.log_command:Invoking command in '/overlay_ws/build/xarm_description': CMAKE_PREFIX_PATH=${CMAKE_PREFIX_PATH}:/opt/ros/humble /usr/bin/cmake --install /overlay_ws/build/xarm_description
[0.714s] Level 1:colcon.colcon_core.environment:create_environment_scripts_only(xarm_description)
[0.715s] DEBUG:colcon.colcon_core.event_handler.log_command:Invoked command in '/overlay_ws/build/xarm_description' returned '0': CMAKE_PREFIX_PATH=${CMAKE_PREFIX_PATH}:/opt/ros/humble /usr/bin/cmake --install /overlay_ws/build/xarm_description
[0.721s] Level 1:colcon.colcon_core.environment:checking '/overlay_ws/install/xarm_description' for CMake module files
[0.722s] Level 1:colcon.colcon_core.environment:checking '/overlay_ws/install/xarm_description' for CMake config files
[0.723s] Level 1:colcon.colcon_core.shell:create_environment_hook('xarm_description', 'cmake_prefix_path')
[0.723s] INFO:colcon.colcon_core.shell:Creating environment hook '/overlay_ws/install/xarm_description/share/xarm_description/hook/cmake_prefix_path.ps1'
[0.724s] INFO:colcon.colcon_core.shell:Creating environment descriptor '/overlay_ws/install/xarm_description/share/xarm_description/hook/cmake_prefix_path.dsv'
[0.725s] INFO:colcon.colcon_core.shell:Creating environment hook '/overlay_ws/install/xarm_description/share/xarm_description/hook/cmake_prefix_path.sh'
[0.726s] Level 1:colcon.colcon_core.environment:checking '/overlay_ws/install/xarm_description/bin'
[0.726s] Level 1:colcon.colcon_core.environment:checking '/overlay_ws/install/xarm_description/lib/pkgconfig/xarm_description.pc'
[0.728s] Level 1:colcon.colcon_core.environment:checking '/overlay_ws/install/xarm_description/lib/python3.10/site-packages'
[0.729s] Level 1:colcon.colcon_core.environment:checking '/overlay_ws/install/xarm_description/bin'
[0.729s] INFO:colcon.colcon_core.shell:Creating package script '/overlay_ws/install/xarm_description/share/xarm_description/package.ps1'
[0.730s] INFO:colcon.colcon_core.shell:Creating package descriptor '/overlay_ws/install/xarm_description/share/xarm_description/package.dsv'
[0.731s] INFO:colcon.colcon_core.shell:Creating package script '/overlay_ws/install/xarm_description/share/xarm_description/package.sh'
[0.732s] INFO:colcon.colcon_core.shell:Creating package script '/overlay_ws/install/xarm_description/share/xarm_description/package.bash'
[0.733s] INFO:colcon.colcon_core.shell:Creating package script '/overlay_ws/install/xarm_description/share/xarm_description/package.zsh'
[0.734s] Level 1:colcon.colcon_core.environment:create_file_with_runtime_dependencies(/overlay_ws/install/xarm_description/share/colcon-core/packages/xarm_description)
[0.761s] Level 1:colcon.colcon_core.environment:create_environment_scripts_only(xarm_description)
[0.761s] Level 1:colcon.colcon_core.environment:checking '/overlay_ws/install/xarm_description' for CMake module files
[0.762s] Level 1:colcon.colcon_core.environment:checking '/overlay_ws/install/xarm_description' for CMake config files
[0.762s] Level 1:colcon.colcon_core.shell:create_environment_hook('xarm_description', 'cmake_prefix_path')
[0.762s] INFO:colcon.colcon_core.shell:Creating environment hook '/overlay_ws/install/xarm_description/share/xarm_description/hook/cmake_prefix_path.ps1'
[0.763s] INFO:colcon.colcon_core.shell:Creating environment descriptor '/overlay_ws/install/xarm_description/share/xarm_description/hook/cmake_prefix_path.dsv'
[0.763s] INFO:colcon.colcon_core.shell:Creating environment hook '/overlay_ws/install/xarm_description/share/xarm_description/hook/cmake_prefix_path.sh'
[0.764s] Level 1:colcon.colcon_core.environment:checking '/overlay_ws/install/xarm_description/bin'
[0.764s] Level 1:colcon.colcon_core.environment:checking '/overlay_ws/install/xarm_description/lib/pkgconfig/xarm_description.pc'
[0.765s] Level 1:colcon.colcon_core.environment:checking '/overlay_ws/install/xarm_description/lib/python3.10/site-packages'
[0.765s] Level 1:colcon.colcon_core.environment:checking '/overlay_ws/install/xarm_description/bin'
[0.765s] INFO:colcon.colcon_core.shell:Creating package script '/overlay_ws/install/xarm_description/share/xarm_description/package.ps1'
[0.766s] INFO:colcon.colcon_core.shell:Creating package descriptor '/overlay_ws/install/xarm_description/share/xarm_description/package.dsv'
[0.767s] INFO:colcon.colcon_core.shell:Creating package script '/overlay_ws/install/xarm_description/share/xarm_description/package.sh'
[0.767s] INFO:colcon.colcon_core.shell:Creating package script '/overlay_ws/install/xarm_description/share/xarm_description/package.bash'
[0.768s] INFO:colcon.colcon_core.shell:Creating package script '/overlay_ws/install/xarm_description/share/xarm_description/package.zsh'
[0.768s] Level 1:colcon.colcon_core.environment:create_file_with_runtime_dependencies(/overlay_ws/install/xarm_description/share/colcon-core/packages/xarm_description)
[0.769s] INFO:colcon.colcon_ros.task.ament_cmake.build:Building ROS package in '/overlay_ws/src/xarm_moveit_config' with build type 'ament_cmake'
[0.769s] INFO:colcon.colcon_cmake.task.cmake.build:Building CMake package in '/overlay_ws/src/xarm_moveit_config'
[0.769s] INFO:colcon.colcon_core.shell:Skip shell extension 'powershell' for command environment: Not usable outside of PowerShell
[0.769s] DEBUG:colcon.colcon_core.shell:Skip shell extension 'dsv' for command environment
[0.784s] DEBUG:colcon.colcon_core.event_handler.log_command:Invoking command in '/overlay_ws/build/xarm_moveit_config': CMAKE_PREFIX_PATH=/overlay_ws/install/xarm_description:/overlay_ws/install/xarm_gazebo:/overlay_ws/install/xarm_moveit_config:/overlay_ws/install/micro_ros_agent:/overlay_ws/install/micro_ros_msgs:/xarm_ws/install/micro_ros_setup:/opt/ros/humble /usr/bin/cmake --build /overlay_ws/build/xarm_moveit_config -- -j12 -l12
[1.150s] DEBUG:colcon.colcon_core.event_handler.log_command:Invoked command in '/overlay_ws/build/xarm_moveit_config' returned '0': CMAKE_PREFIX_PATH=/overlay_ws/install/xarm_description:/overlay_ws/install/xarm_gazebo:/overlay_ws/install/xarm_moveit_config:/overlay_ws/install/micro_ros_agent:/overlay_ws/install/micro_ros_msgs:/xarm_ws/install/micro_ros_setup:/opt/ros/humble /usr/bin/cmake --build /overlay_ws/build/xarm_moveit_config -- -j12 -l12
[1.184s] DEBUG:colcon.colcon_core.event_handler.log_command:Invoking command in '/overlay_ws/build/xarm_moveit_config': CMAKE_PREFIX_PATH=/overlay_ws/install/xarm_description:/overlay_ws/install/xarm_gazebo:/overlay_ws/install/xarm_moveit_config:/overlay_ws/install/micro_ros_agent:/overlay_ws/install/micro_ros_msgs:/xarm_ws/install/micro_ros_setup:/opt/ros/humble /usr/bin/cmake --install /overlay_ws/build/xarm_moveit_config
[1.232s] Level 1:colcon.colcon_core.environment:create_environment_scripts_only(xarm_moveit_config)
[1.232s] Level 1:colcon.colcon_core.environment:checking '/overlay_ws/install/xarm_moveit_config' for CMake module files
[1.233s] DEBUG:colcon.colcon_core.event_handler.log_command:Invoked command in '/overlay_ws/build/xarm_moveit_config' returned '0': CMAKE_PREFIX_PATH=/overlay_ws/install/xarm_description:/overlay_ws/install/xarm_gazebo:/overlay_ws/install/xarm_moveit_config:/overlay_ws/install/micro_ros_agent:/overlay_ws/install/micro_ros_msgs:/xarm_ws/install/micro_ros_setup:/opt/ros/humble /usr/bin/cmake --install /overlay_ws/build/xarm_moveit_config
[1.233s] Level 1:colcon.colcon_core.environment:checking '/overlay_ws/install/xarm_moveit_config' for CMake config files
[1.234s] Level 1:colcon.colcon_core.shell:create_environment_hook('xarm_moveit_config', 'cmake_prefix_path')
[1.234s] INFO:colcon.colcon_core.shell:Creating environment hook '/overlay_ws/install/xarm_moveit_config/share/xarm_moveit_config/hook/cmake_prefix_path.ps1'
[1.235s] INFO:colcon.colcon_core.shell:Creating environment descriptor '/overlay_ws/install/xarm_moveit_config/share/xarm_moveit_config/hook/cmake_prefix_path.dsv'
[1.235s] INFO:colcon.colcon_core.shell:Creating environment hook '/overlay_ws/install/xarm_moveit_config/share/xarm_moveit_config/hook/cmake_prefix_path.sh'
[1.236s] Level 1:colcon.colcon_core.environment:checking '/overlay_ws/install/xarm_moveit_config/bin'
[1.236s] Level 1:colcon.colcon_core.environment:checking '/overlay_ws/install/xarm_moveit_config/lib/pkgconfig/xarm_moveit_config.pc'
[1.236s] Level 1:colcon.colcon_core.environment:checking '/overlay_ws/install/xarm_moveit_config/lib/python3.10/site-packages'
[1.236s] Level 1:colcon.colcon_core.environment:checking '/overlay_ws/install/xarm_moveit_config/bin'
[1.237s] INFO:colcon.colcon_core.shell:Creating package script '/overlay_ws/install/xarm_moveit_config/share/xarm_moveit_config/package.ps1'
[1.237s] INFO:colcon.colcon_core.shell:Creating package descriptor '/overlay_ws/install/xarm_moveit_config/share/xarm_moveit_config/package.dsv'
[1.238s] INFO:colcon.colcon_core.shell:Creating package script '/overlay_ws/install/xarm_moveit_config/share/xarm_moveit_config/package.sh'
[1.238s] INFO:colcon.colcon_core.shell:Creating package script '/overlay_ws/install/xarm_moveit_config/share/xarm_moveit_config/package.bash'
[1.239s] INFO:colcon.colcon_core.shell:Creating package script '/overlay_ws/install/xarm_moveit_config/share/xarm_moveit_config/package.zsh'
[1.239s] Level 1:colcon.colcon_core.environment:create_file_with_runtime_dependencies(/overlay_ws/install/xarm_moveit_config/share/colcon-core/packages/xarm_moveit_config)
[1.272s] Level 1:colcon.colcon_core.environment:create_environment_scripts_only(xarm_moveit_config)
[1.273s] Level 1:colcon.colcon_core.environment:checking '/overlay_ws/install/xarm_moveit_config' for CMake module files
[1.273s] Level 1:colcon.colcon_core.environment:checking '/overlay_ws/install/xarm_moveit_config' for CMake config files
[1.274s] Level 1:colcon.colcon_core.shell:create_environment_hook('xarm_moveit_config', 'cmake_prefix_path')
[1.274s] INFO:colcon.colcon_core.shell:Creating environment hook '/overlay_ws/install/xarm_moveit_config/share/xarm_moveit_config/hook/cmake_prefix_path.ps1'
[1.274s] INFO:colcon.colcon_core.shell:Creating environment descriptor '/overlay_ws/install/xarm_moveit_config/share/xarm_moveit_config/hook/cmake_prefix_path.dsv'
[1.275s] INFO:colcon.colcon_core.shell:Creating environment hook '/overlay_ws/install/xarm_moveit_config/share/xarm_moveit_config/hook/cmake_prefix_path.sh'
[1.275s] Level 1:colcon.colcon_core.environment:checking '/overlay_ws/install/xarm_moveit_config/bin'
[1.276s] Level 1:colcon.colcon_core.environment:checking '/overlay_ws/install/xarm_moveit_config/lib/pkgconfig/xarm_moveit_config.pc'
[1.276s] Level 1:colcon.colcon_core.environment:checking '/overlay_ws/install/xarm_moveit_config/lib/python3.10/site-packages'
[1.276s] Level 1:colcon.colcon_core.environment:checking '/overlay_ws/install/xarm_moveit_config/bin'
[1.277s] INFO:colcon.colcon_core.shell:Creating package script '/overlay_ws/install/xarm_moveit_config/share/xarm_moveit_config/package.ps1'
[1.277s] INFO:colcon.colcon_core.shell:Creating package descriptor '/overlay_ws/install/xarm_moveit_config/share/xarm_moveit_config/package.dsv'
[1.278s] INFO:colcon.colcon_core.shell:Creating package script '/overlay_ws/install/xarm_moveit_config/share/xarm_moveit_config/package.sh'
[1.278s] INFO:colcon.colcon_core.shell:Creating package script '/overlay_ws/install/xarm_moveit_config/share/xarm_moveit_config/package.bash'
[1.279s] INFO:colcon.colcon_core.shell:Creating package script '/overlay_ws/install/xarm_moveit_config/share/xarm_moveit_config/package.zsh'
[1.279s] Level 1:colcon.colcon_core.environment:create_file_with_runtime_dependencies(/overlay_ws/install/xarm_moveit_config/share/colcon-core/packages/xarm_moveit_config)
[1.280s] INFO:colcon.colcon_ros.task.ament_cmake.build:Building ROS package in '/overlay_ws/src/xarm_gazebo' with build type 'ament_cmake'
[1.280s] INFO:colcon.colcon_cmake.task.cmake.build:Building CMake package in '/overlay_ws/src/xarm_gazebo'
[1.280s] INFO:colcon.colcon_core.shell:Skip shell extension 'powershell' for command environment: Not usable outside of PowerShell
[1.280s] DEBUG:colcon.colcon_core.shell:Skip shell extension 'dsv' for command environment
[1.297s] DEBUG:colcon.colcon_core.event_handler.log_command:Invoking command in '/overlay_ws/build/xarm_gazebo': CMAKE_PREFIX_PATH=/overlay_ws/install/xarm_moveit_config:/overlay_ws/install/xarm_description:/overlay_ws/install/xarm_gazebo:/overlay_ws/install/micro_ros_agent:/overlay_ws/install/micro_ros_msgs:/xarm_ws/install/micro_ros_setup:/opt/ros/humble /usr/bin/cmake --build /overlay_ws/build/xarm_gazebo -- -j12 -l12
[5.435s] DEBUG:colcon.colcon_core.event_handler.log_command:Invoked command in '/overlay_ws/build/xarm_gazebo' returned '0': CMAKE_PREFIX_PATH=/overlay_ws/install/xarm_moveit_config:/overlay_ws/install/xarm_description:/overlay_ws/install/xarm_gazebo:/overlay_ws/install/micro_ros_agent:/overlay_ws/install/micro_ros_msgs:/xarm_ws/install/micro_ros_setup:/opt/ros/humble /usr/bin/cmake --build /overlay_ws/build/xarm_gazebo -- -j12 -l12
[5.462s] DEBUG:colcon.colcon_core.event_handler.log_command:Invoking command in '/overlay_ws/build/xarm_gazebo': CMAKE_PREFIX_PATH=/overlay_ws/install/xarm_moveit_config:/overlay_ws/install/xarm_description:/overlay_ws/install/xarm_gazebo:/overlay_ws/install/micro_ros_agent:/overlay_ws/install/micro_ros_msgs:/xarm_ws/install/micro_ros_setup:/opt/ros/humble /usr/bin/cmake --install /overlay_ws/build/xarm_gazebo
[5.487s] Level 1:colcon.colcon_core.environment:create_environment_scripts_only(xarm_gazebo)
[5.488s] Level 1:colcon.colcon_core.environment:checking '/overlay_ws/install/xarm_gazebo' for CMake module files
[5.488s] DEBUG:colcon.colcon_core.event_handler.log_command:Invoked command in '/overlay_ws/build/xarm_gazebo' returned '0': CMAKE_PREFIX_PATH=/overlay_ws/install/xarm_moveit_config:/overlay_ws/install/xarm_description:/overlay_ws/install/xarm_gazebo:/overlay_ws/install/micro_ros_agent:/overlay_ws/install/micro_ros_msgs:/xarm_ws/install/micro_ros_setup:/opt/ros/humble /usr/bin/cmake --install /overlay_ws/build/xarm_gazebo
[5.489s] Level 1:colcon.colcon_core.environment:checking '/overlay_ws/install/xarm_gazebo' for CMake config files
[5.489s] Level 1:colcon.colcon_core.shell:create_environment_hook('xarm_gazebo', 'cmake_prefix_path')
[5.489s] INFO:colcon.colcon_core.shell:Creating environment hook '/overlay_ws/install/xarm_gazebo/share/xarm_gazebo/hook/cmake_prefix_path.ps1'
[5.490s] INFO:colcon.colcon_core.shell:Creating environment descriptor '/overlay_ws/install/xarm_gazebo/share/xarm_gazebo/hook/cmake_prefix_path.dsv'
[5.490s] INFO:colcon.colcon_core.shell:Creating environment hook '/overlay_ws/install/xarm_gazebo/share/xarm_gazebo/hook/cmake_prefix_path.sh'
[5.490s] Level 1:colcon.colcon_core.environment:checking '/overlay_ws/install/xarm_gazebo/bin'
[5.491s] Level 1:colcon.colcon_core.environment:checking '/overlay_ws/install/xarm_gazebo/lib/pkgconfig/xarm_gazebo.pc'
[5.491s] Level 1:colcon.colcon_core.environment:checking '/overlay_ws/install/xarm_gazebo/lib/python3.10/site-packages'
[5.491s] Level 1:colcon.colcon_core.environment:checking '/overlay_ws/install/xarm_gazebo/bin'
[5.491s] INFO:colcon.colcon_core.shell:Creating package script '/overlay_ws/install/xarm_gazebo/share/xarm_gazebo/package.ps1'
[5.492s] INFO:colcon.colcon_core.shell:Creating package descriptor '/overlay_ws/install/xarm_gazebo/share/xarm_gazebo/package.dsv'
[5.492s] INFO:colcon.colcon_core.shell:Creating package script '/overlay_ws/install/xarm_gazebo/share/xarm_gazebo/package.sh'
[5.493s] INFO:colcon.colcon_core.shell:Creating package script '/overlay_ws/install/xarm_gazebo/share/xarm_gazebo/package.bash'
[5.493s] INFO:colcon.colcon_core.shell:Creating package script '/overlay_ws/install/xarm_gazebo/share/xarm_gazebo/package.zsh'
[5.493s] Level 1:colcon.colcon_core.environment:create_file_with_runtime_dependencies(/overlay_ws/install/xarm_gazebo/share/colcon-core/packages/xarm_gazebo)
[5.524s] Level 1:colcon.colcon_core.environment:create_environment_scripts_only(xarm_gazebo)
[5.524s] Level 1:colcon.colcon_core.environment:checking '/overlay_ws/install/xarm_gazebo' for CMake module files
[5.525s] Level 1:colcon.colcon_core.environment:checking '/overlay_ws/install/xarm_gazebo' for CMake config files
[5.525s] Level 1:colcon.colcon_core.shell:create_environment_hook('xarm_gazebo', 'cmake_prefix_path')
[5.526s] INFO:colcon.colcon_core.shell:Creating environment hook '/overlay_ws/install/xarm_gazebo/share/xarm_gazebo/hook/cmake_prefix_path.ps1'
[5.526s] INFO:colcon.colcon_core.shell:Creating environment descriptor '/overlay_ws/install/xarm_gazebo/share/xarm_gazebo/hook/cmake_prefix_path.dsv'
[5.527s] INFO:colcon.colcon_core.shell:Creating environment hook '/overlay_ws/install/xarm_gazebo/share/xarm_gazebo/hook/cmake_prefix_path.sh'
[5.527s] Level 1:colcon.colcon_core.environment:checking '/overlay_ws/install/xarm_gazebo/bin'
[5.527s] Level 1:colcon.colcon_core.environment:checking '/overlay_ws/install/xarm_gazebo/lib/pkgconfig/xarm_gazebo.pc'
[5.528s] Level 1:colcon.colcon_core.environment:checking '/overlay_ws/install/xarm_gazebo/lib/python3.10/site-packages'
[5.528s] Level 1:colcon.colcon_core.environment:checking '/overlay_ws/install/xarm_gazebo/bin'
[5.528s] INFO:colcon.colcon_core.shell:Creating package script '/overlay_ws/install/xarm_gazebo/share/xarm_gazebo/package.ps1'
[5.529s] INFO:colcon.colcon_core.shell:Creating package descriptor '/overlay_ws/install/xarm_gazebo/share/xarm_gazebo/package.dsv'
[5.529s] INFO:colcon.colcon_core.shell:Creating package script '/overlay_ws/install/xarm_gazebo/share/xarm_gazebo/package.sh'
[5.530s] INFO:colcon.colcon_core.shell:Creating package script '/overlay_ws/install/xarm_gazebo/share/xarm_gazebo/package.bash'
[5.530s] INFO:colcon.colcon_core.shell:Creating package script '/overlay_ws/install/xarm_gazebo/share/xarm_gazebo/package.zsh'
[5.531s] Level 1:colcon.colcon_core.environment:create_file_with_runtime_dependencies(/overlay_ws/install/xarm_gazebo/share/colcon-core/packages/xarm_gazebo)
[5.531s] DEBUG:colcon.colcon_parallel_executor.executor.parallel:closing loop
[5.531s] DEBUG:colcon.colcon_parallel_executor.executor.parallel:loop closed
[5.531s] DEBUG:colcon.colcon_parallel_executor.executor.parallel:run_until_complete finished with '0'
[5.532s] DEBUG:colcon.colcon_core.event_reactor:joining thread
[5.543s] INFO:colcon.colcon_core.plugin_system:Skipping extension 'colcon_notification.desktop_notification.notify_send': Could not find 'notify-send'
[5.543s] INFO:colcon.colcon_core.plugin_system:Skipping extension 'colcon_notification.desktop_notification.terminal_notifier': Not used on non-Darwin systems
[5.543s] INFO:colcon.colcon_core.plugin_system:Skipping extension 'colcon_notification.desktop_notification.win32': Not used on non-Windows systems
[5.543s] INFO:colcon.colcon_notification.desktop_notification:Sending desktop notification using 'notify2'
[5.546s] DEBUG:colcon.colcon_notification.desktop_notification.notify2:Failed to initialize notify2: org.freedesktop.DBus.Error.Spawn.ExecFailed: /usr/bin/dbus-launch terminated abnormally without any error message
[5.547s] DEBUG:colcon.colcon_core.event_reactor:joined thread
[5.548s] INFO:colcon.colcon_core.shell:Creating prefix script '/overlay_ws/install/local_setup.ps1'
[5.549s] INFO:colcon.colcon_core.shell:Creating prefix util module '/overlay_ws/install/_local_setup_util_ps1.py'
[5.551s] INFO:colcon.colcon_core.shell:Creating prefix chain script '/overlay_ws/install/setup.ps1'
[5.554s] INFO:colcon.colcon_core.shell:Creating prefix script '/overlay_ws/install/local_setup.sh'
[5.556s] INFO:colcon.colcon_core.shell:Creating prefix util module '/overlay_ws/install/_local_setup_util_sh.py'
[5.556s] INFO:colcon.colcon_core.shell:Creating prefix chain script '/overlay_ws/install/setup.sh'
[5.558s] INFO:colcon.colcon_core.shell:Creating prefix script '/overlay_ws/install/local_setup.bash'
[5.559s] INFO:colcon.colcon_core.shell:Creating prefix chain script '/overlay_ws/install/setup.bash'
[5.568s] INFO:colcon.colcon_core.shell:Creating prefix script '/overlay_ws/install/local_setup.zsh'
[5.569s] INFO:colcon.colcon_core.shell:Creating prefix chain script '/overlay_ws/install/setup.zsh'
