-- The C compiler identification is GNU 11.4.0
-- The CXX compiler identification is GNU 11.4.0
-- Detecting C compiler ABI info
-- Detecting C compiler ABI info - done
-- Check for working C compiler: /usr/bin/cc - skipped
-- Detecting C compile features
-- Detecting C compile features - done
-- Detecting CXX compiler ABI info
-- Detecting CXX compiler ABI info - done
-- Check for working CXX compiler: /usr/bin/c++ - skipped
-- Detecting CXX compile features
-- Detecting CXX compile features - done
-- Found ament_cmake: 1.3.8 (/opt/ros/humble/share/ament_cmake/cmake)
-- Found Python3: /usr/bin/python3 (found version "3.10.12") found components: Interpreter 
-- Override CMake install command with custom implementation using symlinks instead of copying resources
[31mCMake Error at CMakeLists.txt:10 (find_package):
  By not providing "Findur_description.cmake" in CMAKE_MODULE_PATH this
  project has asked CMake to find a package configuration file provided by
  "ur_description", but CMake did not find one.

  Could not find a package configuration file provided by "ur_description"
  with any of the following names:

    ur_descriptionConfig.cmake
    ur_description-config.cmake

  Add the installation prefix of "ur_description" to CMAKE_PREFIX_PATH or set
  "ur_description_DIR" to a directory containing one of the above files.  If
  "ur_description" provides a separate development package or SDK, be sure it
  has been installed.

[0m
-- Configuring incomplete, errors occurred!
See also "/overlay_ws/build/flower_catcher_gazebo/CMakeFiles/CMakeOutput.log".
