[0.015s] Invoking command in '/overlay_ws/build/flower_catcher_gazebo': CMAKE_PREFIX_PATH=${CMAKE_PREFIX_PATH}:/opt/ros/humble /usr/bin/cmake /overlay_ws/src/xarm_gazebo -DAMENT_CMAKE_SYMLINK_INSTALL=1 -DCMAKE_INSTALL_PREFIX=/overlay_ws/install/flower_catcher_gazebo
[0.265s] -- The C compiler identification is GNU 11.4.0
[0.371s] -- The CXX compiler identification is GNU 11.4.0
[0.384s] -- Detecting C compiler ABI info
[0.456s] -- Detecting C compiler ABI info - done
[0.463s] -- Check for working C compiler: /usr/bin/cc - skipped
[0.467s] -- Detecting C compile features
[0.468s] -- Detecting C compile features - done
[0.472s] -- Detecting CXX compiler ABI info
[0.550s] -- Detecting CXX compiler ABI info - done
[0.557s] -- Check for working CXX compiler: /usr/bin/c++ - skipped
[0.557s] -- Detecting CXX compile features
[0.558s] -- Detecting CXX compile features - done
[0.563s] -- Found ament_cmake: 1.3.8 (/opt/ros/humble/share/ament_cmake/cmake)
[0.712s] -- Found Python3: /usr/bin/python3 (found version "3.10.12") found components: Interpreter 
[0.783s] -- Override CMake install command with custom implementation using symlinks instead of copying resources
[0.854s] [31mCMake Error at CMakeLists.txt:10 (find_package):
[0.854s]   By not providing "Findur_description.cmake" in CMAKE_MODULE_PATH this
[0.854s]   project has asked CMake to find a package configuration file provided by
[0.854s]   "ur_description", but CMake did not find one.
[0.854s] 
[0.854s]   Could not find a package configuration file provided by "ur_description"
[0.854s]   with any of the following names:
[0.854s] 
[0.854s]     ur_descriptionConfig.cmake
[0.855s]     ur_description-config.cmake
[0.855s] 
[0.855s]   Add the installation prefix of "ur_description" to CMAKE_PREFIX_PATH or set
[0.855s]   "ur_description_DIR" to a directory containing one of the above files.  If
[0.855s]   "ur_description" provides a separate development package or SDK, be sure it
[0.855s]   has been installed.
[0.855s] 
[0.855s] [0m
[0.855s] -- Configuring incomplete, errors occurred!
[0.855s] See also "/overlay_ws/build/flower_catcher_gazebo/CMakeFiles/CMakeOutput.log".
[0.858s] Invoked command in '/overlay_ws/build/flower_catcher_gazebo' returned '1': CMAKE_PREFIX_PATH=${CMAKE_PREFIX_PATH}:/opt/ros/humble /usr/bin/cmake /overlay_ws/src/xarm_gazebo -DAMENT_CMAKE_SYMLINK_INSTALL=1 -DCMAKE_INSTALL_PREFIX=/overlay_ws/install/flower_catcher_gazebo
