[0.040s] Invoking command in '/overlay_ws/build/micro_ros_msgs': CMAKE_PREFIX_PATH=${CMAKE_PREFIX_PATH}:/opt/ros/humble /usr/bin/cmake --build /overlay_ws/build/micro_ros_msgs -- -j12 -l12
[0.059s] -- Found ament_cmake: 1.3.8 (/opt/ros/humble/share/ament_cmake/cmake)
[0.143s] -- Found rosidl_default_generators: 1.2.0 (/opt/ros/humble/share/rosidl_default_generators/cmake)
[0.144s] -- Using all available rosidl_typesupport_c: rosidl_typesupport_fastrtps_c;rosidl_typesupport_introspection_c
[0.145s] -- Found rosidl_adapter: 3.1.5 (/opt/ros/humble/share/rosidl_adapter/cmake)
[0.163s] -- Using all available rosidl_typesupport_cpp: rosidl_typesupport_fastrtps_cpp;rosidl_typesupport_introspection_cpp
[0.180s] -- Found ament_lint_auto: 0.12.10 (/opt/ros/humble/share/ament_lint_auto/cmake)
[0.349s] -- Found ament_cmake_ros: 0.10.0 (/opt/ros/humble/share/ament_cmake_ros/cmake)
[0.468s] -- Using all available rosidl_typesupport_c: rosidl_typesupport_fastrtps_c;rosidl_typesupport_introspection_c
[0.637s] -- Using all available rosidl_typesupport_cpp: rosidl_typesupport_fastrtps_cpp;rosidl_typesupport_introspection_cpp
[0.654s] -- Found python_cmake_module: 0.10.0 (/opt/ros/humble/share/python_cmake_module/cmake)
[0.672s] -- Using PYTHON_EXECUTABLE: /usr/bin/python3
[0.673s] -- Using PYTHON_INCLUDE_DIRS: /usr/include/python3.10
[0.673s] -- Using PYTHON_LIBRARIES: /usr/lib/x86_64-linux-gnu/libpython3.10.so
[0.681s] -- Added test 'copyright' to check source files copyright and LICENSE
[0.685s] -- Added test 'lint_cmake' to check CMake code style
[0.687s] -- Added test 'xmllint' to check XML markup files
[0.688s] -- Configuring done
[0.706s] -- Generating done
[0.708s] -- Build files have been written to: /overlay_ws/build/micro_ros_msgs
[0.725s] [35m[1mConsolidate compiler generated dependencies of target micro_ros_msgs__rosidl_generator_c[0m
[0.731s] [  2%] Built target micro_ros_msgs__cpp
[0.732s] [ 12%] Built target micro_ros_msgs__rosidl_generator_c
[0.739s] [ 12%] Built target ament_cmake_python_copy_micro_ros_msgs
[0.739s] [35m[1mConsolidate compiler generated dependencies of target micro_ros_msgs__rosidl_typesupport_c[0m
[0.740s] [35m[1mConsolidate compiler generated dependencies of target micro_ros_msgs__rosidl_typesupport_introspection_c[0m
[0.741s] [35m[1mConsolidate compiler generated dependencies of target micro_ros_msgs__rosidl_typesupport_fastrtps_cpp[0m
[0.741s] [35m[1mConsolidate compiler generated dependencies of target micro_ros_msgs__rosidl_typesupport_cpp[0m
[0.741s] [35m[1mConsolidate compiler generated dependencies of target micro_ros_msgs__rosidl_typesupport_introspection_cpp[0m
[0.742s] [35m[1mConsolidate compiler generated dependencies of target micro_ros_msgs__rosidl_typesupport_fastrtps_c[0m
[0.749s] [ 23%] Built target micro_ros_msgs__rosidl_typesupport_introspection_c
[0.749s] [ 34%] Built target micro_ros_msgs__rosidl_typesupport_c
[0.754s] [ 65%] Built target micro_ros_msgs__rosidl_typesupport_fastrtps_c
[0.754s] [ 65%] Built target micro_ros_msgs__rosidl_typesupport_introspection_cpp
[0.754s] [ 65%] Built target micro_ros_msgs__rosidl_typesupport_fastrtps_cpp
[0.755s] [ 76%] Built target micro_ros_msgs__rosidl_typesupport_cpp
[0.769s] [ 76%] Built target micro_ros_msgs
[0.784s] [ 78%] Built target micro_ros_msgs__py
[0.791s] [35m[1mConsolidate compiler generated dependencies of target micro_ros_msgs__rosidl_generator_py[0m
[0.802s] [ 87%] Built target micro_ros_msgs__rosidl_generator_py
[0.809s] [35m[1mConsolidate compiler generated dependencies of target micro_ros_msgs__rosidl_typesupport_fastrtps_c__pyext[0m
[0.809s] [35m[1mConsolidate compiler generated dependencies of target micro_ros_msgs__rosidl_typesupport_introspection_c__pyext[0m
[0.809s] [35m[1mConsolidate compiler generated dependencies of target micro_ros_msgs__rosidl_typesupport_c__pyext[0m
[0.819s] [100%] Built target micro_ros_msgs__rosidl_typesupport_fastrtps_c__pyext
[0.819s] [100%] Built target micro_ros_msgs__rosidl_typesupport_c__pyext
[0.819s] [100%] Built target micro_ros_msgs__rosidl_typesupport_introspection_c__pyext
[0.877s] running egg_info
[0.878s] writing micro_ros_msgs.egg-info/PKG-INFO
[0.878s] writing dependency_links to micro_ros_msgs.egg-info/dependency_links.txt
[0.878s] writing top-level names to micro_ros_msgs.egg-info/top_level.txt
[0.880s] reading manifest file 'micro_ros_msgs.egg-info/SOURCES.txt'
[0.880s] writing manifest file 'micro_ros_msgs.egg-info/SOURCES.txt'
[0.898s] [100%] Built target ament_cmake_python_build_micro_ros_msgs_egg
[0.906s] Invoked command in '/overlay_ws/build/micro_ros_msgs' returned '0': CMAKE_PREFIX_PATH=${CMAKE_PREFIX_PATH}:/opt/ros/humble /usr/bin/cmake --build /overlay_ws/build/micro_ros_msgs -- -j12 -l12
[0.976s] Invoking command in '/overlay_ws/build/micro_ros_msgs': CMAKE_PREFIX_PATH=${CMAKE_PREFIX_PATH}:/opt/ros/humble /usr/bin/cmake --install /overlay_ws/build/micro_ros_msgs
[0.981s] -- Install configuration: ""
[0.981s] -- Up-to-date: /overlay_ws/install/micro_ros_msgs/share/ament_index/resource_index/rosidl_interfaces/micro_ros_msgs
[0.981s] -- Up-to-date: /overlay_ws/install/micro_ros_msgs/include/micro_ros_msgs/micro_ros_msgs
[0.981s] -- Up-to-date: /overlay_ws/install/micro_ros_msgs/include/micro_ros_msgs/micro_ros_msgs/msg
[0.981s] -- Up-to-date: /overlay_ws/install/micro_ros_msgs/include/micro_ros_msgs/micro_ros_msgs/msg/entity.h
[0.981s] -- Up-to-date: /overlay_ws/install/micro_ros_msgs/include/micro_ros_msgs/micro_ros_msgs/msg/detail
[0.981s] -- Up-to-date: /overlay_ws/install/micro_ros_msgs/include/micro_ros_msgs/micro_ros_msgs/msg/detail/graph__functions.c
[0.981s] -- Up-to-date: /overlay_ws/install/micro_ros_msgs/include/micro_ros_msgs/micro_ros_msgs/msg/detail/entity__type_support.h
[0.981s] -- Up-to-date: /overlay_ws/install/micro_ros_msgs/include/micro_ros_msgs/micro_ros_msgs/msg/detail/entity__functions.h
[0.981s] -- Up-to-date: /overlay_ws/install/micro_ros_msgs/include/micro_ros_msgs/micro_ros_msgs/msg/detail/graph__functions.h
[0.981s] -- Up-to-date: /overlay_ws/install/micro_ros_msgs/include/micro_ros_msgs/micro_ros_msgs/msg/detail/node__functions.c
[0.981s] -- Up-to-date: /overlay_ws/install/micro_ros_msgs/include/micro_ros_msgs/micro_ros_msgs/msg/detail/graph__struct.h
[0.981s] -- Up-to-date: /overlay_ws/install/micro_ros_msgs/include/micro_ros_msgs/micro_ros_msgs/msg/detail/graph__type_support.h
[0.981s] -- Up-to-date: /overlay_ws/install/micro_ros_msgs/include/micro_ros_msgs/micro_ros_msgs/msg/detail/entity__struct.h
[0.982s] -- Up-to-date: /overlay_ws/install/micro_ros_msgs/include/micro_ros_msgs/micro_ros_msgs/msg/detail/node__struct.h
[0.982s] -- Up-to-date: /overlay_ws/install/micro_ros_msgs/include/micro_ros_msgs/micro_ros_msgs/msg/detail/entity__functions.c
[0.982s] -- Up-to-date: /overlay_ws/install/micro_ros_msgs/include/micro_ros_msgs/micro_ros_msgs/msg/detail/node__functions.h
[0.982s] -- Up-to-date: /overlay_ws/install/micro_ros_msgs/include/micro_ros_msgs/micro_ros_msgs/msg/detail/node__type_support.h
[0.982s] -- Up-to-date: /overlay_ws/install/micro_ros_msgs/include/micro_ros_msgs/micro_ros_msgs/msg/node.h
[0.982s] -- Up-to-date: /overlay_ws/install/micro_ros_msgs/include/micro_ros_msgs/micro_ros_msgs/msg/graph.h
[0.982s] -- Up-to-date: /overlay_ws/install/micro_ros_msgs/include/micro_ros_msgs/micro_ros_msgs/msg/rosidl_generator_c__visibility_control.h
[0.982s] -- Up-to-date: /overlay_ws/install/micro_ros_msgs/share/micro_ros_msgs/environment/library_path.sh
[0.982s] -- Installing: /overlay_ws/install/micro_ros_msgs/share/micro_ros_msgs/environment/library_path.dsv
[0.982s] -- Up-to-date: /overlay_ws/install/micro_ros_msgs/lib/libmicro_ros_msgs__rosidl_generator_c.so
[0.982s] -- Up-to-date: /overlay_ws/install/micro_ros_msgs/include/micro_ros_msgs/micro_ros_msgs
[0.982s] -- Up-to-date: /overlay_ws/install/micro_ros_msgs/include/micro_ros_msgs/micro_ros_msgs/msg
[0.982s] -- Up-to-date: /overlay_ws/install/micro_ros_msgs/include/micro_ros_msgs/micro_ros_msgs/msg/rosidl_typesupport_fastrtps_c__visibility_control.h
[0.982s] -- Up-to-date: /overlay_ws/install/micro_ros_msgs/include/micro_ros_msgs/micro_ros_msgs/msg/detail
[0.982s] -- Up-to-date: /overlay_ws/install/micro_ros_msgs/include/micro_ros_msgs/micro_ros_msgs/msg/detail/graph__rosidl_typesupport_fastrtps_c.h
[0.982s] -- Up-to-date: /overlay_ws/install/micro_ros_msgs/include/micro_ros_msgs/micro_ros_msgs/msg/detail/entity__rosidl_typesupport_fastrtps_c.h
[0.982s] -- Up-to-date: /overlay_ws/install/micro_ros_msgs/include/micro_ros_msgs/micro_ros_msgs/msg/detail/node__rosidl_typesupport_fastrtps_c.h
[0.982s] -- Up-to-date: /overlay_ws/install/micro_ros_msgs/lib/libmicro_ros_msgs__rosidl_typesupport_fastrtps_c.so
[0.982s] -- Up-to-date: /overlay_ws/install/micro_ros_msgs/include/micro_ros_msgs/micro_ros_msgs
[0.982s] -- Up-to-date: /overlay_ws/install/micro_ros_msgs/include/micro_ros_msgs/micro_ros_msgs/msg
[0.982s] -- Up-to-date: /overlay_ws/install/micro_ros_msgs/include/micro_ros_msgs/micro_ros_msgs/msg/detail
[0.983s] -- Up-to-date: /overlay_ws/install/micro_ros_msgs/include/micro_ros_msgs/micro_ros_msgs/msg/detail/entity__rosidl_typesupport_introspection_c.h
[0.983s] -- Up-to-date: /overlay_ws/install/micro_ros_msgs/include/micro_ros_msgs/micro_ros_msgs/msg/detail/graph__type_support.c
[0.983s] -- Up-to-date: /overlay_ws/install/micro_ros_msgs/include/micro_ros_msgs/micro_ros_msgs/msg/detail/node__rosidl_typesupport_introspection_c.h
[0.983s] -- Up-to-date: /overlay_ws/install/micro_ros_msgs/include/micro_ros_msgs/micro_ros_msgs/msg/detail/node__type_support.c
[0.983s] -- Up-to-date: /overlay_ws/install/micro_ros_msgs/include/micro_ros_msgs/micro_ros_msgs/msg/detail/graph__rosidl_typesupport_introspection_c.h
[0.983s] -- Up-to-date: /overlay_ws/install/micro_ros_msgs/include/micro_ros_msgs/micro_ros_msgs/msg/detail/entity__type_support.c
[0.983s] -- Up-to-date: /overlay_ws/install/micro_ros_msgs/include/micro_ros_msgs/micro_ros_msgs/msg/rosidl_typesupport_introspection_c__visibility_control.h
[0.983s] -- Up-to-date: /overlay_ws/install/micro_ros_msgs/lib/libmicro_ros_msgs__rosidl_typesupport_introspection_c.so
[0.983s] -- Up-to-date: /overlay_ws/install/micro_ros_msgs/lib/libmicro_ros_msgs__rosidl_typesupport_c.so
[0.983s] -- Up-to-date: /overlay_ws/install/micro_ros_msgs/include/micro_ros_msgs/micro_ros_msgs
[0.983s] -- Up-to-date: /overlay_ws/install/micro_ros_msgs/include/micro_ros_msgs/micro_ros_msgs/msg
[0.983s] -- Up-to-date: /overlay_ws/install/micro_ros_msgs/include/micro_ros_msgs/micro_ros_msgs/msg/node.hpp
[0.983s] -- Up-to-date: /overlay_ws/install/micro_ros_msgs/include/micro_ros_msgs/micro_ros_msgs/msg/detail
[0.983s] -- Up-to-date: /overlay_ws/install/micro_ros_msgs/include/micro_ros_msgs/micro_ros_msgs/msg/detail/graph__builder.hpp
[0.983s] -- Up-to-date: /overlay_ws/install/micro_ros_msgs/include/micro_ros_msgs/micro_ros_msgs/msg/detail/node__struct.hpp
[0.983s] -- Up-to-date: /overlay_ws/install/micro_ros_msgs/include/micro_ros_msgs/micro_ros_msgs/msg/detail/node__traits.hpp
[0.983s] -- Up-to-date: /overlay_ws/install/micro_ros_msgs/include/micro_ros_msgs/micro_ros_msgs/msg/detail/graph__struct.hpp
[0.983s] -- Up-to-date: /overlay_ws/install/micro_ros_msgs/include/micro_ros_msgs/micro_ros_msgs/msg/detail/entity__traits.hpp
[0.983s] -- Up-to-date: /overlay_ws/install/micro_ros_msgs/include/micro_ros_msgs/micro_ros_msgs/msg/detail/entity__struct.hpp
[0.983s] -- Up-to-date: /overlay_ws/install/micro_ros_msgs/include/micro_ros_msgs/micro_ros_msgs/msg/detail/graph__traits.hpp
[0.983s] -- Up-to-date: /overlay_ws/install/micro_ros_msgs/include/micro_ros_msgs/micro_ros_msgs/msg/detail/entity__builder.hpp
[0.983s] -- Up-to-date: /overlay_ws/install/micro_ros_msgs/include/micro_ros_msgs/micro_ros_msgs/msg/detail/node__builder.hpp
[0.983s] -- Up-to-date: /overlay_ws/install/micro_ros_msgs/include/micro_ros_msgs/micro_ros_msgs/msg/graph.hpp
[0.984s] -- Up-to-date: /overlay_ws/install/micro_ros_msgs/include/micro_ros_msgs/micro_ros_msgs/msg/entity.hpp
[0.984s] -- Up-to-date: /overlay_ws/install/micro_ros_msgs/include/micro_ros_msgs/micro_ros_msgs
[0.984s] -- Up-to-date: /overlay_ws/install/micro_ros_msgs/include/micro_ros_msgs/micro_ros_msgs/msg
[0.984s] -- Up-to-date: /overlay_ws/install/micro_ros_msgs/include/micro_ros_msgs/micro_ros_msgs/msg/detail
[0.984s] -- Up-to-date: /overlay_ws/install/micro_ros_msgs/include/micro_ros_msgs/micro_ros_msgs/msg/detail/node__rosidl_typesupport_fastrtps_cpp.hpp
[0.984s] -- Up-to-date: /overlay_ws/install/micro_ros_msgs/include/micro_ros_msgs/micro_ros_msgs/msg/detail/dds_fastrtps
[0.984s] -- Up-to-date: /overlay_ws/install/micro_ros_msgs/include/micro_ros_msgs/micro_ros_msgs/msg/detail/graph__rosidl_typesupport_fastrtps_cpp.hpp
[0.984s] -- Up-to-date: /overlay_ws/install/micro_ros_msgs/include/micro_ros_msgs/micro_ros_msgs/msg/detail/entity__rosidl_typesupport_fastrtps_cpp.hpp
[0.984s] -- Up-to-date: /overlay_ws/install/micro_ros_msgs/include/micro_ros_msgs/micro_ros_msgs/msg/rosidl_typesupport_fastrtps_cpp__visibility_control.h
[0.984s] -- Up-to-date: /overlay_ws/install/micro_ros_msgs/lib/libmicro_ros_msgs__rosidl_typesupport_fastrtps_cpp.so
[0.984s] -- Up-to-date: /overlay_ws/install/micro_ros_msgs/include/micro_ros_msgs/micro_ros_msgs
[0.984s] -- Up-to-date: /overlay_ws/install/micro_ros_msgs/include/micro_ros_msgs/micro_ros_msgs/msg
[0.984s] -- Up-to-date: /overlay_ws/install/micro_ros_msgs/include/micro_ros_msgs/micro_ros_msgs/msg/detail
[0.984s] -- Up-to-date: /overlay_ws/install/micro_ros_msgs/include/micro_ros_msgs/micro_ros_msgs/msg/detail/node__type_support.cpp
[0.984s] -- Up-to-date: /overlay_ws/install/micro_ros_msgs/include/micro_ros_msgs/micro_ros_msgs/msg/detail/entity__type_support.cpp
[0.984s] -- Up-to-date: /overlay_ws/install/micro_ros_msgs/include/micro_ros_msgs/micro_ros_msgs/msg/detail/graph__type_support.cpp
[0.984s] -- Up-to-date: /overlay_ws/install/micro_ros_msgs/include/micro_ros_msgs/micro_ros_msgs/msg/detail/node__rosidl_typesupport_introspection_cpp.hpp
[0.984s] -- Up-to-date: /overlay_ws/install/micro_ros_msgs/include/micro_ros_msgs/micro_ros_msgs/msg/detail/graph__rosidl_typesupport_introspection_cpp.hpp
[0.984s] -- Up-to-date: /overlay_ws/install/micro_ros_msgs/include/micro_ros_msgs/micro_ros_msgs/msg/detail/entity__rosidl_typesupport_introspection_cpp.hpp
[0.984s] -- Up-to-date: /overlay_ws/install/micro_ros_msgs/lib/libmicro_ros_msgs__rosidl_typesupport_introspection_cpp.so
[0.984s] -- Up-to-date: /overlay_ws/install/micro_ros_msgs/lib/libmicro_ros_msgs__rosidl_typesupport_cpp.so
[0.984s] -- Up-to-date: /overlay_ws/install/micro_ros_msgs/share/micro_ros_msgs/environment/pythonpath.sh
[0.984s] -- Installing: /overlay_ws/install/micro_ros_msgs/share/micro_ros_msgs/environment/pythonpath.dsv
[0.984s] -- Up-to-date: /overlay_ws/install/micro_ros_msgs/local/lib/python3.10/dist-packages/micro_ros_msgs-3.0.1-py3.10.egg-info
[0.984s] -- Installing: /overlay_ws/install/micro_ros_msgs/local/lib/python3.10/dist-packages/micro_ros_msgs-3.0.1-py3.10.egg-info/PKG-INFO
[0.984s] -- Installing: /overlay_ws/install/micro_ros_msgs/local/lib/python3.10/dist-packages/micro_ros_msgs-3.0.1-py3.10.egg-info/dependency_links.txt
[0.984s] -- Installing: /overlay_ws/install/micro_ros_msgs/local/lib/python3.10/dist-packages/micro_ros_msgs-3.0.1-py3.10.egg-info/top_level.txt
[0.984s] -- Installing: /overlay_ws/install/micro_ros_msgs/local/lib/python3.10/dist-packages/micro_ros_msgs-3.0.1-py3.10.egg-info/SOURCES.txt
[0.985s] -- Up-to-date: /overlay_ws/install/micro_ros_msgs/local/lib/python3.10/dist-packages/micro_ros_msgs
[0.985s] -- Up-to-date: /overlay_ws/install/micro_ros_msgs/local/lib/python3.10/dist-packages/micro_ros_msgs/micro_ros_msgs_s__rosidl_typesupport_fastrtps_c.cpython-310-x86_64-linux-gnu.so
[0.985s] -- Up-to-date: /overlay_ws/install/micro_ros_msgs/local/lib/python3.10/dist-packages/micro_ros_msgs/libmicro_ros_msgs__rosidl_generator_py.so
[0.985s] -- Up-to-date: /overlay_ws/install/micro_ros_msgs/local/lib/python3.10/dist-packages/micro_ros_msgs/_micro_ros_msgs_s.ep.rosidl_typesupport_introspection_c.c
[0.985s] -- Up-to-date: /overlay_ws/install/micro_ros_msgs/local/lib/python3.10/dist-packages/micro_ros_msgs/micro_ros_msgs_s__rosidl_typesupport_introspection_c.cpython-310-x86_64-linux-gnu.so
[0.985s] -- Up-to-date: /overlay_ws/install/micro_ros_msgs/local/lib/python3.10/dist-packages/micro_ros_msgs/msg
[0.985s] -- Up-to-date: /overlay_ws/install/micro_ros_msgs/local/lib/python3.10/dist-packages/micro_ros_msgs/msg/_entity_s.c
[0.985s] -- Up-to-date: /overlay_ws/install/micro_ros_msgs/local/lib/python3.10/dist-packages/micro_ros_msgs/msg/_entity.py
[0.985s] -- Up-to-date: /overlay_ws/install/micro_ros_msgs/local/lib/python3.10/dist-packages/micro_ros_msgs/msg/_graph_s.c
[0.985s] -- Up-to-date: /overlay_ws/install/micro_ros_msgs/local/lib/python3.10/dist-packages/micro_ros_msgs/msg/_node.py
[0.985s] -- Up-to-date: /overlay_ws/install/micro_ros_msgs/local/lib/python3.10/dist-packages/micro_ros_msgs/msg/_node_s.c
[0.985s] -- Up-to-date: /overlay_ws/install/micro_ros_msgs/local/lib/python3.10/dist-packages/micro_ros_msgs/msg/__init__.py
[0.985s] -- Up-to-date: /overlay_ws/install/micro_ros_msgs/local/lib/python3.10/dist-packages/micro_ros_msgs/msg/_graph.py
[0.985s] -- Up-to-date: /overlay_ws/install/micro_ros_msgs/local/lib/python3.10/dist-packages/micro_ros_msgs/_micro_ros_msgs_s.ep.rosidl_typesupport_c.c
[0.985s] -- Up-to-date: /overlay_ws/install/micro_ros_msgs/local/lib/python3.10/dist-packages/micro_ros_msgs/_micro_ros_msgs_s.ep.rosidl_typesupport_fastrtps_c.c
[0.985s] -- Installing: /overlay_ws/install/micro_ros_msgs/local/lib/python3.10/dist-packages/micro_ros_msgs/__init__.py
[0.985s] -- Up-to-date: /overlay_ws/install/micro_ros_msgs/local/lib/python3.10/dist-packages/micro_ros_msgs/micro_ros_msgs_s__rosidl_typesupport_c.cpython-310-x86_64-linux-gnu.so
[1.004s] Listing '/overlay_ws/install/micro_ros_msgs/local/lib/python3.10/dist-packages/micro_ros_msgs'...
[1.004s] Compiling '/overlay_ws/install/micro_ros_msgs/local/lib/python3.10/dist-packages/micro_ros_msgs/__init__.py'...
[1.004s] Listing '/overlay_ws/install/micro_ros_msgs/local/lib/python3.10/dist-packages/micro_ros_msgs/msg'...
[1.008s] -- Up-to-date: /overlay_ws/install/micro_ros_msgs/local/lib/python3.10/dist-packages/micro_ros_msgs/micro_ros_msgs_s__rosidl_typesupport_fastrtps_c.cpython-310-x86_64-linux-gnu.so
[1.008s] -- Up-to-date: /overlay_ws/install/micro_ros_msgs/local/lib/python3.10/dist-packages/micro_ros_msgs/micro_ros_msgs_s__rosidl_typesupport_introspection_c.cpython-310-x86_64-linux-gnu.so
[1.008s] -- Up-to-date: /overlay_ws/install/micro_ros_msgs/local/lib/python3.10/dist-packages/micro_ros_msgs/micro_ros_msgs_s__rosidl_typesupport_c.cpython-310-x86_64-linux-gnu.so
[1.008s] -- Up-to-date: /overlay_ws/install/micro_ros_msgs/lib/libmicro_ros_msgs__rosidl_generator_py.so
[1.008s] -- Up-to-date: /overlay_ws/install/micro_ros_msgs/share/micro_ros_msgs/msg/Graph.idl
[1.008s] -- Up-to-date: /overlay_ws/install/micro_ros_msgs/share/micro_ros_msgs/msg/Node.idl
[1.008s] -- Up-to-date: /overlay_ws/install/micro_ros_msgs/share/micro_ros_msgs/msg/Entity.idl
[1.008s] -- Installing: /overlay_ws/install/micro_ros_msgs/share/micro_ros_msgs/msg/Graph.msg
[1.008s] -- Installing: /overlay_ws/install/micro_ros_msgs/share/micro_ros_msgs/msg/Node.msg
[1.008s] -- Installing: /overlay_ws/install/micro_ros_msgs/share/micro_ros_msgs/msg/Entity.msg
[1.008s] -- Up-to-date: /overlay_ws/install/micro_ros_msgs/share/ament_index/resource_index/package_run_dependencies/micro_ros_msgs
[1.008s] -- Up-to-date: /overlay_ws/install/micro_ros_msgs/share/ament_index/resource_index/parent_prefix_path/micro_ros_msgs
[1.008s] -- Up-to-date: /overlay_ws/install/micro_ros_msgs/share/micro_ros_msgs/environment/ament_prefix_path.sh
[1.009s] -- Installing: /overlay_ws/install/micro_ros_msgs/share/micro_ros_msgs/environment/ament_prefix_path.dsv
[1.009s] -- Up-to-date: /overlay_ws/install/micro_ros_msgs/share/micro_ros_msgs/environment/path.sh
[1.009s] -- Installing: /overlay_ws/install/micro_ros_msgs/share/micro_ros_msgs/environment/path.dsv
[1.009s] -- Up-to-date: /overlay_ws/install/micro_ros_msgs/share/micro_ros_msgs/local_setup.bash
[1.009s] -- Up-to-date: /overlay_ws/install/micro_ros_msgs/share/micro_ros_msgs/local_setup.sh
[1.009s] -- Up-to-date: /overlay_ws/install/micro_ros_msgs/share/micro_ros_msgs/local_setup.zsh
[1.009s] -- Installing: /overlay_ws/install/micro_ros_msgs/share/micro_ros_msgs/local_setup.dsv
[1.009s] -- Installing: /overlay_ws/install/micro_ros_msgs/share/micro_ros_msgs/package.dsv
[1.009s] -- Up-to-date: /overlay_ws/install/micro_ros_msgs/share/ament_index/resource_index/packages/micro_ros_msgs
[1.009s] -- Up-to-date: /overlay_ws/install/micro_ros_msgs/share/micro_ros_msgs/cmake/export_micro_ros_msgs__rosidl_generator_cExport.cmake
[1.009s] -- Up-to-date: /overlay_ws/install/micro_ros_msgs/share/micro_ros_msgs/cmake/export_micro_ros_msgs__rosidl_generator_cExport-noconfig.cmake
[1.009s] -- Up-to-date: /overlay_ws/install/micro_ros_msgs/share/micro_ros_msgs/cmake/export_micro_ros_msgs__rosidl_typesupport_fastrtps_cExport.cmake
[1.009s] -- Up-to-date: /overlay_ws/install/micro_ros_msgs/share/micro_ros_msgs/cmake/export_micro_ros_msgs__rosidl_typesupport_fastrtps_cExport-noconfig.cmake
[1.009s] -- Up-to-date: /overlay_ws/install/micro_ros_msgs/share/micro_ros_msgs/cmake/micro_ros_msgs__rosidl_typesupport_introspection_cExport.cmake
[1.009s] -- Up-to-date: /overlay_ws/install/micro_ros_msgs/share/micro_ros_msgs/cmake/micro_ros_msgs__rosidl_typesupport_introspection_cExport-noconfig.cmake
[1.009s] -- Up-to-date: /overlay_ws/install/micro_ros_msgs/share/micro_ros_msgs/cmake/micro_ros_msgs__rosidl_typesupport_cExport.cmake
[1.009s] -- Up-to-date: /overlay_ws/install/micro_ros_msgs/share/micro_ros_msgs/cmake/micro_ros_msgs__rosidl_typesupport_cExport-noconfig.cmake
[1.009s] -- Up-to-date: /overlay_ws/install/micro_ros_msgs/share/micro_ros_msgs/cmake/export_micro_ros_msgs__rosidl_generator_cppExport.cmake
[1.009s] -- Up-to-date: /overlay_ws/install/micro_ros_msgs/share/micro_ros_msgs/cmake/export_micro_ros_msgs__rosidl_typesupport_fastrtps_cppExport.cmake
[1.009s] -- Up-to-date: /overlay_ws/install/micro_ros_msgs/share/micro_ros_msgs/cmake/export_micro_ros_msgs__rosidl_typesupport_fastrtps_cppExport-noconfig.cmake
[1.010s] -- Up-to-date: /overlay_ws/install/micro_ros_msgs/share/micro_ros_msgs/cmake/micro_ros_msgs__rosidl_typesupport_introspection_cppExport.cmake
[1.010s] -- Up-to-date: /overlay_ws/install/micro_ros_msgs/share/micro_ros_msgs/cmake/micro_ros_msgs__rosidl_typesupport_introspection_cppExport-noconfig.cmake
[1.010s] -- Up-to-date: /overlay_ws/install/micro_ros_msgs/share/micro_ros_msgs/cmake/micro_ros_msgs__rosidl_typesupport_cppExport.cmake
[1.010s] -- Up-to-date: /overlay_ws/install/micro_ros_msgs/share/micro_ros_msgs/cmake/micro_ros_msgs__rosidl_typesupport_cppExport-noconfig.cmake
[1.010s] -- Up-to-date: /overlay_ws/install/micro_ros_msgs/share/micro_ros_msgs/cmake/export_micro_ros_msgs__rosidl_generator_pyExport.cmake
[1.010s] -- Up-to-date: /overlay_ws/install/micro_ros_msgs/share/micro_ros_msgs/cmake/export_micro_ros_msgs__rosidl_generator_pyExport-noconfig.cmake
[1.010s] -- Up-to-date: /overlay_ws/install/micro_ros_msgs/share/micro_ros_msgs/cmake/rosidl_cmake-extras.cmake
[1.010s] -- Up-to-date: /overlay_ws/install/micro_ros_msgs/share/micro_ros_msgs/cmake/ament_cmake_export_include_directories-extras.cmake
[1.010s] -- Up-to-date: /overlay_ws/install/micro_ros_msgs/share/micro_ros_msgs/cmake/ament_cmake_export_libraries-extras.cmake
[1.010s] -- Up-to-date: /overlay_ws/install/micro_ros_msgs/share/micro_ros_msgs/cmake/ament_cmake_export_targets-extras.cmake
[1.010s] -- Up-to-date: /overlay_ws/install/micro_ros_msgs/share/micro_ros_msgs/cmake/rosidl_cmake_export_typesupport_targets-extras.cmake
[1.010s] -- Up-to-date: /overlay_ws/install/micro_ros_msgs/share/micro_ros_msgs/cmake/ament_cmake_export_dependencies-extras.cmake
[1.010s] -- Up-to-date: /overlay_ws/install/micro_ros_msgs/share/micro_ros_msgs/cmake/rosidl_cmake_export_typesupport_libraries-extras.cmake
[1.010s] -- Up-to-date: /overlay_ws/install/micro_ros_msgs/share/micro_ros_msgs/cmake/micro_ros_msgsConfig.cmake
[1.010s] -- Up-to-date: /overlay_ws/install/micro_ros_msgs/share/micro_ros_msgs/cmake/micro_ros_msgsConfig-version.cmake
[1.010s] -- Installing: /overlay_ws/install/micro_ros_msgs/share/micro_ros_msgs/package.xml
[1.012s] Invoked command in '/overlay_ws/build/micro_ros_msgs' returned '0': CMAKE_PREFIX_PATH=${CMAKE_PREFIX_PATH}:/opt/ros/humble /usr/bin/cmake --install /overlay_ws/build/micro_ros_msgs
