[0.009s] Invoking command in '/overlay_ws/build/xarm_gazebo': CMAKE_PREFIX_PATH=/overlay_ws/install/xarm_moveit_config:/overlay_ws/install/xarm_description:/overlay_ws/install/flower_catcher_gazebo:/overlay_ws/install/micro_ros_agent:/overlay_ws/install/micro_ros_msgs:/xarm_ws/install/micro_ros_setup:/opt/ros/humble /usr/bin/cmake /overlay_ws/src/xarm_gazebo -DAMENT_CMAKE_SYMLINK_INSTALL=1 -DCMAKE_INSTALL_PREFIX=/overlay_ws/install/xarm_gazebo
[0.067s] -- The C compiler identification is GNU 11.4.0
[0.124s] -- The CXX compiler identification is GNU 11.4.0
[0.132s] -- Detecting C compiler ABI info
[0.210s] -- Detecting C compiler ABI info - done
[0.218s] -- Check for working C compiler: /usr/bin/cc - skipped
[0.218s] -- Detecting C compile features
[0.219s] -- Detecting C compile features - done
[0.222s] -- Detecting CXX compiler ABI info
[0.301s] -- Detecting CXX compiler ABI info - done
[0.309s] -- Check for working CXX compiler: /usr/bin/c++ - skipped
[0.309s] -- Detecting CXX compile features
[0.310s] -- Detecting CXX compile features - done
[0.314s] -- Found ament_cmake: 1.3.8 (/opt/ros/humble/share/ament_cmake/cmake)
[0.470s] -- Found Python3: /usr/bin/python3 (found version "3.10.12") found components: Interpreter 
[0.534s] -- Override CMake install command with custom implementation using symlinks instead of copying resources
[0.580s] -- Found xarm_description: 0.0.0 (/overlay_ws/install/xarm_description/share/xarm_description/cmake)
[0.583s] -- Found rclcpp: 16.0.8 (/opt/ros/humble/share/rclcpp/cmake)
[0.651s] -- Found rosidl_generator_c: 3.1.5 (/opt/ros/humble/share/rosidl_generator_c/cmake)
[0.661s] -- Found rosidl_adapter: 3.1.5 (/opt/ros/humble/share/rosidl_adapter/cmake)
[0.676s] -- Found rosidl_generator_cpp: 3.1.5 (/opt/ros/humble/share/rosidl_generator_cpp/cmake)
[0.698s] -- Using all available rosidl_typesupport_c: rosidl_typesupport_fastrtps_c;rosidl_typesupport_introspection_c
[0.728s] -- Using all available rosidl_typesupport_cpp: rosidl_typesupport_fastrtps_cpp;rosidl_typesupport_introspection_cpp
[0.832s] -- Found rmw_implementation_cmake: 6.1.1 (/opt/ros/humble/share/rmw_implementation_cmake/cmake)
[0.837s] -- Found rmw_cyclonedds_cpp: 1.3.4 (/opt/ros/humble/share/rmw_cyclonedds_cpp/cmake)
[0.885s] -- Using RMW implementation 'rmw_cyclonedds_cpp' as default
[0.901s] -- Looking for pthread.h
[0.968s] -- Looking for pthread.h - found
[0.968s] -- Performing Test CMAKE_HAVE_LIBC_PTHREAD
[1.045s] -- Performing Test CMAKE_HAVE_LIBC_PTHREAD - Success
[1.046s] -- Found Threads: TRUE  
[1.251s] -- Found controller_manager: 2.40.0 (/opt/ros/humble/share/controller_manager/cmake)
[2.556s] -- Found xarm_moveit_config: 0.3.0 (/overlay_ws/install/xarm_moveit_config/share/xarm_moveit_config/cmake)
[2.559s] -- Found gazebo_ros2_control: 0.4.7 (/opt/ros/humble/share/gazebo_ros2_control/cmake)
[2.884s] -- Found PkgConfig: /usr/bin/pkg-config (found version "0.29.2") 
[2.885s] -- Checking for module 'bullet>=2.82'
[2.897s] --   Found bullet, version 3.05
[3.004s] -- Found fcl: /usr/include (found suitable version "0.7.0", minimum required is "0.5.0") 
[3.047s] -- Found assimp: /usr/include (found version "5.2.0") 
[3.073s] -- Found DART: /usr/include (Required is at least version "6.6") found components: dart 
[3.116s] -- Found Boost: /usr/lib/x86_64-linux-gnu/cmake/Boost-1.74.0/BoostConfig.cmake (found suitable version "1.74.0", minimum required is "1.40.0") found components: thread system filesystem program_options regex iostreams date_time 
[3.130s] -- Found Protobuf: /usr/lib/x86_64-linux-gnu/libprotobuf.so (found version "3.12.4") 
[3.139s] -- Looking for ignition-math6 -- found version 6.15.1
[3.148s] -- Searching for dependencies of ignition-math6
[3.149s] -- Looking for OGRE...
[3.150s] -- OGRE_PREFIX_WATCH changed.
[3.155s] -- Checking for module 'OGRE'
[3.168s] --   Found OGRE, version 1.9.0
[3.197s] -- Found Ogre Ghadamon (1.9.0)
[3.206s] -- Found OGRE: optimized;/usr/lib/x86_64-linux-gnu/libOgreMain.so;debug;/usr/lib/x86_64-linux-gnu/libOgreMain.so
[3.217s] -- Looking for OGRE_Paging...
[3.222s] -- Found OGRE_Paging: optimized;/usr/lib/x86_64-linux-gnu/libOgrePaging.so;debug;/usr/lib/x86_64-linux-gnu/libOgrePaging.so
[3.222s] -- Looking for OGRE_Terrain...
[3.226s] -- Found OGRE_Terrain: optimized;/usr/lib/x86_64-linux-gnu/libOgreTerrain.so;debug;/usr/lib/x86_64-linux-gnu/libOgreTerrain.so
[3.226s] -- Looking for OGRE_Property...
[3.231s] -- Found OGRE_Property: optimized;/usr/lib/x86_64-linux-gnu/libOgreProperty.so;debug;/usr/lib/x86_64-linux-gnu/libOgreProperty.so
[3.231s] -- Looking for OGRE_RTShaderSystem...
[3.236s] -- Found OGRE_RTShaderSystem: optimized;/usr/lib/x86_64-linux-gnu/libOgreRTShaderSystem.so;debug;/usr/lib/x86_64-linux-gnu/libOgreRTShaderSystem.so
[3.236s] -- Looking for OGRE_Volume...
[3.241s] -- Found OGRE_Volume: optimized;/usr/lib/x86_64-linux-gnu/libOgreVolume.so;debug;/usr/lib/x86_64-linux-gnu/libOgreVolume.so
[3.241s] -- Looking for OGRE_Overlay...
[3.246s] -- Found OGRE_Overlay: optimized;/usr/lib/x86_64-linux-gnu/libOgreOverlay.so;debug;/usr/lib/x86_64-linux-gnu/libOgreOverlay.so
[3.363s] -- Looking for ignition-math6 -- found version 6.15.1
[3.367s] -- Looking for ignition-transport8 -- found version 8.2.1
[3.368s] -- Searching for dependencies of ignition-transport8
[3.395s] -- Found Protobuf: /usr/lib/x86_64-linux-gnu/libprotobuf.so (found suitable version "3.12.4", minimum required is "3") 
[3.413s] -- Config-file not installed for ZeroMQ -- checking for pkg-config
[3.418s] -- Checking for module 'libzmq >= 4'
[3.433s] --   Found libzmq , version 4.3.4
[3.471s] -- Found ZeroMQ: TRUE (Required is at least version "4") 
[3.478s] -- Checking for module 'uuid'
[3.493s] --   Found uuid, version 2.37.2
[3.526s] -- Found UUID: TRUE  
[3.530s] -- Looking for ignition-msgs5 -- found version 5.8.1
[3.531s] -- Searching for dependencies of ignition-msgs5
[3.555s] -- Looking for ignition-math6 -- found version 6.15.1
[3.560s] -- Checking for module 'tinyxml2'
[3.573s] --   Found tinyxml2, version 9.0.0
[3.605s] -- Looking for ignition-msgs5 -- found version 5.8.1
[3.609s] -- Looking for ignition-common3 -- found version 3.14.0
[3.610s] -- Searching for dependencies of ignition-common3
[3.610s] -- Looking for dlfcn.h - found
[3.610s] -- Looking for libdl - found
[3.612s] -- Found DL: TRUE  
[3.623s] -- Found tinyobjloader: /usr/lib/x86_64-linux-gnu/cmake/tinyobjloader/tinyobjloader-config.cmake (found version "2.0.0") 
[3.624s] -- Searching for <ignition-common3> component [graphics]
[3.628s] -- Looking for ignition-common3-graphics -- found version 3.14.0
[3.629s] -- Searching for dependencies of ignition-common3-graphics
[3.629s] -- Looking for ignition-math6 -- found version 6.15.1
[3.634s] -- Looking for ignition-fuel_tools4 -- found version 4.4.0
[3.635s] -- Searching for dependencies of ignition-fuel_tools4
[3.716s] -- Found CURL: /usr/lib/x86_64-linux-gnu/libcurl.so (found version "7.81.0")  
[3.726s] -- Checking for module 'jsoncpp'
[3.740s] --   Found jsoncpp, version 1.9.5
[3.773s] -- Found JSONCPP: TRUE  
[3.779s] -- Checking for module 'libzip'
[3.793s] --   Found libzip, version 1.7.3
[3.826s] -- Found ZIP: TRUE  
[3.826s] -- Looking for ignition-common3 -- found version 3.14.0
[3.827s] -- Looking for ignition-math6 -- found version 6.15.1
[3.827s] -- Looking for ignition-msgs5 -- found version 5.8.1
[3.832s] -- Gazebo version: 11.10
[3.832s] -- Checking for module 'tbb'
[3.846s] --   Found tbb, version 2021.5.0
[4.155s] -- Found ros2_control: 2.40.0 (/opt/ros/humble/share/ros2_control/cmake)
[4.159s] -- Found ros2_controllers: 2.34.0 (/opt/ros/humble/share/ros2_controllers/cmake)
[4.162s] -- Found ament_lint_auto: 0.12.10 (/opt/ros/humble/share/ament_lint_auto/cmake)
[4.255s] -- Added test 'flake8' to check Python code syntax and style conventions
[4.255s] -- Added test 'lint_cmake' to check CMake code style
[4.256s] -- Added test 'pep257' to check Python code against some of the docstring style conventions in PEP 257
[4.257s] -- Added test 'xmllint' to check XML markup files
[4.259s] -- Configuring done
[4.268s] -- Generating done
[4.270s] -- Build files have been written to: /overlay_ws/build/xarm_gazebo
[4.283s] Invoked command in '/overlay_ws/build/xarm_gazebo' returned '0': CMAKE_PREFIX_PATH=/overlay_ws/install/xarm_moveit_config:/overlay_ws/install/xarm_description:/overlay_ws/install/flower_catcher_gazebo:/overlay_ws/install/micro_ros_agent:/overlay_ws/install/micro_ros_msgs:/xarm_ws/install/micro_ros_setup:/opt/ros/humble /usr/bin/cmake /overlay_ws/src/xarm_gazebo -DAMENT_CMAKE_SYMLINK_INSTALL=1 -DCMAKE_INSTALL_PREFIX=/overlay_ws/install/xarm_gazebo
[4.285s] Invoking command in '/overlay_ws/build/xarm_gazebo': CMAKE_PREFIX_PATH=/overlay_ws/install/xarm_moveit_config:/overlay_ws/install/xarm_description:/overlay_ws/install/flower_catcher_gazebo:/overlay_ws/install/micro_ros_agent:/overlay_ws/install/micro_ros_msgs:/xarm_ws/install/micro_ros_setup:/opt/ros/humble /usr/bin/cmake --build /overlay_ws/build/xarm_gazebo -- -j12 -l12
[4.327s] Invoked command in '/overlay_ws/build/xarm_gazebo' returned '0': CMAKE_PREFIX_PATH=/overlay_ws/install/xarm_moveit_config:/overlay_ws/install/xarm_description:/overlay_ws/install/flower_catcher_gazebo:/overlay_ws/install/micro_ros_agent:/overlay_ws/install/micro_ros_msgs:/xarm_ws/install/micro_ros_setup:/opt/ros/humble /usr/bin/cmake --build /overlay_ws/build/xarm_gazebo -- -j12 -l12
[4.350s] Invoking command in '/overlay_ws/build/xarm_gazebo': CMAKE_PREFIX_PATH=/overlay_ws/install/xarm_moveit_config:/overlay_ws/install/xarm_description:/overlay_ws/install/flower_catcher_gazebo:/overlay_ws/install/micro_ros_agent:/overlay_ws/install/micro_ros_msgs:/xarm_ws/install/micro_ros_setup:/opt/ros/humble /usr/bin/cmake --install /overlay_ws/build/xarm_gazebo
[4.356s] -- Install configuration: ""
[4.356s] -- Execute custom install script
[4.357s] -- Symlinking: /overlay_ws/install/xarm_gazebo/share/xarm_gazebo//launch/sim_xarm.launch.py
[4.365s] -- Symlinking: /overlay_ws/install/xarm_gazebo/share/xarm_gazebo//launch/start_world.launch.py
[4.372s] -- Symlinking: /overlay_ws/install/xarm_gazebo/share/xarm_gazebo//worlds/xarm.world
[4.381s] -- Symlinking: /overlay_ws/install/xarm_gazebo/share/ament_index/resource_index/package_run_dependencies/xarm_gazebo
[4.389s] -- Symlinking: /overlay_ws/install/xarm_gazebo/share/ament_index/resource_index/parent_prefix_path/xarm_gazebo
[4.397s] -- Symlinking: /overlay_ws/install/xarm_gazebo/share/xarm_gazebo/environment/ament_prefix_path.sh
[4.405s] -- Symlinking: /overlay_ws/install/xarm_gazebo/share/xarm_gazebo/environment/ament_prefix_path.dsv
[4.412s] -- Symlinking: /overlay_ws/install/xarm_gazebo/share/xarm_gazebo/environment/path.sh
[4.419s] -- Symlinking: /overlay_ws/install/xarm_gazebo/share/xarm_gazebo/environment/path.dsv
[4.427s] -- Symlinking: /overlay_ws/install/xarm_gazebo/share/xarm_gazebo/local_setup.bash
[4.434s] -- Symlinking: /overlay_ws/install/xarm_gazebo/share/xarm_gazebo/local_setup.sh
[4.441s] -- Symlinking: /overlay_ws/install/xarm_gazebo/share/xarm_gazebo/local_setup.zsh
[4.449s] -- Symlinking: /overlay_ws/install/xarm_gazebo/share/xarm_gazebo/local_setup.dsv
[4.456s] -- Symlinking: /overlay_ws/install/xarm_gazebo/share/xarm_gazebo/package.dsv
[4.464s] -- Symlinking: /overlay_ws/install/xarm_gazebo/share/ament_index/resource_index/packages/xarm_gazebo
[4.471s] -- Symlinking: /overlay_ws/install/xarm_gazebo/share/xarm_gazebo/cmake/xarm_gazeboConfig.cmake
[4.479s] -- Symlinking: /overlay_ws/install/xarm_gazebo/share/xarm_gazebo/cmake/xarm_gazeboConfig-version.cmake
[4.487s] -- Symlinking: /overlay_ws/install/xarm_gazebo/share/xarm_gazebo/package.xml
[4.497s] Invoked command in '/overlay_ws/build/xarm_gazebo' returned '0': CMAKE_PREFIX_PATH=/overlay_ws/install/xarm_moveit_config:/overlay_ws/install/xarm_description:/overlay_ws/install/flower_catcher_gazebo:/overlay_ws/install/micro_ros_agent:/overlay_ws/install/micro_ros_msgs:/xarm_ws/install/micro_ros_setup:/opt/ros/humble /usr/bin/cmake --install /overlay_ws/build/xarm_gazebo
