[0.011s] Invoking command in '/overlay_ws/build/xarm_description': CMAKE_PREFIX_PATH=${CMAKE_PREFIX_PATH}:/opt/ros/humble /usr/bin/cmake --build /overlay_ws/build/xarm_description -- -j12 -l12
[0.035s] -- Found ament_cmake: 1.3.8 (/opt/ros/humble/share/ament_cmake/cmake)
[0.145s] -- Override CMake install command with custom implementation using symlinks instead of copying resources
[0.157s] -- Found xacro: 2.0.8 (/opt/ros/humble/share/xacro/cmake)
[0.173s] [31mCMake Error at CMakeLists.txt:11 (find_package):
[0.173s]   By not providing "Findjoint_state_publisher.cmake" in CMAKE_MODULE_PATH
[0.173s]   this project has asked CMake to find a package configuration file provided
[0.173s]   by "joint_state_publisher", but CMake did not find one.
[0.173s] 
[0.173s]   Could not find a package configuration file provided by
[0.173s]   "joint_state_publisher" with any of the following names:
[0.173s] 
[0.173s]     joint_state_publisherConfig.cmake
[0.173s]     joint_state_publisher-config.cmake
[0.173s] 
[0.173s]   Add the installation prefix of "joint_state_publisher" to CMAKE_PREFIX_PATH
[0.173s]   or set "joint_state_publisher_DIR" to a directory containing one of the
[0.173s]   above files.  If "joint_state_publisher" provides a separate development
[0.174s]   package or SDK, be sure it has been installed.
[0.174s] 
[0.174s] [0m
[0.174s] -- Configuring incomplete, errors occurred!
[0.174s] See also "/overlay_ws/build/xarm_description/CMakeFiles/CMakeOutput.log".
[0.175s] gmake: *** [Makefile:226: cmake_check_build_system] Error 1
[0.177s] Invoked command in '/overlay_ws/build/xarm_description' returned '2': CMAKE_PREFIX_PATH=${CMAKE_PREFIX_PATH}:/opt/ros/humble /usr/bin/cmake --build /overlay_ws/build/xarm_description -- -j12 -l12
