[0.011s] Invoking command in '/overlay_ws/build/xarm_description': CMAKE_PREFIX_PATH=${CMAKE_PREFIX_PATH}:/opt/ros/humble /usr/bin/cmake --build /overlay_ws/build/xarm_description -- -j12 -l12
[0.031s] -- Found ament_cmake: 1.3.8 (/opt/ros/humble/share/ament_cmake/cmake)
[0.143s] -- Override CMake install command with custom implementation using symlinks instead of copying resources
[0.150s] -- Found xacro: 2.0.8 (/opt/ros/humble/share/xacro/cmake)
[0.151s] -- Found ament_lint_auto: 0.12.10 (/opt/ros/humble/share/ament_lint_auto/cmake)
[0.216s] -- Added test 'flake8' to check Python code syntax and style conventions
[0.217s] -- Added test 'lint_cmake' to check CMake code style
[0.217s] -- Added test 'pep257' to check Python code against some of the docstring style conventions in PEP 257
[0.218s] -- Added test 'xmllint' to check XML markup files
[0.219s] -- Configuring done
[0.222s] -- Generating done
[0.222s] -- Build files have been written to: /overlay_ws/build/xarm_description
[0.242s] Invoked command in '/overlay_ws/build/xarm_description' returned '0': CMAKE_PREFIX_PATH=${CMAKE_PREFIX_PATH}:/opt/ros/humble /usr/bin/cmake --build /overlay_ws/build/xarm_description -- -j12 -l12
[0.272s] Invoking command in '/overlay_ws/build/xarm_description': CMAKE_PREFIX_PATH=${CMAKE_PREFIX_PATH}:/opt/ros/humble /usr/bin/cmake --install /overlay_ws/build/xarm_description
[0.278s] -- Install configuration: ""
[0.278s] -- Execute custom install script
[0.279s] -- Up-to-date symlink: /overlay_ws/install/xarm_description/share/xarm_description//launch/display.launch.py
[0.279s] -- Symlinking: /overlay_ws/install/xarm_description/share/xarm_description//meshes/stls/base.stl
[0.287s] -- Symlinking: /overlay_ws/install/xarm_description/share/xarm_description//meshes/stls/link2.stl
[0.294s] -- Symlinking: /overlay_ws/install/xarm_description/share/xarm_description//meshes/stls/link3.stl
[0.302s] -- Symlinking: /overlay_ws/install/xarm_description/share/xarm_description//meshes/stls/link4.stl
[0.309s] -- Symlinking: /overlay_ws/install/xarm_description/share/xarm_description//meshes/stls/link5.stl
[0.316s] -- Symlinking: /overlay_ws/install/xarm_description/share/xarm_description//meshes/stls/link6.stl
[0.324s] -- Up-to-date symlink: /overlay_ws/install/xarm_description/share/xarm_description//rviz/view_robot.rviz
[0.324s] -- Up-to-date symlink: /overlay_ws/install/xarm_description/share/xarm_description//urdf/xarm.urdf.xacro
[0.324s] -- Up-to-date symlink: /overlay_ws/install/xarm_description/share/xarm_description//urdf/xarm_world.urdf.xacro
[0.324s] -- Up-to-date symlink: /overlay_ws/install/xarm_description/share/ament_index/resource_index/package_run_dependencies/xarm_description
[0.324s] -- Up-to-date symlink: /overlay_ws/install/xarm_description/share/ament_index/resource_index/parent_prefix_path/xarm_description
[0.325s] -- Up-to-date symlink: /overlay_ws/install/xarm_description/share/xarm_description/environment/ament_prefix_path.sh
[0.325s] -- Up-to-date symlink: /overlay_ws/install/xarm_description/share/xarm_description/environment/ament_prefix_path.dsv
[0.325s] -- Up-to-date symlink: /overlay_ws/install/xarm_description/share/xarm_description/environment/path.sh
[0.325s] -- Up-to-date symlink: /overlay_ws/install/xarm_description/share/xarm_description/environment/path.dsv
[0.325s] -- Up-to-date symlink: /overlay_ws/install/xarm_description/share/xarm_description/local_setup.bash
[0.325s] -- Up-to-date symlink: /overlay_ws/install/xarm_description/share/xarm_description/local_setup.sh
[0.326s] -- Up-to-date symlink: /overlay_ws/install/xarm_description/share/xarm_description/local_setup.zsh
[0.326s] -- Up-to-date symlink: /overlay_ws/install/xarm_description/share/xarm_description/local_setup.dsv
[0.326s] -- Symlinking: /overlay_ws/install/xarm_description/share/xarm_description/package.dsv
[0.334s] -- Up-to-date symlink: /overlay_ws/install/xarm_description/share/ament_index/resource_index/packages/xarm_description
[0.335s] -- Up-to-date symlink: /overlay_ws/install/xarm_description/share/xarm_description/cmake/xarm_descriptionConfig.cmake
[0.335s] -- Up-to-date symlink: /overlay_ws/install/xarm_description/share/xarm_description/cmake/xarm_descriptionConfig-version.cmake
[0.335s] -- Up-to-date symlink: /overlay_ws/install/xarm_description/share/xarm_description/package.xml
[0.337s] Invoked command in '/overlay_ws/build/xarm_description' returned '0': CMAKE_PREFIX_PATH=${CMAKE_PREFIX_PATH}:/opt/ros/humble /usr/bin/cmake --install /overlay_ws/build/xarm_description
