[0.016s] Invoking command in '/overlay_ws/build/xarm_gazebo': CMAKE_PREFIX_PATH=/overlay_ws/install/xarm_moveit_config:/overlay_ws/install/xarm_description:/overlay_ws/install/xarm_gazebo:/overlay_ws/install/micro_ros_agent:/overlay_ws/install/micro_ros_msgs:/xarm_ws/install/micro_ros_setup:/opt/ros/humble /usr/bin/cmake --build /overlay_ws/build/xarm_gazebo -- -j12 -l12
[0.121s] -- Found ament_cmake: 1.3.8 (/opt/ros/humble/share/ament_cmake/cmake)
[0.292s] -- Override CMake install command with custom implementation using symlinks instead of copying resources
[0.304s] -- Found xarm_description: 0.0.0 (/overlay_ws/install/xarm_description/share/xarm_description/cmake)
[0.307s] -- Found rclcpp: 16.0.8 (/opt/ros/humble/share/rclcpp/cmake)
[0.365s] -- Found rosidl_generator_c: 3.1.5 (/opt/ros/humble/share/rosidl_generator_c/cmake)
[0.382s] -- Found rosidl_adapter: 3.1.5 (/opt/ros/humble/share/rosidl_adapter/cmake)
[0.396s] -- Found rosidl_generator_cpp: 3.1.5 (/opt/ros/humble/share/rosidl_generator_cpp/cmake)
[0.417s] -- Using all available rosidl_typesupport_c: rosidl_typesupport_fastrtps_c;rosidl_typesupport_introspection_c
[0.446s] -- Using all available rosidl_typesupport_cpp: rosidl_typesupport_fastrtps_cpp;rosidl_typesupport_introspection_cpp
[0.551s] -- Found rmw_implementation_cmake: 6.1.1 (/opt/ros/humble/share/rmw_implementation_cmake/cmake)
[0.555s] -- Found rmw_cyclonedds_cpp: 1.3.4 (/opt/ros/humble/share/rmw_cyclonedds_cpp/cmake)
[0.617s] -- Using RMW implementation 'rmw_cyclonedds_cpp' as default
[0.902s] -- Found controller_manager: 2.40.0 (/opt/ros/humble/share/controller_manager/cmake)
[2.355s] -- Found xarm_moveit_config: 0.3.0 (/overlay_ws/install/xarm_moveit_config/share/xarm_moveit_config/cmake)
[2.355s] -- Found gazebo_ros2_control: 0.4.7 (/opt/ros/humble/share/gazebo_ros2_control/cmake)
[2.736s] -- Found DART: /usr/include (Required is at least version "6.6") found components: dart 
[2.813s] -- Found Protobuf: /usr/lib/x86_64-linux-gnu/libprotobuf.so (found version "3.12.4") 
[2.816s] -- Looking for ignition-math6 -- found version 6.15.1
[2.826s] -- Searching for dependencies of ignition-math6
[2.828s] -- Looking for OGRE...
[2.835s] -- Found Ogre Ghadamon (1.9.0)
[2.835s] -- Found OGRE: optimized;/usr/lib/x86_64-linux-gnu/libOgreMain.so;debug;/usr/lib/x86_64-linux-gnu/libOgreMain.so
[2.846s] -- Looking for OGRE_Paging...
[2.846s] -- Found OGRE_Paging: optimized;/usr/lib/x86_64-linux-gnu/libOgrePaging.so;debug;/usr/lib/x86_64-linux-gnu/libOgrePaging.so
[2.847s] -- Looking for OGRE_Terrain...
[2.847s] -- Found OGRE_Terrain: optimized;/usr/lib/x86_64-linux-gnu/libOgreTerrain.so;debug;/usr/lib/x86_64-linux-gnu/libOgreTerrain.so
[2.847s] -- Looking for OGRE_Property...
[2.848s] -- Found OGRE_Property: optimized;/usr/lib/x86_64-linux-gnu/libOgreProperty.so;debug;/usr/lib/x86_64-linux-gnu/libOgreProperty.so
[2.848s] -- Looking for OGRE_RTShaderSystem...
[2.848s] -- Found OGRE_RTShaderSystem: optimized;/usr/lib/x86_64-linux-gnu/libOgreRTShaderSystem.so;debug;/usr/lib/x86_64-linux-gnu/libOgreRTShaderSystem.so
[2.848s] -- Looking for OGRE_Volume...
[2.848s] -- Found OGRE_Volume: optimized;/usr/lib/x86_64-linux-gnu/libOgreVolume.so;debug;/usr/lib/x86_64-linux-gnu/libOgreVolume.so
[2.848s] -- Looking for OGRE_Overlay...
[2.848s] -- Found OGRE_Overlay: optimized;/usr/lib/x86_64-linux-gnu/libOgreOverlay.so;debug;/usr/lib/x86_64-linux-gnu/libOgreOverlay.so
[2.976s] -- Looking for ignition-math6 -- found version 6.15.1
[2.977s] -- Looking for ignition-transport8 -- found version 8.2.1
[2.978s] -- Searching for dependencies of ignition-transport8
[3.019s] -- Found Protobuf: /usr/lib/x86_64-linux-gnu/libprotobuf.so (found suitable version "3.12.4", minimum required is "3") 
[3.037s] -- Config-file not installed for ZeroMQ -- checking for pkg-config
[3.043s] -- Checking for module 'libzmq >= 4'
[3.091s] --   Found libzmq , version 4.3.4
[3.160s] -- Checking for module 'uuid'
[3.177s] --   Found uuid, version 2.37.2
[3.220s] -- Looking for ignition-msgs5 -- found version 5.8.1
[3.221s] -- Searching for dependencies of ignition-msgs5
[3.251s] -- Looking for ignition-math6 -- found version 6.15.1
[3.258s] -- Looking for ignition-msgs5 -- found version 5.8.1
[3.259s] -- Looking for ignition-common3 -- found version 3.14.0
[3.260s] -- Searching for dependencies of ignition-common3
[3.260s] -- Looking for dlfcn.h - found
[3.260s] -- Looking for libdl - found
[3.272s] -- Searching for <ignition-common3> component [graphics]
[3.273s] -- Looking for ignition-common3-graphics -- found version 3.14.0
[3.274s] -- Searching for dependencies of ignition-common3-graphics
[3.274s] -- Looking for ignition-math6 -- found version 6.15.1
[3.275s] -- Looking for ignition-fuel_tools4 -- found version 4.4.0
[3.276s] -- Searching for dependencies of ignition-fuel_tools4
[3.354s] -- Checking for module 'jsoncpp'
[3.401s] --   Found jsoncpp, version 1.9.5
[3.544s] -- Checking for module 'libzip'
[3.590s] --   Found libzip, version 1.7.3
[3.708s] -- Looking for ignition-common3 -- found version 3.14.0
[3.710s] -- Looking for ignition-math6 -- found version 6.15.1
[3.711s] -- Looking for ignition-msgs5 -- found version 5.8.1
[3.723s] -- Gazebo version: 11.10
[4.000s] -- Found ros2_control: 2.40.0 (/opt/ros/humble/share/ros2_control/cmake)
[4.001s] -- Found ros2_controllers: 2.34.0 (/opt/ros/humble/share/ros2_controllers/cmake)
[4.005s] -- Found ament_lint_auto: 0.12.10 (/opt/ros/humble/share/ament_lint_auto/cmake)
[4.104s] -- Added test 'flake8' to check Python code syntax and style conventions
[4.105s] -- Added test 'lint_cmake' to check CMake code style
[4.106s] -- Added test 'pep257' to check Python code against some of the docstring style conventions in PEP 257
[4.108s] -- Added test 'xmllint' to check XML markup files
[4.109s] -- Configuring done
[4.120s] -- Generating done
[4.123s] -- Build files have been written to: /overlay_ws/build/xarm_gazebo
[4.154s] Invoked command in '/overlay_ws/build/xarm_gazebo' returned '0': CMAKE_PREFIX_PATH=/overlay_ws/install/xarm_moveit_config:/overlay_ws/install/xarm_description:/overlay_ws/install/xarm_gazebo:/overlay_ws/install/micro_ros_agent:/overlay_ws/install/micro_ros_msgs:/xarm_ws/install/micro_ros_setup:/opt/ros/humble /usr/bin/cmake --build /overlay_ws/build/xarm_gazebo -- -j12 -l12
[4.181s] Invoking command in '/overlay_ws/build/xarm_gazebo': CMAKE_PREFIX_PATH=/overlay_ws/install/xarm_moveit_config:/overlay_ws/install/xarm_description:/overlay_ws/install/xarm_gazebo:/overlay_ws/install/micro_ros_agent:/overlay_ws/install/micro_ros_msgs:/xarm_ws/install/micro_ros_setup:/opt/ros/humble /usr/bin/cmake --install /overlay_ws/build/xarm_gazebo
[4.189s] -- Install configuration: ""
[4.189s] -- Execute custom install script
[4.190s] -- Up-to-date symlink: /overlay_ws/install/xarm_gazebo/share/xarm_gazebo//launch/sim_xarm.launch.py
[4.190s] -- Up-to-date symlink: /overlay_ws/install/xarm_gazebo/share/xarm_gazebo//launch/start_world.launch.py
[4.190s] -- Up-to-date symlink: /overlay_ws/install/xarm_gazebo/share/xarm_gazebo//worlds/xarm.world
[4.191s] -- Up-to-date symlink: /overlay_ws/install/xarm_gazebo/share/ament_index/resource_index/package_run_dependencies/xarm_gazebo
[4.191s] -- Up-to-date symlink: /overlay_ws/install/xarm_gazebo/share/ament_index/resource_index/parent_prefix_path/xarm_gazebo
[4.191s] -- Up-to-date symlink: /overlay_ws/install/xarm_gazebo/share/xarm_gazebo/environment/ament_prefix_path.sh
[4.191s] -- Up-to-date symlink: /overlay_ws/install/xarm_gazebo/share/xarm_gazebo/environment/ament_prefix_path.dsv
[4.192s] -- Up-to-date symlink: /overlay_ws/install/xarm_gazebo/share/xarm_gazebo/environment/path.sh
[4.192s] -- Up-to-date symlink: /overlay_ws/install/xarm_gazebo/share/xarm_gazebo/environment/path.dsv
[4.192s] -- Up-to-date symlink: /overlay_ws/install/xarm_gazebo/share/xarm_gazebo/local_setup.bash
[4.192s] -- Up-to-date symlink: /overlay_ws/install/xarm_gazebo/share/xarm_gazebo/local_setup.sh
[4.192s] -- Up-to-date symlink: /overlay_ws/install/xarm_gazebo/share/xarm_gazebo/local_setup.zsh
[4.193s] -- Up-to-date symlink: /overlay_ws/install/xarm_gazebo/share/xarm_gazebo/local_setup.dsv
[4.193s] -- Symlinking: /overlay_ws/install/xarm_gazebo/share/xarm_gazebo/package.dsv
[4.204s] -- Up-to-date symlink: /overlay_ws/install/xarm_gazebo/share/ament_index/resource_index/packages/xarm_gazebo
[4.204s] -- Up-to-date symlink: /overlay_ws/install/xarm_gazebo/share/xarm_gazebo/cmake/xarm_gazeboConfig.cmake
[4.204s] -- Up-to-date symlink: /overlay_ws/install/xarm_gazebo/share/xarm_gazebo/cmake/xarm_gazeboConfig-version.cmake
[4.204s] -- Up-to-date symlink: /overlay_ws/install/xarm_gazebo/share/xarm_gazebo/package.xml
[4.207s] Invoked command in '/overlay_ws/build/xarm_gazebo' returned '0': CMAKE_PREFIX_PATH=/overlay_ws/install/xarm_moveit_config:/overlay_ws/install/xarm_description:/overlay_ws/install/xarm_gazebo:/overlay_ws/install/micro_ros_agent:/overlay_ws/install/micro_ros_msgs:/xarm_ws/install/micro_ros_setup:/opt/ros/humble /usr/bin/cmake --install /overlay_ws/build/xarm_gazebo
